#
# There is insufficient memory for the Java Runtime Environment to continue.
# Native memory allocation (malloc) failed to allocate 1047376 bytes. Error detail: Chunk::new
# Possible reasons:
#   The system is out of physical RAM or swap space
#   This process is running with CompressedOops enabled, and the Java Heap may be blocking the growth of the native heap
# Possible solutions:
#   Reduce memory load on the system
#   Increase physical memory or swap space
#   Check if swap backing store is full
#   Decrease Java heap size (-Xmx/-Xms)
#   Decrease number of Java threads
#   Decrease Java thread stack sizes (-Xss)
#   Set larger code cache with -XX:ReservedCodeCacheSize=
#   JVM is running with Unscaled Compressed Oops mode in which the Java heap is
#     placed in the first 4GB address space. The Java Heap base address is the
#     maximum limit for the native heap growth. Please use -XX:HeapBaseMinAddress
#     to set the Java Heap base and to place the Java Heap above 4GB virtual address.
# This output file may be truncated or incomplete.
#
#  Out of Memory Error (arena.cpp:162), pid=8924, tid=13480
#
# JRE version: Java(TM) SE Runtime Environment (24.0.2+12) (build 24.0.2+12-54)
# Java VM: Java HotSpot(TM) 64-Bit Server VM (24.0.2+12-54, mixed mode, sharing, tiered, compressed oops, compressed class ptrs, g1 gc, windows-amd64)
# No core dump will be written. Minidumps are not enabled by default on client versions of Windows
#

---------------  S U M M A R Y ------------

Command Line: -javaagent:C:\Program Files\JetBrains\IntelliJ IDEA 2025.2.2\lib\idea_rt.jar=54734 -Dfile.encoding=UTF-8 -Dsun.stdout.encoding=UTF-8 -Dsun.stderr.encoding=UTF-8 App

Host: AMD Ryzen 3 5300U with Radeon Graphics         , 4 cores, 7G,  Windows 11 , 64 bit Build 26100 (10.0.26100.6725)
Time: Thu Oct 30 20:14:59 2025 SE Asia Standard Time elapsed time: 10.250002 seconds (0d 0h 0m 10s)

---------------  T H R E A D  ---------------

Current thread (0x000001dc846dd1c0):  JavaThread "C2 CompilerThread0" daemon [_thread_in_native, id=13480, stack(0x000000b3a0500000,0x000000b3a0600000) (1024K)]


Current CompileTask:
C2:10250 1621   !   4       sun.java2d.SunGraphics2D::drawImage (202 bytes)

Stack: [0x000000b3a0500000,0x000000b3a0600000]
Native frames: (J=compiled Java code, j=interpreted, Vv=VM code, C=native code)
V  [jvm.dll+0x730829]  (no source info available)
V  [jvm.dll+0x8d9da3]  (no source info available)
V  [jvm.dll+0x8dc28d]  (no source info available)
V  [jvm.dll+0x8dc903]  (no source info available)
V  [jvm.dll+0x2a9f56]  (no source info available)
V  [jvm.dll+0xced7f]  (no source info available)
V  [jvm.dll+0xcefdf]  (no source info available)
V  [jvm.dll+0x3f3642]  (no source info available)
V  [jvm.dll+0x3c0040]  (no source info available)
V  [jvm.dll+0x3bf4ca]  (no source info available)
V  [jvm.dll+0x26f637]  (no source info available)
V  [jvm.dll+0x26e8ff]  (no source info available)
V  [jvm.dll+0x1e9c90]  (no source info available)
V  [jvm.dll+0x27e0cb]  (no source info available)
V  [jvm.dll+0x27c36a]  (no source info available)
V  [jvm.dll+0x42f396]  (no source info available)
V  [jvm.dll+0x87d9eb]  (no source info available)
V  [jvm.dll+0x72ef45]  (no source info available)
C  [ucrtbase.dll+0x37b0]  (no source info available)
C  [KERNEL32.DLL+0x2e8d7]  (no source info available)
C  [ntdll.dll+0x8c53c]  (no source info available)

Lock stack of current Java thread (top to bottom):


---------------  P R O C E S S  ---------------

Threads class SMR info:
_java_thread_list=0x000001dcca73e800, length=18, elements={
0x000001dc846c0360, 0x000001dc846c1b80, 0x000001dc846c7ac0, 0x000001dc846c85f0,
0x000001dc846cb440, 0x000001dc846cd3b0, 0x000001dc846dd1c0, 0x000001dc846e3200,
0x000001dc84893820, 0x000001dc84892980, 0x000001dc848930d0, 0x000001dc84893f70,
0x000001dc84892230, 0x000001dc84894e10, 0x000001dcca6ae7f0, 0x000001dcca6acab0,
0x000001dcca6aef40, 0x000001dcca6af690
}

Java Threads: ( => current thread )
  0x000001dc846c0360 JavaThread "Reference Handler"          daemon [_thread_blocked, id=2608, stack(0x000000b39ff00000,0x000000b3a0000000) (1024K)]
  0x000001dc846c1b80 JavaThread "Finalizer"                  daemon [_thread_blocked, id=3336, stack(0x000000b3a0000000,0x000000b3a0100000) (1024K)]
  0x000001dc846c7ac0 JavaThread "Signal Dispatcher"          daemon [_thread_blocked, id=10900, stack(0x000000b3a0100000,0x000000b3a0200000) (1024K)]
  0x000001dc846c85f0 JavaThread "Attach Listener"            daemon [_thread_blocked, id=284, stack(0x000000b3a0200000,0x000000b3a0300000) (1024K)]
  0x000001dc846cb440 JavaThread "Service Thread"             daemon [_thread_blocked, id=7048, stack(0x000000b3a0300000,0x000000b3a0400000) (1024K)]
  0x000001dc846cd3b0 JavaThread "Monitor Deflation Thread"   daemon [_thread_blocked, id=13308, stack(0x000000b3a0400000,0x000000b3a0500000) (1024K)]
=>0x000001dc846dd1c0 JavaThread "C2 CompilerThread0"         daemon [_thread_in_native, id=13480, stack(0x000000b3a0500000,0x000000b3a0600000) (1024K)]
  0x000001dc846e3200 JavaThread "C1 CompilerThread0"         daemon [_thread_blocked, id=10560, stack(0x000000b3a0600000,0x000000b3a0700000) (1024K)]
  0x000001dc84893820 JavaThread "Common-Cleaner"             daemon [_thread_blocked, id=4756, stack(0x000000b3a0700000,0x000000b3a0800000) (1024K)]
  0x000001dc84892980 JavaThread "Monitor Ctrl-Break"         daemon [_thread_in_native, id=13724, stack(0x000000b3a0800000,0x000000b3a0900000) (1024K)]
  0x000001dc848930d0 JavaThread "Notification Thread"        daemon [_thread_blocked, id=13976, stack(0x000000b3a0900000,0x000000b3a0a00000) (1024K)]
  0x000001dc84893f70 JavaThread "Java2D Disposer"            daemon [_thread_blocked, id=8816, stack(0x000000b3a0a00000,0x000000b3a0b00000) (1024K)]
  0x000001dc84892230 JavaThread "AWT-Shutdown"                      [_thread_blocked, id=8052, stack(0x000000b3a0b00000,0x000000b3a0c00000) (1024K)]
  0x000001dc84894e10 JavaThread "AWT-Windows"                daemon [_thread_in_native, id=13500, stack(0x000000b3a0c00000,0x000000b3a0d00000) (1024K)]
  0x000001dcca6ae7f0 JavaThread "TimerQueue"                 daemon [_thread_blocked, id=2232, stack(0x000000b3a1600000,0x000000b3a1700000) (1024K)]
  0x000001dcca6acab0 JavaThread "AWT-EventQueue-0"                  [_thread_in_native, id=2032, stack(0x000000b3a1700000,0x000000b3a1800000) (1024K)]
  0x000001dcca6aef40 JavaThread "DestroyJavaVM"                     [_thread_blocked, id=4472, stack(0x000000b39f700000,0x000000b39f800000) (1024K)]
  0x000001dcca6af690 JavaThread "D3D Screen Updater"         daemon [_thread_blocked, id=14028, stack(0x000000b3a1400000,0x000000b3a1500000) (1024K)]
Total: 18

Other Threads:
  0x000001dc846af2d0 VMThread "VM Thread"                           [id=14148, stack(0x000000b39fe00000,0x000000b39ff00000) (1024K)]
  0x000001dc846a2070 WatcherThread "VM Periodic Task Thread"        [id=11704, stack(0x000000b39fd00000,0x000000b39fe00000) (1024K)]
  0x000001dce834d7e0 WorkerThread "GC Thread#0"                     [id=7220, stack(0x000000b39f800000,0x000000b39f900000) (1024K)]
  0x000001dce8360d50 ConcurrentGCThread "G1 Main Marker"            [id=5844, stack(0x000000b39f900000,0x000000b39fa00000) (1024K)]
  0x000001dce8361860 WorkerThread "G1 Conc#0"                       [id=2108, stack(0x000000b39fa00000,0x000000b39fb00000) (1024K)]
  0x000001dce83be6d0 ConcurrentGCThread "G1 Refine#0"               [id=2136, stack(0x000000b39fb00000,0x000000b39fc00000) (1024K)]
  0x000001dc8456fff0 ConcurrentGCThread "G1 Service"                [id=13012, stack(0x000000b39fc00000,0x000000b39fd00000) (1024K)]
Total: 7

Threads with active compile tasks:
C2 CompilerThread0  10395 1621   !   4       sun.java2d.SunGraphics2D::drawImage (202 bytes)
Total: 1

VM state: not at safepoint (normal execution)

VM Mutex/Monitor currently owned by a thread: None

Heap address: 0x000000008ac00000, size: 1876 MB, Compressed Oops mode: 32-bit

CDS archive(s) mapped at: [0x000001dc85000000-0x000001dc85d40000-0x000001dc85d40000), size 13893632, SharedBaseAddress: 0x000001dc85000000, ArchiveRelocationMode: 1.
Compressed class space mapped at: 0x000001dc86000000-0x000001dcc6000000, reserved size: 1073741824
UseCompressedClassPointers 1, UseCompactObjectHeaders 0
Narrow klass pointer bits 32, Max shift 3
Narrow klass base: 0x000001dc85000000, Narrow klass shift: 0
Encoding Range: [0x000001dc85000000 - 0x000001dd85000000), (4294967296 bytes)
Klass Range:    [0x000001dc85000000 - 0x000001dcc6000000), (1090519040 bytes)
Klass ID Range:  [8 - 1090519033) (1090519025)

GC Precious Log:
 CardTable entry size: 512
 Card Set container configuration: InlinePtr #cards 5 size 8 Array Of Cards #cards 10 size 36 Howl #buckets 4 coarsen threshold 1843 Howl Bitmap #cards 512 size 80 coarsen threshold 460 Card regions per heap region 1 cards per card region 2048
 CPUs: 4 total, 4 available
 Memory: 7502M
 Large Page Support: Disabled
 NUMA Support: Disabled
 Compressed Oops: Enabled (32-bit)
 Heap Region Size: 1M
 Heap Min Capacity: 8M
 Heap Initial Capacity: 118M
 Heap Max Capacity: 1876M
 Pre-touch: Disabled
 Parallel Workers: 4
 Concurrent Workers: 1
 Concurrent Refinement Workers: 4
 Periodic GC: Disabled

Heap:
 garbage-first heap   total reserved 1921024K, committed 122880K, used 40052K [0x000000008ac00000, 0x0000000100000000)
  region size 1024K, 27 young (27648K), 0 survivors (0K)
 Metaspace       used 8051K, committed 8256K, reserved 1114112K
  class space    used 657K, committed 768K, reserved 1048576K

Heap Regions: E=young(eden), S=young(survivor), O=old, HS=humongous(starts), HC=humongous(continues), CS=collection set, F=free, TAMS=top-at-mark-start, PB=parsable bottom
|   0|0x000000008ac00000, 0x000000008ad00000, 0x000000008ad00000|100%|HS|  |TAMS 0x000000008ac00000| PB 0x000000008ac00000| Complete |  0
|   1|0x000000008ad00000, 0x000000008ae00000, 0x000000008ae00000|100%|HC|  |TAMS 0x000000008ad00000| PB 0x000000008ad00000| Complete |  0
|   2|0x000000008ae00000, 0x000000008af00000, 0x000000008af00000|100%|HC|  |TAMS 0x000000008ae00000| PB 0x000000008ae00000| Complete |  0
|   3|0x000000008af00000, 0x000000008b000000, 0x000000008b000000|100%|HC|  |TAMS 0x000000008af00000| PB 0x000000008af00000| Complete |  0
|   4|0x000000008b000000, 0x000000008b100000, 0x000000008b100000|100%|HC|  |TAMS 0x000000008b000000| PB 0x000000008b000000| Complete |  0
|   5|0x000000008b100000, 0x000000008b200000, 0x000000008b200000|100%|HS|  |TAMS 0x000000008b100000| PB 0x000000008b100000| Complete |  0
|   6|0x000000008b200000, 0x000000008b300000, 0x000000008b300000|100%|HC|  |TAMS 0x000000008b200000| PB 0x000000008b200000| Complete |  0
|   7|0x000000008b300000, 0x000000008b400000, 0x000000008b400000|100%|HC|  |TAMS 0x000000008b300000| PB 0x000000008b300000| Complete |  0
|   8|0x000000008b400000, 0x000000008b500000, 0x000000008b500000|100%|HC|  |TAMS 0x000000008b400000| PB 0x000000008b400000| Complete |  0
|   9|0x000000008b500000, 0x000000008b600000, 0x000000008b600000|100%|HC|  |TAMS 0x000000008b500000| PB 0x000000008b500000| Complete |  0
|  10|0x000000008b600000, 0x000000008b700000, 0x000000008b700000|100%|HS|  |TAMS 0x000000008b600000| PB 0x000000008b600000| Complete |  0
|  11|0x000000008b700000, 0x000000008b800000, 0x000000008b800000|100%|HC|  |TAMS 0x000000008b700000| PB 0x000000008b700000| Complete |  0
|  12|0x000000008b800000, 0x000000008b800000, 0x000000008b900000|  0%| F|  |TAMS 0x000000008b800000| PB 0x000000008b800000| Untracked |  0
|  13|0x000000008b900000, 0x000000008b900000, 0x000000008ba00000|  0%| F|  |TAMS 0x000000008b900000| PB 0x000000008b900000| Untracked |  0
|  14|0x000000008ba00000, 0x000000008ba00000, 0x000000008bb00000|  0%| F|  |TAMS 0x000000008ba00000| PB 0x000000008ba00000| Untracked |  0
|  15|0x000000008bb00000, 0x000000008bb00000, 0x000000008bc00000|  0%| F|  |TAMS 0x000000008bb00000| PB 0x000000008bb00000| Untracked |  0
|  16|0x000000008bc00000, 0x000000008bc00000, 0x000000008bd00000|  0%| F|  |TAMS 0x000000008bc00000| PB 0x000000008bc00000| Untracked |  0
|  17|0x000000008bd00000, 0x000000008bd00000, 0x000000008be00000|  0%| F|  |TAMS 0x000000008bd00000| PB 0x000000008bd00000| Untracked |  0
|  18|0x000000008be00000, 0x000000008be00000, 0x000000008bf00000|  0%| F|  |TAMS 0x000000008be00000| PB 0x000000008be00000| Untracked |  0
|  19|0x000000008bf00000, 0x000000008bf00000, 0x000000008c000000|  0%| F|  |TAMS 0x000000008bf00000| PB 0x000000008bf00000| Untracked |  0
|  20|0x000000008c000000, 0x000000008c000000, 0x000000008c100000|  0%| F|  |TAMS 0x000000008c000000| PB 0x000000008c000000| Untracked |  0
|  21|0x000000008c100000, 0x000000008c100000, 0x000000008c200000|  0%| F|  |TAMS 0x000000008c100000| PB 0x000000008c100000| Untracked |  0
|  22|0x000000008c200000, 0x000000008c200000, 0x000000008c300000|  0%| F|  |TAMS 0x000000008c200000| PB 0x000000008c200000| Untracked |  0
|  23|0x000000008c300000, 0x000000008c300000, 0x000000008c400000|  0%| F|  |TAMS 0x000000008c300000| PB 0x000000008c300000| Untracked |  0
|  24|0x000000008c400000, 0x000000008c400000, 0x000000008c500000|  0%| F|  |TAMS 0x000000008c400000| PB 0x000000008c400000| Untracked |  0
|  25|0x000000008c500000, 0x000000008c500000, 0x000000008c600000|  0%| F|  |TAMS 0x000000008c500000| PB 0x000000008c500000| Untracked |  0
|  26|0x000000008c600000, 0x000000008c600000, 0x000000008c700000|  0%| F|  |TAMS 0x000000008c600000| PB 0x000000008c600000| Untracked |  0
|  27|0x000000008c700000, 0x000000008c700000, 0x000000008c800000|  0%| F|  |TAMS 0x000000008c700000| PB 0x000000008c700000| Untracked |  0
|  28|0x000000008c800000, 0x000000008c800000, 0x000000008c900000|  0%| F|  |TAMS 0x000000008c800000| PB 0x000000008c800000| Untracked |  0
|  29|0x000000008c900000, 0x000000008c900000, 0x000000008ca00000|  0%| F|  |TAMS 0x000000008c900000| PB 0x000000008c900000| Untracked |  0
|  30|0x000000008ca00000, 0x000000008ca00000, 0x000000008cb00000|  0%| F|  |TAMS 0x000000008ca00000| PB 0x000000008ca00000| Untracked |  0
|  31|0x000000008cb00000, 0x000000008cb00000, 0x000000008cc00000|  0%| F|  |TAMS 0x000000008cb00000| PB 0x000000008cb00000| Untracked |  0
|  32|0x000000008cc00000, 0x000000008cc00000, 0x000000008cd00000|  0%| F|  |TAMS 0x000000008cc00000| PB 0x000000008cc00000| Untracked |  0
|  33|0x000000008cd00000, 0x000000008cd00000, 0x000000008ce00000|  0%| F|  |TAMS 0x000000008cd00000| PB 0x000000008cd00000| Untracked |  0
|  34|0x000000008ce00000, 0x000000008ce00000, 0x000000008cf00000|  0%| F|  |TAMS 0x000000008ce00000| PB 0x000000008ce00000| Untracked |  0
|  35|0x000000008cf00000, 0x000000008cf00000, 0x000000008d000000|  0%| F|  |TAMS 0x000000008cf00000| PB 0x000000008cf00000| Untracked |  0
|  36|0x000000008d000000, 0x000000008d000000, 0x000000008d100000|  0%| F|  |TAMS 0x000000008d000000| PB 0x000000008d000000| Untracked |  0
|  37|0x000000008d100000, 0x000000008d100000, 0x000000008d200000|  0%| F|  |TAMS 0x000000008d100000| PB 0x000000008d100000| Untracked |  0
|  38|0x000000008d200000, 0x000000008d200000, 0x000000008d300000|  0%| F|  |TAMS 0x000000008d200000| PB 0x000000008d200000| Untracked |  0
|  39|0x000000008d300000, 0x000000008d300000, 0x000000008d400000|  0%| F|  |TAMS 0x000000008d300000| PB 0x000000008d300000| Untracked |  0
|  40|0x000000008d400000, 0x000000008d400000, 0x000000008d500000|  0%| F|  |TAMS 0x000000008d400000| PB 0x000000008d400000| Untracked |  0
|  41|0x000000008d500000, 0x000000008d500000, 0x000000008d600000|  0%| F|  |TAMS 0x000000008d500000| PB 0x000000008d500000| Untracked |  0
|  42|0x000000008d600000, 0x000000008d600000, 0x000000008d700000|  0%| F|  |TAMS 0x000000008d600000| PB 0x000000008d600000| Untracked |  0
|  43|0x000000008d700000, 0x000000008d700000, 0x000000008d800000|  0%| F|  |TAMS 0x000000008d700000| PB 0x000000008d700000| Untracked |  0
|  44|0x000000008d800000, 0x000000008d800000, 0x000000008d900000|  0%| F|  |TAMS 0x000000008d800000| PB 0x000000008d800000| Untracked |  0
|  45|0x000000008d900000, 0x000000008d900000, 0x000000008da00000|  0%| F|  |TAMS 0x000000008d900000| PB 0x000000008d900000| Untracked |  0
|  46|0x000000008da00000, 0x000000008da00000, 0x000000008db00000|  0%| F|  |TAMS 0x000000008da00000| PB 0x000000008da00000| Untracked |  0
|  47|0x000000008db00000, 0x000000008db00000, 0x000000008dc00000|  0%| F|  |TAMS 0x000000008db00000| PB 0x000000008db00000| Untracked |  0
|  48|0x000000008dc00000, 0x000000008dc00000, 0x000000008dd00000|  0%| F|  |TAMS 0x000000008dc00000| PB 0x000000008dc00000| Untracked |  0
|  49|0x000000008dd00000, 0x000000008dd00000, 0x000000008de00000|  0%| F|  |TAMS 0x000000008dd00000| PB 0x000000008dd00000| Untracked |  0
|  50|0x000000008de00000, 0x000000008de00000, 0x000000008df00000|  0%| F|  |TAMS 0x000000008de00000| PB 0x000000008de00000| Untracked |  0
|  51|0x000000008df00000, 0x000000008df00000, 0x000000008e000000|  0%| F|  |TAMS 0x000000008df00000| PB 0x000000008df00000| Untracked |  0
|  52|0x000000008e000000, 0x000000008e000000, 0x000000008e100000|  0%| F|  |TAMS 0x000000008e000000| PB 0x000000008e000000| Untracked |  0
|  53|0x000000008e100000, 0x000000008e100000, 0x000000008e200000|  0%| F|  |TAMS 0x000000008e100000| PB 0x000000008e100000| Untracked |  0
|  54|0x000000008e200000, 0x000000008e200000, 0x000000008e300000|  0%| F|  |TAMS 0x000000008e200000| PB 0x000000008e200000| Untracked |  0
|  55|0x000000008e300000, 0x000000008e300000, 0x000000008e400000|  0%| F|  |TAMS 0x000000008e300000| PB 0x000000008e300000| Untracked |  0
|  56|0x000000008e400000, 0x000000008e400000, 0x000000008e500000|  0%| F|  |TAMS 0x000000008e400000| PB 0x000000008e400000| Untracked |  0
|  57|0x000000008e500000, 0x000000008e500000, 0x000000008e600000|  0%| F|  |TAMS 0x000000008e500000| PB 0x000000008e500000| Untracked |  0
|  58|0x000000008e600000, 0x000000008e600000, 0x000000008e700000|  0%| F|  |TAMS 0x000000008e600000| PB 0x000000008e600000| Untracked |  0
|  59|0x000000008e700000, 0x000000008e700000, 0x000000008e800000|  0%| F|  |TAMS 0x000000008e700000| PB 0x000000008e700000| Untracked |  0
|  60|0x000000008e800000, 0x000000008e800000, 0x000000008e900000|  0%| F|  |TAMS 0x000000008e800000| PB 0x000000008e800000| Untracked |  0
|  61|0x000000008e900000, 0x000000008e900000, 0x000000008ea00000|  0%| F|  |TAMS 0x000000008e900000| PB 0x000000008e900000| Untracked |  0
|  62|0x000000008ea00000, 0x000000008ea00000, 0x000000008eb00000|  0%| F|  |TAMS 0x000000008ea00000| PB 0x000000008ea00000| Untracked |  0
|  63|0x000000008eb00000, 0x000000008eb00000, 0x000000008ec00000|  0%| F|  |TAMS 0x000000008eb00000| PB 0x000000008eb00000| Untracked |  0
|  64|0x000000008ec00000, 0x000000008ec00000, 0x000000008ed00000|  0%| F|  |TAMS 0x000000008ec00000| PB 0x000000008ec00000| Untracked |  0
|  65|0x000000008ed00000, 0x000000008ed00000, 0x000000008ee00000|  0%| F|  |TAMS 0x000000008ed00000| PB 0x000000008ed00000| Untracked |  0
|  66|0x000000008ee00000, 0x000000008ee00000, 0x000000008ef00000|  0%| F|  |TAMS 0x000000008ee00000| PB 0x000000008ee00000| Untracked |  0
|  67|0x000000008ef00000, 0x000000008ef00000, 0x000000008f000000|  0%| F|  |TAMS 0x000000008ef00000| PB 0x000000008ef00000| Untracked |  0
|  68|0x000000008f000000, 0x000000008f000000, 0x000000008f100000|  0%| F|  |TAMS 0x000000008f000000| PB 0x000000008f000000| Untracked |  0
|  69|0x000000008f100000, 0x000000008f100000, 0x000000008f200000|  0%| F|  |TAMS 0x000000008f100000| PB 0x000000008f100000| Untracked |  0
|  70|0x000000008f200000, 0x000000008f200000, 0x000000008f300000|  0%| F|  |TAMS 0x000000008f200000| PB 0x000000008f200000| Untracked |  0
|  71|0x000000008f300000, 0x000000008f300000, 0x000000008f400000|  0%| F|  |TAMS 0x000000008f300000| PB 0x000000008f300000| Untracked |  0
|  72|0x000000008f400000, 0x000000008f400000, 0x000000008f500000|  0%| F|  |TAMS 0x000000008f400000| PB 0x000000008f400000| Untracked |  0
|  73|0x000000008f500000, 0x000000008f500000, 0x000000008f600000|  0%| F|  |TAMS 0x000000008f500000| PB 0x000000008f500000| Untracked |  0
|  74|0x000000008f600000, 0x000000008f600000, 0x000000008f700000|  0%| F|  |TAMS 0x000000008f600000| PB 0x000000008f600000| Untracked |  0
|  75|0x000000008f700000, 0x000000008f700000, 0x000000008f800000|  0%| F|  |TAMS 0x000000008f700000| PB 0x000000008f700000| Untracked |  0
|  76|0x000000008f800000, 0x000000008f800000, 0x000000008f900000|  0%| F|  |TAMS 0x000000008f800000| PB 0x000000008f800000| Untracked |  0
|  77|0x000000008f900000, 0x000000008f900000, 0x000000008fa00000|  0%| F|  |TAMS 0x000000008f900000| PB 0x000000008f900000| Untracked |  0
|  78|0x000000008fa00000, 0x000000008fa00000, 0x000000008fb00000|  0%| F|  |TAMS 0x000000008fa00000| PB 0x000000008fa00000| Untracked |  0
|  79|0x000000008fb00000, 0x000000008fb00000, 0x000000008fc00000|  0%| F|  |TAMS 0x000000008fb00000| PB 0x000000008fb00000| Untracked |  0
|  80|0x000000008fc00000, 0x000000008fc00000, 0x000000008fd00000|  0%| F|  |TAMS 0x000000008fc00000| PB 0x000000008fc00000| Untracked |  0
|  81|0x000000008fd00000, 0x000000008fd00000, 0x000000008fe00000|  0%| F|  |TAMS 0x000000008fd00000| PB 0x000000008fd00000| Untracked |  0
|  82|0x000000008fe00000, 0x000000008fe00000, 0x000000008ff00000|  0%| F|  |TAMS 0x000000008fe00000| PB 0x000000008fe00000| Untracked |  0
|  83|0x000000008ff00000, 0x000000008ff00000, 0x0000000090000000|  0%| F|  |TAMS 0x000000008ff00000| PB 0x000000008ff00000| Untracked |  0
|  84|0x0000000090000000, 0x0000000090000000, 0x0000000090100000|  0%| F|  |TAMS 0x0000000090000000| PB 0x0000000090000000| Untracked |  0
|  85|0x0000000090100000, 0x0000000090100000, 0x0000000090200000|  0%| F|  |TAMS 0x0000000090100000| PB 0x0000000090100000| Untracked |  0
|  86|0x0000000090200000, 0x0000000090200000, 0x0000000090300000|  0%| F|  |TAMS 0x0000000090200000| PB 0x0000000090200000| Untracked |  0
|  87|0x0000000090300000, 0x0000000090300000, 0x0000000090400000|  0%| F|  |TAMS 0x0000000090300000| PB 0x0000000090300000| Untracked |  0
|  88|0x0000000090400000, 0x0000000090400000, 0x0000000090500000|  0%| F|  |TAMS 0x0000000090400000| PB 0x0000000090400000| Untracked |  0
|  89|0x0000000090500000, 0x0000000090500000, 0x0000000090600000|  0%| F|  |TAMS 0x0000000090500000| PB 0x0000000090500000| Untracked |  0
|  90|0x0000000090600000, 0x0000000090600000, 0x0000000090700000|  0%| F|  |TAMS 0x0000000090600000| PB 0x0000000090600000| Untracked |  0
|  91|0x0000000090700000, 0x0000000090800000, 0x0000000090800000|100%| E|  |TAMS 0x0000000090700000| PB 0x0000000090700000| Complete |  0
|  92|0x0000000090800000, 0x0000000090900000, 0x0000000090900000|100%| E|CS|TAMS 0x0000000090800000| PB 0x0000000090800000| Complete |  0
|  93|0x0000000090900000, 0x0000000090a00000, 0x0000000090a00000|100%| E|CS|TAMS 0x0000000090900000| PB 0x0000000090900000| Complete |  0
|  94|0x0000000090a00000, 0x0000000090b00000, 0x0000000090b00000|100%| E|CS|TAMS 0x0000000090a00000| PB 0x0000000090a00000| Complete |  0
|  95|0x0000000090b00000, 0x0000000090c00000, 0x0000000090c00000|100%| E|CS|TAMS 0x0000000090b00000| PB 0x0000000090b00000| Complete |  0
|  96|0x0000000090c00000, 0x0000000090d00000, 0x0000000090d00000|100%| E|CS|TAMS 0x0000000090c00000| PB 0x0000000090c00000| Complete |  0
|  97|0x0000000090d00000, 0x0000000090e00000, 0x0000000090e00000|100%| E|CS|TAMS 0x0000000090d00000| PB 0x0000000090d00000| Complete |  0
|  98|0x0000000090e00000, 0x0000000090f00000, 0x0000000090f00000|100%| E|CS|TAMS 0x0000000090e00000| PB 0x0000000090e00000| Complete |  0
|  99|0x0000000090f00000, 0x0000000091000000, 0x0000000091000000|100%| E|CS|TAMS 0x0000000090f00000| PB 0x0000000090f00000| Complete |  0
| 100|0x0000000091000000, 0x0000000091100000, 0x0000000091100000|100%| E|CS|TAMS 0x0000000091000000| PB 0x0000000091000000| Complete |  0
| 101|0x0000000091100000, 0x0000000091200000, 0x0000000091200000|100%| E|CS|TAMS 0x0000000091100000| PB 0x0000000091100000| Complete |  0
| 102|0x0000000091200000, 0x0000000091300000, 0x0000000091300000|100%| E|CS|TAMS 0x0000000091200000| PB 0x0000000091200000| Complete |  0
| 103|0x0000000091300000, 0x0000000091400000, 0x0000000091400000|100%| E|CS|TAMS 0x0000000091300000| PB 0x0000000091300000| Complete |  0
| 104|0x0000000091400000, 0x0000000091500000, 0x0000000091500000|100%| E|CS|TAMS 0x0000000091400000| PB 0x0000000091400000| Complete |  0
| 105|0x0000000091500000, 0x0000000091600000, 0x0000000091600000|100%| E|CS|TAMS 0x0000000091500000| PB 0x0000000091500000| Complete |  0
| 106|0x0000000091600000, 0x0000000091700000, 0x0000000091700000|100%| E|CS|TAMS 0x0000000091600000| PB 0x0000000091600000| Complete |  0
| 107|0x0000000091700000, 0x0000000091800000, 0x0000000091800000|100%| E|CS|TAMS 0x0000000091700000| PB 0x0000000091700000| Complete |  0
| 108|0x0000000091800000, 0x0000000091900000, 0x0000000091900000|100%| E|CS|TAMS 0x0000000091800000| PB 0x0000000091800000| Complete |  0
| 109|0x0000000091900000, 0x0000000091a00000, 0x0000000091a00000|100%| E|CS|TAMS 0x0000000091900000| PB 0x0000000091900000| Complete |  0
| 110|0x0000000091a00000, 0x0000000091b00000, 0x0000000091b00000|100%| E|CS|TAMS 0x0000000091a00000| PB 0x0000000091a00000| Complete |  0
| 111|0x0000000091b00000, 0x0000000091c00000, 0x0000000091c00000|100%| E|CS|TAMS 0x0000000091b00000| PB 0x0000000091b00000| Complete |  0
| 112|0x0000000091c00000, 0x0000000091d00000, 0x0000000091d00000|100%| E|CS|TAMS 0x0000000091c00000| PB 0x0000000091c00000| Complete |  0
| 113|0x0000000091d00000, 0x0000000091e00000, 0x0000000091e00000|100%| E|CS|TAMS 0x0000000091d00000| PB 0x0000000091d00000| Complete |  0
| 114|0x0000000091e00000, 0x0000000091f00000, 0x0000000091f00000|100%| E|CS|TAMS 0x0000000091e00000| PB 0x0000000091e00000| Complete |  0
| 115|0x0000000091f00000, 0x0000000092000000, 0x0000000092000000|100%| E|CS|TAMS 0x0000000091f00000| PB 0x0000000091f00000| Complete |  0
| 116|0x0000000092000000, 0x0000000092100000, 0x0000000092100000|100%| E|CS|TAMS 0x0000000092000000| PB 0x0000000092000000| Complete |  0
| 117|0x0000000092100000, 0x0000000092200000, 0x0000000092200000|100%| E|CS|TAMS 0x0000000092100000| PB 0x0000000092100000| Complete |  0
|1874|0x00000000ffe00000, 0x00000000fff00000, 0x00000000fff00000|100%| O|  |TAMS 0x00000000ffe00000| PB 0x00000000ffe00000| Untracked |  0
|1875|0x00000000fff00000, 0x00000000fff1d248, 0x0000000100000000| 11%| O|  |TAMS 0x00000000fff00000| PB 0x00000000fff00000| Untracked |  0

Card table byte_map: [0x000001dc80000000,0x000001dc803b0000] _byte_map_base: 0x000001dc7fbaa000

Marking Bits: (CMBitMap*) 0x000001dce834def0
 Bits: [0x000001dc803b0000, 0x000001dc82100000)

Polling page: 0x000001dce6090000

Metaspace:

Usage:
  Non-class:      7.22 MB used.
      Class:    657.82 KB used.
       Both:      7.86 MB used.

Virtual space:
  Non-class space:       64.00 MB reserved,       7.31 MB ( 11%) committed,  1 nodes.
      Class space:        1.00 GB reserved,     768.00 KB ( <1%) committed,  1 nodes.
             Both:        1.06 GB reserved,       8.06 MB ( <1%) committed. 

Chunk freelists:
   Non-Class:  8.44 MB
       Class:  15.21 MB
        Both:  23.66 MB

MaxMetaspaceSize: unlimited
CompressedClassSpaceSize: 1.00 GB
Initial GC threshold: 21.00 MB
Current GC threshold: 21.00 MB
CDS: on
 - commit_granule_bytes: 65536.
 - commit_granule_words: 8192.
 - virtual_space_node_default_size: 8388608.
 - enlarge_chunks_in_place: 1.
UseCompressedClassPointers 1, UseCompactObjectHeaders 0
Narrow klass pointer bits 32, Max shift 3
Narrow klass base: 0x000001dc85000000, Narrow klass shift: 0
Encoding Range: [0x000001dc85000000 - 0x000001dd85000000), (4294967296 bytes)
Klass Range:    [0x000001dc85000000 - 0x000001dcc6000000), (1090519040 bytes)
Klass ID Range:  [8 - 1090519033) (1090519025)


Internal statistics:

num_allocs_failed_limit: 0.
num_arena_births: 150.
num_arena_deaths: 0.
num_vsnodes_births: 2.
num_vsnodes_deaths: 0.
num_space_committed: 129.
num_space_uncommitted: 0.
num_chunks_returned_to_freelist: 0.
num_chunks_taken_from_freelist: 199.
num_chunk_merges: 0.
num_chunk_splits: 121.
num_chunks_enlarged: 55.
num_inconsistent_stats: 0.

CodeHeap 'non-profiled nmethods': size=120064Kb used=455Kb max_used=455Kb free=119608Kb
 bounds [0x000001dcf8660000, 0x000001dcf88d0000, 0x000001dcffba0000]
CodeHeap 'profiled nmethods': size=120000Kb used=2521Kb max_used=2521Kb free=117478Kb
 bounds [0x000001dcf0ba0000, 0x000001dcf0e20000, 0x000001dcf80d0000]
CodeHeap 'non-nmethods': size=5696Kb used=1484Kb max_used=1514Kb free=4212Kb
 bounds [0x000001dcf80d0000, 0x000001dcf8340000, 0x000001dcf8660000]
CodeCache: size=245760Kb, used=4460Kb, max_used=4490Kb, free=241298Kb
 total_blobs=2276, nmethods=1619, adapters=563, full_count=0
Compilation: enabled, stopped_count=0, restarted_count=0

Compilation events (20 events):
Event: 9.262 Thread 0x000001dc846e3200 nmethod 1612 0x000001dcf0e12308 code [0x000001dcf0e12480, 0x000001dcf0e12aa0]
Event: 9.341 Thread 0x000001dc846e3200 1613   !   3       javax.swing.JComponent::safelyGetGraphics (30 bytes)
Event: 9.341 Thread 0x000001dc846e3200 nmethod 1613 0x000001dcf0e12b08 code [0x000001dcf0e12c40, 0x000001dcf0e13028]
Event: 9.426 Thread 0x000001dc846dd1c0 1614       4       sun.java2d.StateTrackableDelegate$1::isCurrent (17 bytes)
Event: 9.427 Thread 0x000001dc846dd1c0 nmethod 1614 0x000001dcf86d0488 code [0x000001dcf86d0580, 0x000001dcf86d0620]
Event: 9.612 Thread 0x000001dc846dd1c0 1615       4       java.util.concurrent.locks.AbstractQueuedSynchronizer$Node::setStatusRelaxed (12 bytes)
Event: 9.613 Thread 0x000001dc846dd1c0 nmethod 1615 0x000001dcf86d0788 code [0x000001dcf86d0880, 0x000001dcf86d08f8]
Event: 9.696 Thread 0x000001dc846dd1c0 1616   !   4       sun.java2d.SunGraphics2D::drawHiDPIImage (540 bytes)
Event: 9.706 Thread 0x000001dc846dd1c0 nmethod 1616 0x000001dcf86d0a88 code [0x000001dcf86d0c60, 0x000001dcf86d15c0]
Event: 9.880 Thread 0x000001dc846dd1c0 1617       4       javax.swing.JComponent::getHeight (5 bytes)
Event: 9.881 Thread 0x000001dc846dd1c0 nmethod 1617 0x000001dcf86d1688 code [0x000001dcf86d1780, 0x000001dcf86d17f8]
Event: 9.976 Thread 0x000001dc846e3200 1618       3       sun.awt.SunToolkit::setSystemGenerated (10 bytes)
Event: 9.976 Thread 0x000001dc846e3200 nmethod 1618 0x000001dcf0e13088 code [0x000001dcf0e13220, 0x000001dcf0e13888]
Event: 9.977 Thread 0x000001dc846e3200 1619       3       sun.awt.AWTAccessor::getAWTEventAccessor (19 bytes)
Event: 9.977 Thread 0x000001dc846e3200 nmethod 1619 0x000001dcf0e13908 code [0x000001dcf0e13a80, 0x000001dcf0e13fc8]
Event: 9.977 Thread 0x000001dc846e3200 1620       3       sun.awt.SunToolkit::postEvent (147 bytes)
Event: 9.979 Thread 0x000001dc846e3200 nmethod 1620 0x000001dcf0e14008 code [0x000001dcf0e143c0, 0x000001dcf0e165a8]
Event: 10.115 Thread 0x000001dc846dd1c0 1621   !   4       sun.java2d.SunGraphics2D::drawImage (202 bytes)
Event: 10.227 Thread 0x000001dc846e3200 1625       1       javax.swing.InputMap::getParent (5 bytes)
Event: 10.227 Thread 0x000001dc846e3200 nmethod 1625 0x000001dcf86d1988 code [0x000001dcf86d1a80, 0x000001dcf86d1b48]

GC Heap History (0 events):
No events

Dll operation events (12 events):
Event: 0.033 Loaded shared library C:\Program Files\Java\jdk-24\bin\java.dll
Event: 0.090 Loaded shared library C:\Program Files\Java\jdk-24\bin\jsvml.dll
Event: 0.190 Loaded shared library C:\Program Files\Java\jdk-24\bin\zip.dll
Event: 0.196 Loaded shared library C:\Program Files\Java\jdk-24\bin\instrument.dll
Event: 0.207 Loaded shared library C:\Program Files\Java\jdk-24\bin\net.dll
Event: 0.211 Loaded shared library C:\Program Files\Java\jdk-24\bin\nio.dll
Event: 0.224 Loaded shared library C:\Program Files\Java\jdk-24\bin\zip.dll
Event: 0.294 Loaded shared library C:\Program Files\Java\jdk-24\bin\jimage.dll
Event: 0.297 Loaded shared library C:\Program Files\Java\jdk-24\bin\extnet.dll
Event: 0.330 Loaded shared library C:\Program Files\Java\jdk-24\bin\awt.dll
Event: 1.599 Loaded shared library C:\Program Files\Java\jdk-24\bin\freetype.dll
Event: 1.606 Loaded shared library C:\Program Files\Java\jdk-24\bin\fontmanager.dll

Deoptimization events (20 events):
Event: 2.211 Thread 0x000001dcca6acab0 DEOPT PACKING pc=0x000001dcf86b0ebc sp=0x000000b3a17fe590
Event: 2.211 Thread 0x000001dcca6acab0 DEOPT UNPACKING pc=0x000001dcf81e4102 sp=0x000000b3a17fe4f8 mode 2
Event: 5.471 Thread 0x000001dc84894e10 Uncommon trap: trap_request=0xffffffd6 fr.pc=0x000001dcf86b6618 relative=0x0000000000000638
Event: 5.471 Thread 0x000001dc84894e10 Uncommon trap: reason=array_check action=maybe_recompile pc=0x000001dcf86b6618 method=jdk.internal.classfile.impl.SplitConstantPool.internalAdd(Ljava/lang/classfile/constantpool/PoolEntry;I)Ljava/lang/classfile/constantpool/PoolEntry; @ 46 c2
Event: 5.471 Thread 0x000001dc84894e10 DEOPT PACKING pc=0x000001dcf86b6618 sp=0x000000b3a0cfdb00
Event: 5.471 Thread 0x000001dc84894e10 DEOPT UNPACKING pc=0x000001dcf81e4102 sp=0x000000b3a0cfda90 mode 2
Event: 5.471 Thread 0x000001dc84894e10 Uncommon trap: trap_request=0xffffffd6 fr.pc=0x000001dcf86b6618 relative=0x0000000000000638
Event: 5.471 Thread 0x000001dc84894e10 Uncommon trap: reason=array_check action=maybe_recompile pc=0x000001dcf86b6618 method=jdk.internal.classfile.impl.SplitConstantPool.internalAdd(Ljava/lang/classfile/constantpool/PoolEntry;I)Ljava/lang/classfile/constantpool/PoolEntry; @ 46 c2
Event: 5.471 Thread 0x000001dc84894e10 DEOPT PACKING pc=0x000001dcf86b6618 sp=0x000000b3a0cfdb00
Event: 5.472 Thread 0x000001dc84894e10 DEOPT UNPACKING pc=0x000001dcf81e4102 sp=0x000000b3a0cfda90 mode 2
Event: 5.472 Thread 0x000001dc84894e10 Uncommon trap: trap_request=0xffffffd6 fr.pc=0x000001dcf86b6618 relative=0x0000000000000638
Event: 5.472 Thread 0x000001dc84894e10 Uncommon trap: reason=array_check action=maybe_recompile pc=0x000001dcf86b6618 method=jdk.internal.classfile.impl.SplitConstantPool.internalAdd(Ljava/lang/classfile/constantpool/PoolEntry;I)Ljava/lang/classfile/constantpool/PoolEntry; @ 46 c2
Event: 5.472 Thread 0x000001dc84894e10 DEOPT PACKING pc=0x000001dcf86b6618 sp=0x000000b3a0cfd810
Event: 5.472 Thread 0x000001dc84894e10 DEOPT UNPACKING pc=0x000001dcf81e4102 sp=0x000000b3a0cfd7a0 mode 2
Event: 5.472 Thread 0x000001dc84894e10 Uncommon trap: trap_request=0xffffffd6 fr.pc=0x000001dcf86b6618 relative=0x0000000000000638
Event: 5.472 Thread 0x000001dc84894e10 Uncommon trap: reason=array_check action=maybe_recompile pc=0x000001dcf86b6618 method=jdk.internal.classfile.impl.SplitConstantPool.internalAdd(Ljava/lang/classfile/constantpool/PoolEntry;I)Ljava/lang/classfile/constantpool/PoolEntry; @ 46 c2
Event: 5.472 Thread 0x000001dc84894e10 DEOPT PACKING pc=0x000001dcf86b6618 sp=0x000000b3a0cfd7e0
Event: 5.472 Thread 0x000001dc84894e10 DEOPT UNPACKING pc=0x000001dcf81e4102 sp=0x000000b3a0cfd770 mode 2
Event: 10.181 Thread 0x000001dcca6acab0 DEOPT PACKING pc=0x000001dcf0d5946b sp=0x000000b3a17feb80
Event: 10.181 Thread 0x000001dcca6acab0 DEOPT UNPACKING pc=0x000001dcf8125722 sp=0x000000b3a17fe010 mode 0

Classes loaded (20 events):
Event: 1.907 Loading class javax/swing/JWindow done
Event: 1.907 Loading class javax/swing/Popup$HeavyWeightWindow done
Event: 2.051 Loading class java/lang/invoke/MethodHandle$1
Event: 2.051 Loading class java/lang/invoke/MethodHandle$1 done
Event: 2.882 Loading class java/lang/Math$RandomNumberGeneratorHolder
Event: 2.882 Loading class java/lang/Math$RandomNumberGeneratorHolder done
Event: 2.941 Loading class sun/java2d/SurfaceDataProxy$CountdownTracker
Event: 2.942 Loading class sun/java2d/SurfaceDataProxy$CountdownTracker done
Event: 5.712 Loading class java/util/WeakHashMap$KeyIterator
Event: 5.712 Loading class java/util/WeakHashMap$HashIterator
Event: 5.712 Loading class java/util/WeakHashMap$HashIterator done
Event: 5.712 Loading class java/util/WeakHashMap$KeyIterator done
Event: 5.716 Loading class javax/swing/RepaintManager$DisplayChangedRunnable
Event: 5.716 Loading class javax/swing/RepaintManager$DisplayChangedRunnable done
Event: 8.640 Loading class java/awt/Canvas
Event: 8.641 Loading class java/awt/Canvas done
Event: 8.641 Loading class java/awt/Scrollbar
Event: 8.641 Loading class java/awt/Adjustable
Event: 8.641 Loading class java/awt/Adjustable done
Event: 8.641 Loading class java/awt/Scrollbar done

Classes unloaded (0 events):
No events

Classes redefined (0 events):
No events

Internal exceptions (20 events):
Event: 0.678 Thread 0x000001dce5ed6b40 Exception <a 'java/lang/NoSuchMethodError'{0x0000000091d485c8}: 'java.lang.Object java.lang.invoke.DirectMethodHandle$Holder.invokeStatic(java.lang.Object, long)'> (0x0000000091d485c8) 
thrown [s\open\src\hotspot\share\interpreter\linkResolver.cpp, line 805]
Event: 0.679 Thread 0x000001dce5ed6b40 Exception <a 'java/lang/NoSuchMethodError'{0x0000000091d505e8}: 'java.lang.Object java.lang.invoke.DirectMethodHandle$Holder.invokeStaticInit(java.lang.Object, long)'> (0x0000000091d505e8) 
thrown [s\open\src\hotspot\share\interpreter\linkResolver.cpp, line 805]
Event: 0.801 Thread 0x000001dce5ed6b40 Exception <a 'java/lang/NoSuchMethodError'{0x0000000091c01578}: 'void java.lang.invoke.DirectMethodHandle$Holder.invokeSpecial(java.lang.Object, java.lang.Object, java.lang.Object)'> (0x0000000091c01578) 
thrown [s\open\src\hotspot\share\interpreter\linkResolver.cpp, line 805]
Event: 0.828 Thread 0x000001dce5ed6b40 Exception <a 'java/lang/NoSuchMethodError'{0x0000000091c70b28}: 'java.lang.Object java.lang.invoke.DirectMethodHandle$Holder.newInvokeSpecial(java.lang.Object, java.lang.Object, java.lang.Object, java.lang.Object, java.lang.Object)'> (0x0000000091c70b28) 
thrown [s\open\src\hotspot\share\interpreter\linkResolver.cpp, line 805]
Event: 0.845 Thread 0x000001dce5ed6b40 Exception <a 'java/lang/NoSuchMethodError'{0x0000000091cd9500}: 'java.lang.Object java.lang.invoke.DirectMethodHandle$Holder.invokeStatic(java.lang.Object, int, java.lang.Object)'> (0x0000000091cd9500) 
thrown [s\open\src\hotspot\share\interpreter\linkResolver.cpp, line 805]
Event: 0.931 Thread 0x000001dce5ed6b40 Exception <a 'java/lang/ClassNotFoundException'{0x0000000091908408}: com/sun/swing/internal/plaf/metal/resources/spi/metalProvider> (0x0000000091908408) 
thrown [s\open\src\hotspot\share\classfile\systemDictionary.cpp, line 327]
Event: 0.933 Thread 0x000001dce5ed6b40 Exception <a 'java/lang/ClassNotFoundException'{0x000000009190be38}: com/sun/swing/internal/plaf/basic/resources/spi/basicProvider> (0x000000009190be38) 
thrown [s\open\src\hotspot\share\classfile\systemDictionary.cpp, line 327]
Event: 0.957 Thread 0x000001dce5ed6b40 Exception <a 'java/lang/NoSuchMethodError'{0x0000000091931978}: 'int java.lang.invoke.Invokers$Holder.invokeExact_MT(java.lang.Object, java.lang.Object)'> (0x0000000091931978) 
thrown [s\open\src\hotspot\share\interpreter\linkResolver.cpp, line 805]
Event: 1.472 Thread 0x000001dc84894e10 Exception <a 'java/lang/NoSuchMethodError'{0x0000000091d90170}: 'void java.lang.invoke.DirectMethodHandle$Holder.invokeVirtual(java.lang.Object, java.lang.Object)'> (0x0000000091d90170) 
thrown [s\open\src\hotspot\share\interpreter\linkResolver.cpp, line 805]
Event: 1.535 Thread 0x000001dce5ed6b40 Exception <a 'java/lang/NoSuchMethodError'{0x0000000090b1ca98}: 'long java.lang.invoke.DirectMethodHandle$Holder.invokeStaticInit(java.lang.Object, long, long, long, long)'> (0x0000000090b1ca98) 
thrown [s\open\src\hotspot\share\interpreter\linkResolver.cpp, line 805]
Event: 1.537 Thread 0x000001dce5ed6b40 Exception <a 'java/lang/NoSuchMethodError'{0x0000000090b254a0}: 'java.lang.Object java.lang.invoke.DirectMethodHandle$Holder.invokeInterface(java.lang.Object, java.lang.Object, long, long)'> (0x0000000090b254a0) 
thrown [s\open\src\hotspot\share\interpreter\linkResolver.cpp, line 805]
Event: 1.541 Thread 0x000001dce5ed6b40 Exception <a 'java/lang/NoSuchMethodError'{0x0000000090b3dd78}: 'void java.lang.invoke.DirectMethodHandle$Holder.invokeStaticInit(java.lang.Object, java.lang.Object, long, java.lang.Object)'> (0x0000000090b3dd78) 
thrown [s\open\src\hotspot\share\interpreter\linkResolver.cpp, line 805]
Event: 1.542 Thread 0x000001dce5ed6b40 Exception <a 'java/lang/NoSuchMethodError'{0x0000000090b46960}: 'long java.lang.invoke.DirectMethodHandle$Holder.invokeStatic(java.lang.Object, long, long)'> (0x0000000090b46960) 
thrown [s\open\src\hotspot\share\interpreter\linkResolver.cpp, line 805]
Event: 1.558 Thread 0x000001dce5ed6b40 Exception <a 'java/lang/NoSuchMethodError'{0x0000000090b6f5b0}: 'java.lang.Object java.lang.invoke.DirectMethodHandle$Holder.newInvokeSpecial(java.lang.Object, int, java.lang.Object)'> (0x0000000090b6f5b0) 
thrown [s\open\src\hotspot\share\interpreter\linkResolver.cpp, line 805]
Event: 1.563 Thread 0x000001dce5ed6b40 Exception <a 'java/lang/NoSuchMethodError'{0x0000000090b8a9d0}: 'void java.lang.invoke.DelegatingMethodHandle$Holder.reinvoke_L(java.lang.Object, java.lang.Object, java.lang.Object, java.lang.Object, long, long, int)'> (0x0000000090b8a9d0) 
thrown [s\open\src\hotspot\share\interpreter\linkResolver.cpp, line 805]
Event: 1.570 Thread 0x000001dce5ed6b40 Exception <a 'java/lang/NoSuchMethodError'{0x0000000090baaba0}: 'java.lang.Object java.lang.invoke.DirectMethodHandle$Holder.invokeStatic(java.lang.Object, java.lang.Object, java.lang.Object, java.lang.Object, java.lang.Object, long)'> (0x0000000090baaba0) 
thrown [s\open\src\hotspot\share\interpreter\linkResolver.cpp, line 805]
Event: 1.581 Thread 0x000001dce5ed6b40 Exception <a 'java/lang/NoSuchMethodError'{0x0000000090bcf3d0}: 'void java.lang.invoke.DelegatingMethodHandle$Holder.reinvoke_L(java.lang.Object, java.lang.Object, java.lang.Object, java.lang.Object, long, long, long)'> (0x0000000090bcf3d0) 
thrown [s\open\src\hotspot\share\interpreter\linkResolver.cpp, line 805]
Event: 1.587 Thread 0x000001dce5ed6b40 Exception <a 'java/lang/NoSuchMethodError'{0x0000000090be89f0}: 'void java.lang.invoke.DirectMethodHandle$Holder.invokeStaticInit(java.lang.Object)'> (0x0000000090be89f0) 
thrown [s\open\src\hotspot\share\interpreter\linkResolver.cpp, line 805]
Event: 1.747 Thread 0x000001dcca6acab0 Exception <a 'java/lang/NoSuchMethodError'{0x0000000090ca52d0}: 'void java.lang.invoke.DelegatingMethodHandle$Holder.reinvoke_L(java.lang.Object, java.lang.Object, java.lang.Object, java.lang.Object, long, long, float)'> (0x0000000090ca52d0) 
thrown [s\open\src\hotspot\share\interpreter\linkResolver.cpp, line 805]
Event: 1.776 Thread 0x000001dcca6acab0 Exception <a 'java/lang/NoSuchMethodError'{0x0000000090ce9490}: 'void java.lang.invoke.DelegatingMethodHandle$Holder.reinvoke_L(java.lang.Object, java.lang.Object, java.lang.Object, java.lang.Object, long, long, double)'> (0x0000000090ce9490) 
thrown [s\open\src\hotspot\share\interpreter\linkResolver.cpp, line 805]

VM Operations (8 events):
Event: 0.151 Executing VM operation: HandshakeAllThreads (Deoptimize)
Event: 0.151 Executing VM operation: HandshakeAllThreads (Deoptimize) done
Event: 1.081 Executing VM operation: HandshakeAllThreads (Deoptimize)
Event: 1.084 Executing VM operation: HandshakeAllThreads (Deoptimize) done
Event: 1.383 Executing VM operation: HandshakeAllThreads (Deoptimize)
Event: 1.450 Executing VM operation: HandshakeAllThreads (Deoptimize) done
Event: 1.552 Executing VM operation: HandshakeAllThreads (Deoptimize)
Event: 1.552 Executing VM operation: HandshakeAllThreads (Deoptimize) done

Memory protections (0 events):
No events

Nmethod flushes (0 events):
No events

Events (20 events):
Event: 0.085 Thread 0x000001dce5ed6b40 Thread added: 0x000001dc846cd3b0
Event: 0.085 Thread 0x000001dce5ed6b40 Thread added: 0x000001dc846dd1c0
Event: 0.085 Thread 0x000001dce5ed6b40 Thread added: 0x000001dc846e3200
Event: 0.203 Thread 0x000001dce5ed6b40 Thread added: 0x000001dc84893820
Event: 0.253 Thread 0x000001dce5ed6b40 Thread added: 0x000001dc84892980
Event: 0.253 Thread 0x000001dce5ed6b40 Thread added: 0x000001dc848930d0
Event: 0.563 Thread 0x000001dce5ed6b40 Thread added: 0x000001dc84893f70
Event: 0.565 Thread 0x000001dce5ed6b40 Thread added: 0x000001dc84892230
Event: 0.565 Thread 0x000001dce5ed6b40 Thread added: 0x000001dc84894e10
Event: 0.982 Thread 0x000001dce5ed6b40 Thread added: 0x000001dc84891ae0
Event: 1.044 Thread 0x000001dc846e3200 Thread added: 0x000001dcca65fa10
Event: 1.181 Thread 0x000001dce5ed6b40 Thread added: 0x000001dcca6ad200
Event: 1.381 Thread 0x000001dce5ed6b40 Thread added: 0x000001dcca6ae7f0
Event: 1.455 Thread 0x000001dcca6ae7f0 Thread added: 0x000001dcca6acab0
Event: 1.663 Thread 0x000001dcca65fa10 Thread exited: 0x000001dcca65fa10
Event: 1.731 Thread 0x000001dce5ed6b40 Thread exited: 0x000001dce5ed6b40
Event: 1.731 Thread 0x000001dcca6aef40 Thread added: 0x000001dcca6aef40
Event: 1.750 Thread 0x000001dcca6acab0 Thread added: 0x000001dcca6af690
Event: 6.309 Thread 0x000001dcca6ad200 Thread exited: 0x000001dcca6ad200
Event: 6.377 Thread 0x000001dc84891ae0 Thread exited: 0x000001dc84891ae0


Dynamic libraries:
0x00007ff6006f0000 - 0x00007ff600700000 	C:\Program Files\Java\jdk-24\bin\java.exe
0x00007ffd7b880000 - 0x00007ffd7bae8000 	C:\WINDOWS\SYSTEM32\ntdll.dll
0x00007ffd79c00000 - 0x00007ffd79cc9000 	C:\WINDOWS\System32\KERNEL32.DLL
0x00007ffd78e30000 - 0x00007ffd79222000 	C:\WINDOWS\System32\KERNELBASE.dll
0x00007ffd78b60000 - 0x00007ffd78cab000 	C:\WINDOWS\System32\ucrtbase.dll
0x00007ffd729e0000 - 0x00007ffd729f6000 	C:\Program Files\Java\jdk-24\bin\jli.dll
0x00007ffd7af20000 - 0x00007ffd7b0e5000 	C:\WINDOWS\System32\USER32.dll
0x00007ffd77c60000 - 0x00007ffd77ef3000 	C:\WINDOWS\WinSxS\amd64_microsoft.windows.common-controls_6595b64144ccf1df_6.0.26100.6899_none_3e0efeeae32e88c1\COMCTL32.dll
0x00007ffd6d570000 - 0x00007ffd6d58b000 	C:\Program Files\Java\jdk-24\bin\VCRUNTIME140.dll
0x00007ffd7b5c0000 - 0x00007ffd7b669000 	C:\WINDOWS\System32\msvcrt.dll
0x00007ffd7b810000 - 0x00007ffd7b83b000 	C:\WINDOWS\System32\GDI32.dll
0x00007ffd794f0000 - 0x00007ffd79517000 	C:\WINDOWS\System32\win32u.dll
0x00007ffd79520000 - 0x00007ffd7964d000 	C:\WINDOWS\System32\gdi32full.dll
0x00007ffd79230000 - 0x00007ffd792d3000 	C:\WINDOWS\System32\msvcp_win.dll
0x00007ffd7b750000 - 0x00007ffd7b77f000 	C:\WINDOWS\System32\IMM32.DLL
0x00007ffd78460000 - 0x00007ffd7846c000 	C:\Program Files\Java\jdk-24\bin\vcruntime140_1.dll
0x00007ffd53800000 - 0x00007ffd5388e000 	C:\Program Files\Java\jdk-24\bin\msvcp140.dll
0x00007ffd15fb0000 - 0x00007ffd16d51000 	C:\Program Files\Java\jdk-24\bin\server\jvm.dll
0x00007ffd7ad30000 - 0x00007ffd7ade4000 	C:\WINDOWS\System32\ADVAPI32.dll
0x00007ffd7b1d0000 - 0x00007ffd7b276000 	C:\WINDOWS\System32\sechost.dll
0x00007ffd7adf0000 - 0x00007ffd7af08000 	C:\WINDOWS\System32\RPCRT4.dll
0x00007ffd7b790000 - 0x00007ffd7b804000 	C:\WINDOWS\System32\WS2_32.dll
0x00007ffd786d0000 - 0x00007ffd7872e000 	C:\WINDOWS\SYSTEM32\POWRPROF.dll
0x00007ffd71da0000 - 0x00007ffd71dd5000 	C:\WINDOWS\SYSTEM32\WINMM.dll
0x00007ffd71de0000 - 0x00007ffd71deb000 	C:\WINDOWS\SYSTEM32\VERSION.dll
0x00007ffd786b0000 - 0x00007ffd786c4000 	C:\WINDOWS\SYSTEM32\UMPDC.dll
0x00007ffd76eb0000 - 0x00007ffd76ecb000 	C:\WINDOWS\SYSTEM32\kernel.appcore.dll
0x00007ffd6dcd0000 - 0x00007ffd6dcda000 	C:\Program Files\Java\jdk-24\bin\jimage.dll
0x00007ffd78100000 - 0x00007ffd78342000 	C:\WINDOWS\SYSTEM32\DBGHELP.DLL
0x00007ffd797c0000 - 0x00007ffd79b3b000 	C:\WINDOWS\System32\combase.dll
0x00007ffd7b0f0000 - 0x00007ffd7b1c7000 	C:\WINDOWS\System32\OLEAUT32.dll
0x00007ffd780c0000 - 0x00007ffd780fc000 	C:\WINDOWS\SYSTEM32\dbgcore.DLL
0x00007ffd79450000 - 0x00007ffd794e8000 	C:\WINDOWS\System32\bcryptPrimitives.dll
0x00007ffd6d560000 - 0x00007ffd6d56f000 	C:\Program Files\Java\jdk-24\bin\instrument.dll
0x00007ffd6ba20000 - 0x00007ffd6ba3e000 	C:\Program Files\Java\jdk-24\bin\java.dll
0x00007ffd7b280000 - 0x00007ffd7b418000 	C:\WINDOWS\System32\ole32.dll
0x00007ffd7a570000 - 0x00007ffd7acbd000 	C:\WINDOWS\System32\SHELL32.dll
0x00007ffd792e0000 - 0x00007ffd7944b000 	C:\WINDOWS\System32\wintypes.dll
0x00007ffd75c00000 - 0x00007ffd7645d000 	C:\WINDOWS\SYSTEM32\windows.storage.dll
0x00007ffd7b4c0000 - 0x00007ffd7b5b2000 	C:\WINDOWS\System32\SHCORE.dll
0x00007ffd7acc0000 - 0x00007ffd7ad22000 	C:\WINDOWS\System32\shlwapi.dll
0x00007ffd78930000 - 0x00007ffd78959000 	C:\WINDOWS\SYSTEM32\profapi.dll
0x00007ffd48d10000 - 0x00007ffd48de7000 	C:\Program Files\Java\jdk-24\bin\jsvml.dll
0x00007ffd6b8f0000 - 0x00007ffd6b907000 	C:\Program Files\Java\jdk-24\bin\zip.dll
0x00007ffd67360000 - 0x00007ffd67370000 	C:\Program Files\Java\jdk-24\bin\net.dll
0x00007ffd77420000 - 0x00007ffd7748b000 	C:\WINDOWS\system32\mswsock.dll
0x00007ffd63f80000 - 0x00007ffd63f96000 	C:\Program Files\Java\jdk-24\bin\nio.dll
0x00007ffd668e0000 - 0x00007ffd668e9000 	C:\Program Files\Java\jdk-24\bin\extnet.dll
0x00007ffd2c110000 - 0x00007ffd2c28f000 	C:\Program Files\Java\jdk-24\bin\awt.dll
0x00007ffd74c40000 - 0x00007ffd74cdf000 	C:\WINDOWS\SYSTEM32\apphelp.dll
0x00007ffd75730000 - 0x00007ffd7575d000 	C:\WINDOWS\system32\DWMAPI.DLL
0x00007ffd752b0000 - 0x00007ffd7535a000 	C:\WINDOWS\system32\uxtheme.dll
0x00007ffcf4100000 - 0x00007ffcf420c000 	C:\WINDOWS\system32\opengl32.dll
0x00007ffcecd70000 - 0x00007ffcecd9d000 	C:\WINDOWS\SYSTEM32\GLU32.dll
0x00007ffd757c0000 - 0x00007ffd75804000 	C:\WINDOWS\SYSTEM32\dxcore.dll
0x00007ffd79660000 - 0x00007ffd797bb000 	C:\WINDOWS\System32\MSCTF.dll
0x00007ffd27820000 - 0x00007ffd279d0000 	C:\WINDOWS\system32\d3d9.dll
0x00007ffd71df0000 - 0x00007ffd71fab000 	C:\Windows\System32\DriverStore\FileRepository\u0387389.inf_amd64_995be970e30b8c79\B385477\aticfx64.dll
0x00007ffd5de00000 - 0x00007ffd5de34000 	C:\Windows\System32\DriverStore\FileRepository\u0387389.inf_amd64_995be970e30b8c79\B385477\atiu9p64.dll
0x00007ffd14750000 - 0x00007ffd154a5000 	C:\Windows\System32\DriverStore\FileRepository\u0387389.inf_amd64_995be970e30b8c79\B385477\atiumd64.dll
0x0000000076950000 - 0x0000000077877000 	C:\WINDOWS\System32\DriverStore\FileRepository\u0387389.inf_amd64_995be970e30b8c79\B385477\atiumd6a.dll
0x00007ffd79cf0000 - 0x00007ffd7a178000 	C:\WINDOWS\System32\SETUPAPI.dll
0x00007ffd6fcd0000 - 0x00007ffd6fd05000 	C:\WINDOWS\SYSTEM32\amdihk64.dll
0x00007ffd72880000 - 0x00007ffd728e3000 	C:\WINDOWS\SYSTEM32\directxdatabasehelper.dll
0x00007ffd49ba0000 - 0x00007ffd49c27000 	C:\Program Files\Java\jdk-24\bin\freetype.dll
0x00007ffd46ac0000 - 0x00007ffd46ba7000 	C:\Program Files\Java\jdk-24\bin\fontmanager.dll
0x00007ffd67c50000 - 0x00007ffd67d9a000 	C:\WINDOWS\SYSTEM32\textinputframework.dll
0x00007ffd74440000 - 0x00007ffd74565000 	C:\WINDOWS\SYSTEM32\CoreMessaging.dll
0x00007ffd72190000 - 0x00007ffd72473000 	C:\WINDOWS\SYSTEM32\CoreUIComponents.dll
0x00007ffd77910000 - 0x00007ffd7791c000 	C:\WINDOWS\SYSTEM32\CRYPTBASE.DLL
0x00007ffd678c0000 - 0x00007ffd67973000 	C:\WINDOWS\SYSTEM32\TextShaping.dll

JVMTI agents:
C:\Program Files\JetBrains\IntelliJ IDEA 2025.2.2\lib\idea_rt.jar path:C:\Program Files\Java\jdk-24\bin\instrument.dll, loaded, initialized, instrumentlib options:54734

dbghelp: loaded successfully - version: 4.0.5 - missing functions: none
symbol engine: initialized successfully - sym options: 0x614 - pdb path: .;C:\Program Files\Java\jdk-24\bin;C:\WINDOWS\SYSTEM32;C:\WINDOWS\WinSxS\amd64_microsoft.windows.common-controls_6595b64144ccf1df_6.0.26100.6899_none_3e0efeeae32e88c1;C:\Program Files\Java\jdk-24\bin\server;C:\Windows\System32\DriverStore\FileRepository\u0387389.inf_amd64_995be970e30b8c79\B385477

VM Arguments:
jvm_args: -javaagent:C:\Program Files\JetBrains\IntelliJ IDEA 2025.2.2\lib\idea_rt.jar=54734 -Dfile.encoding=UTF-8 -Dsun.stdout.encoding=UTF-8 -Dsun.stderr.encoding=UTF-8 
java_command: App
java_class_path (initial): C:\Users\Desa Pangauban\IdeaProjects\FlappyBird\out\production\FlappyBird
Launcher Type: SUN_STANDARD

[Global flags]
     intx CICompilerCount                          = 3                                         {product} {ergonomic}
     uint ConcGCThreads                            = 1                                         {product} {ergonomic}
     uint G1ConcRefinementThreads                  = 4                                         {product} {ergonomic}
   size_t G1HeapRegionSize                         = 1048576                                   {product} {ergonomic}
   size_t InitialHeapSize                          = 123731968                                 {product} {ergonomic}
   size_t MarkStackSize                            = 4194304                                   {product} {ergonomic}
   size_t MarkStackSizeMax                         = 536870912                                 {product} {ergonomic}
   size_t MaxHeapSize                              = 1967128576                                {product} {ergonomic}
   size_t MaxNewSize                               = 1179648000                                {product} {ergonomic}
   size_t MinHeapDeltaBytes                        = 1048576                                   {product} {ergonomic}
   size_t MinHeapSize                              = 8388608                                   {product} {ergonomic}
    uintx NonNMethodCodeHeapSize                   = 5832704                                {pd product} {ergonomic}
    uintx NonProfiledCodeHeapSize                  = 122945536                              {pd product} {ergonomic}
    uintx ProfiledCodeHeapSize                     = 122880000                              {pd product} {ergonomic}
    uintx ReservedCodeCacheSize                    = 251658240                              {pd product} {ergonomic}
     bool SegmentedCodeCache                       = true                                      {product} {ergonomic}
   size_t SoftMaxHeapSize                          = 1967128576                             {manageable} {ergonomic}
     bool UseCompressedOops                        = true                           {product lp64_product} {ergonomic}
     bool UseG1GC                                  = true                                      {product} {ergonomic}
     bool UseLargePagesIndividualAllocation        = false                                  {pd product} {ergonomic}

Logging:
Log output configuration:
 #0: stdout all=warning uptime,level,tags foldmultilines=false
 #1: stderr all=off uptime,level,tags foldmultilines=false

Environment Variables:
PATH=C:\Program Files\Common Files\Oracle\Java\javapath;C:\WINDOWS\system32;C:\WINDOWS;C:\WINDOWS\System32\Wbem;C:\WINDOWS\System32\WindowsPowerShell\v1.0\;C:\WINDOWS\System32\OpenSSH\;C:\mingw64\bin;C:\Program Files\mosquitto;C:\Users\Desa Pangauban\Downloads\xampp\mysql\bin;C:\Users\Desa Pangauban\Downloads\xampp\php;C:\ProgramData\ComposerSetup\bin;C:\Program Files\nodejs\;C:\Program Files\Git\cmd;C:\Users\Desa Pangauban\AppData\Local\Programs\Python\Python313\Scripts\;C:\Users\Desa Pangauban\AppData\Local\Programs\Python\Python313\;C:\Users\Desa Pangauban\AppData\Local\Programs\Python\Launcher\;C:\Users\Desa Pangauban\AppData\Local\Microsoft\WindowsApps;C:\Users\Desa Pangauban\AppData\Local\Programs\Microsoft VS Code\bin;C:\Users\Desa Pangauban\Downloads\xampp\mysql\bin;C:\Users\Desa Pangauban\Downloads\xampp\php;C:\Users\Desa Pangauban\Documents\SEMESTER 2\XAMP\php;C:\Users\Desa Pangauban\Documents\SEMESTER 2\XAMP\mysql\bin;C:\xampp\php;C:\Users\Desa Pangauban\AppData\Roaming\Composer\vendor\bin;C:\Users\Desa Pangauban\AppData\Roaming\npm;C:\Program Files\JetBrains\IntelliJ IDEA 2025.2.2\bin
USERNAME=Desa Pangauban
OS=Windows_NT
PROCESSOR_IDENTIFIER=AMD64 Family 23 Model 104 Stepping 1, AuthenticAMD
TMP=C:\Users\DESAPA~1\AppData\Local\Temp
TEMP=C:\Users\DESAPA~1\AppData\Local\Temp




Periodic native trim disabled

---------------  S Y S T E M  ---------------

OS:
 Windows 11 , 64 bit Build 26100 (10.0.26100.6725)
OS uptime: 0 days 0:28 hours
Hyper-V role detected

CPU: total 4 (initial active 4) (8 cores per cpu, 2 threads per core) family 23 model 104 stepping 1 microcode 0x8608104, cx8, cmov, fxsr, ht, mmx, 3dnowpref, sse, sse2, sse3, ssse3, sse4a, sse4.1, sse4.2, popcnt, lzcnt, tsc, tscinvbit, avx, avx2, aes, clmul, bmi1, bmi2, adx, sha, fma, vzeroupper, clflush, clflushopt, hv, rdtscp, rdpid, f16c
Processor Information for the first 4 processors :
  Max Mhz: 2600, Current Mhz: 1896, Mhz Limit: 2600

Memory: 4k page, system-wide physical 7502M (1073M free)
TotalPageFile size 9550M (AvailPageFile size 1M)
current process WorkingSet (physical memory assigned to process): 163M, peak: 163M
current process commit charge ("private bytes"): 279M, peak: 284M

vm_info: Java HotSpot(TM) 64-Bit Server VM (24.0.2+12-54) for windows-amd64 JRE (24.0.2+12-54), built on 2025-07-08T12:10:27Z with MS VC++ 17.6 (VS2022)

END.
