#
# There is insufficient memory for the Java Runtime Environment to continue.
# Native memory allocation (malloc) failed to allocate 1427728 bytes. Error detail: Chunk::new
# Possible reasons:
#   The system is out of physical RAM or swap space
#   This process is running with CompressedOops enabled, and the Java Heap may be blocking the growth of the native heap
# Possible solutions:
#   Reduce memory load on the system
#   Increase physical memory or swap space
#   Check if swap backing store is full
#   Decrease Java heap size (-Xmx/-Xms)
#   Decrease number of Java threads
#   Decrease Java thread stack sizes (-Xss)
#   Set larger code cache with -XX:ReservedCodeCacheSize=
#   JVM is running with Unscaled Compressed Oops mode in which the Java heap is
#     placed in the first 4GB address space. The Java Heap base address is the
#     maximum limit for the native heap growth. Please use -XX:HeapBaseMinAddress
#     to set the Java Heap base and to place the Java Heap above 4GB virtual address.
# This output file may be truncated or incomplete.
#
#  Out of Memory Error (arena.cpp:162), pid=6120, tid=11528
#
# JRE version: Java(TM) SE Runtime Environment (24.0.2+12) (build 24.0.2+12-54)
# Java VM: Java HotSpot(TM) 64-Bit Server VM (24.0.2+12-54, mixed mode, sharing, tiered, compressed oops, compressed class ptrs, g1 gc, windows-amd64)
# No core dump will be written. Minidumps are not enabled by default on client versions of Windows
#

---------------  S U M M A R Y ------------

Command Line: -javaagent:C:\Program Files\JetBrains\IntelliJ IDEA 2025.2.2\lib\idea_rt.jar=55157 -Dfile.encoding=UTF-8 -Dsun.stdout.encoding=UTF-8 -Dsun.stderr.encoding=UTF-8 FlappyBirdGame

Host: AMD Ryzen 3 5300U with Radeon Graphics         , 4 cores, 7G,  Windows 11 , 64 bit Build 26100 (10.0.26100.6725)
Time: Fri Oct 31 23:27:58 2025 SE Asia Standard Time elapsed time: 1.301361 seconds (0d 0h 0m 1s)

---------------  T H R E A D  ---------------

Current thread (0x0000027dcef1d830):  JavaThread "C2 CompilerThread0" daemon [_thread_in_native, id=11528, stack(0x000000d99ad00000,0x000000d99ae00000) (1024K)]


Current CompileTask:
C2:1301  627       4       java.lang.StringLatin1::replace (197 bytes)

Stack: [0x000000d99ad00000,0x000000d99ae00000]
Native frames: (J=compiled Java code, j=interpreted, Vv=VM code, C=native code)
V  [jvm.dll+0x730829]  (no source info available)
V  [jvm.dll+0x8d9da3]  (no source info available)
V  [jvm.dll+0x8dc28d]  (no source info available)
V  [jvm.dll+0x8dc903]  (no source info available)
V  [jvm.dll+0x2a9f56]  (no source info available)
V  [jvm.dll+0xced7f]  (no source info available)
V  [jvm.dll+0xcefdf]  (no source info available)
V  [jvm.dll+0x154c83]  (no source info available)
V  [jvm.dll+0x73604f]  (no source info available)
V  [jvm.dll+0x26f8dc]  (no source info available)
V  [jvm.dll+0x26e8ff]  (no source info available)
V  [jvm.dll+0x1e9c90]  (no source info available)
V  [jvm.dll+0x27e0cb]  (no source info available)
V  [jvm.dll+0x27c36a]  (no source info available)
V  [jvm.dll+0x42f396]  (no source info available)
V  [jvm.dll+0x87d9eb]  (no source info available)
V  [jvm.dll+0x72ef45]  (no source info available)
C  [ucrtbase.dll+0x37b0]  (no source info available)
C  [KERNEL32.DLL+0x2e8d7]  (no source info available)
C  [ntdll.dll+0x8c53c]  (no source info available)

Lock stack of current Java thread (top to bottom):


---------------  P R O C E S S  ---------------

Threads class SMR info:
_java_thread_list=0x0000027e14843660, length=16, elements={
0x0000027db2bea920, 0x0000027dcef0ca00, 0x0000027dcef0e220, 0x0000027dcef140e0,
0x0000027dcef15090, 0x0000027dcef16730, 0x0000027dcef19580, 0x0000027dcef1d830,
0x0000027dcef272f0, 0x0000027e14202520, 0x0000027e14164370, 0x0000027e1417ed80,
0x0000027e1442eb10, 0x0000027e1442f250, 0x0000027e147e4600, 0x0000027e148d6390
}

Java Threads: ( => current thread )
  0x0000027db2bea920 JavaThread "main"                              [_thread_in_native, id=6684, stack(0x000000d999f00000,0x000000d99a000000) (1024K)]
  0x0000027dcef0ca00 JavaThread "Reference Handler"          daemon [_thread_blocked, id=5188, stack(0x000000d99a700000,0x000000d99a800000) (1024K)]
  0x0000027dcef0e220 JavaThread "Finalizer"                  daemon [_thread_blocked, id=6764, stack(0x000000d99a800000,0x000000d99a900000) (1024K)]
  0x0000027dcef140e0 JavaThread "Signal Dispatcher"          daemon [_thread_blocked, id=15932, stack(0x000000d99a900000,0x000000d99aa00000) (1024K)]
  0x0000027dcef15090 JavaThread "Attach Listener"            daemon [_thread_blocked, id=11988, stack(0x000000d99aa00000,0x000000d99ab00000) (1024K)]
  0x0000027dcef16730 JavaThread "Service Thread"             daemon [_thread_blocked, id=8504, stack(0x000000d99ab00000,0x000000d99ac00000) (1024K)]
  0x0000027dcef19580 JavaThread "Monitor Deflation Thread"   daemon [_thread_blocked, id=3996, stack(0x000000d99ac00000,0x000000d99ad00000) (1024K)]
=>0x0000027dcef1d830 JavaThread "C2 CompilerThread0"         daemon [_thread_in_native, id=11528, stack(0x000000d99ad00000,0x000000d99ae00000) (1024K)]
  0x0000027dcef272f0 JavaThread "C1 CompilerThread0"         daemon [_thread_blocked, id=1728, stack(0x000000d99ae00000,0x000000d99af00000) (1024K)]
  0x0000027e14202520 JavaThread "Common-Cleaner"             daemon [_thread_blocked, id=2428, stack(0x000000d99af00000,0x000000d99b000000) (1024K)]
  0x0000027e14164370 JavaThread "Monitor Ctrl-Break"         daemon [_thread_in_native, id=15168, stack(0x000000d99b000000,0x000000d99b100000) (1024K)]
  0x0000027e1417ed80 JavaThread "Notification Thread"        daemon [_thread_blocked, id=11228, stack(0x000000d99b100000,0x000000d99b200000) (1024K)]
  0x0000027e1442eb10 JavaThread "Java2D Disposer"            daemon [_thread_blocked, id=1180, stack(0x000000d99b200000,0x000000d99b300000) (1024K)]
  0x0000027e1442f250 JavaThread "AWT-Shutdown"                      [_thread_blocked, id=2832, stack(0x000000d99b300000,0x000000d99b400000) (1024K)]
  0x0000027e147e4600 JavaThread "AWT-Windows"                daemon [_thread_in_native, id=13944, stack(0x000000d99b400000,0x000000d99b500000) (1024K)]
  0x0000027e148d6390 JavaThread "AWT-EventQueue-0"                  [_thread_blocked, id=16004, stack(0x000000d99b700000,0x000000d99b800000) (1024K)]
Total: 16

Other Threads:
  0x0000027dceefcea0 VMThread "VM Thread"                           [id=7040, stack(0x000000d99a600000,0x000000d99a700000) (1024K)]
  0x0000027dcedc9230 WatcherThread "VM Periodic Task Thread"        [id=11356, stack(0x000000d99a500000,0x000000d99a600000) (1024K)]
  0x0000027db2c3d7c0 WorkerThread "GC Thread#0"                     [id=940, stack(0x000000d99a000000,0x000000d99a100000) (1024K)]
  0x0000027db2c510b0 ConcurrentGCThread "G1 Main Marker"            [id=4820, stack(0x000000d99a100000,0x000000d99a200000) (1024K)]
  0x0000027db2c52ab0 WorkerThread "G1 Conc#0"                       [id=15228, stack(0x000000d99a200000,0x000000d99a300000) (1024K)]
  0x0000027dcedbe520 ConcurrentGCThread "G1 Refine#0"               [id=6788, stack(0x000000d99a300000,0x000000d99a400000) (1024K)]
  0x0000027dcedbfd00 ConcurrentGCThread "G1 Service"                [id=9336, stack(0x000000d99a400000,0x000000d99a500000) (1024K)]
Total: 7

Threads with active compile tasks:
C2 CompilerThread0  1421  627       4       java.lang.StringLatin1::replace (197 bytes)
Total: 1

VM state: not at safepoint (normal execution)

VM Mutex/Monitor currently owned by a thread: None

Heap address: 0x000000008ac00000, size: 1876 MB, Compressed Oops mode: 32-bit

CDS archive(s) mapped at: [0x0000027dcf000000-0x0000027dcfd40000-0x0000027dcfd40000), size 13893632, SharedBaseAddress: 0x0000027dcf000000, ArchiveRelocationMode: 1.
Compressed class space mapped at: 0x0000027dd0000000-0x0000027e10000000, reserved size: 1073741824
UseCompressedClassPointers 1, UseCompactObjectHeaders 0
Narrow klass pointer bits 32, Max shift 3
Narrow klass base: 0x0000027dcf000000, Narrow klass shift: 0
Encoding Range: [0x0000027dcf000000 - 0x0000027ecf000000), (4294967296 bytes)
Klass Range:    [0x0000027dcf000000 - 0x0000027e10000000), (1090519040 bytes)
Klass ID Range:  [8 - 1090519033) (1090519025)

GC Precious Log:
 CardTable entry size: 512
 Card Set container configuration: InlinePtr #cards 5 size 8 Array Of Cards #cards 10 size 36 Howl #buckets 4 coarsen threshold 1843 Howl Bitmap #cards 512 size 80 coarsen threshold 460 Card regions per heap region 1 cards per card region 2048
 CPUs: 4 total, 4 available
 Memory: 7502M
 Large Page Support: Disabled
 NUMA Support: Disabled
 Compressed Oops: Enabled (32-bit)
 Heap Region Size: 1M
 Heap Min Capacity: 8M
 Heap Initial Capacity: 118M
 Heap Max Capacity: 1876M
 Pre-touch: Disabled
 Parallel Workers: 4
 Concurrent Workers: 1
 Concurrent Refinement Workers: 4
 Periodic GC: Disabled

Heap:
 garbage-first heap   total reserved 1921024K, committed 122880K, used 10356K [0x000000008ac00000, 0x0000000100000000)
  region size 1024K, 10 young (10240K), 0 survivors (0K)
 Metaspace       used 6214K, committed 6400K, reserved 1114112K
  class space    used 517K, committed 640K, reserved 1048576K

Heap Regions: E=young(eden), S=young(survivor), O=old, HS=humongous(starts), HC=humongous(continues), CS=collection set, F=free, TAMS=top-at-mark-start, PB=parsable bottom
|   0|0x000000008ac00000, 0x000000008ac00000, 0x000000008ad00000|  0%| F|  |TAMS 0x000000008ac00000| PB 0x000000008ac00000| Untracked |  0
|   1|0x000000008ad00000, 0x000000008ad00000, 0x000000008ae00000|  0%| F|  |TAMS 0x000000008ad00000| PB 0x000000008ad00000| Untracked |  0
|   2|0x000000008ae00000, 0x000000008ae00000, 0x000000008af00000|  0%| F|  |TAMS 0x000000008ae00000| PB 0x000000008ae00000| Untracked |  0
|   3|0x000000008af00000, 0x000000008af00000, 0x000000008b000000|  0%| F|  |TAMS 0x000000008af00000| PB 0x000000008af00000| Untracked |  0
|   4|0x000000008b000000, 0x000000008b000000, 0x000000008b100000|  0%| F|  |TAMS 0x000000008b000000| PB 0x000000008b000000| Untracked |  0
|   5|0x000000008b100000, 0x000000008b100000, 0x000000008b200000|  0%| F|  |TAMS 0x000000008b100000| PB 0x000000008b100000| Untracked |  0
|   6|0x000000008b200000, 0x000000008b200000, 0x000000008b300000|  0%| F|  |TAMS 0x000000008b200000| PB 0x000000008b200000| Untracked |  0
|   7|0x000000008b300000, 0x000000008b300000, 0x000000008b400000|  0%| F|  |TAMS 0x000000008b300000| PB 0x000000008b300000| Untracked |  0
|   8|0x000000008b400000, 0x000000008b400000, 0x000000008b500000|  0%| F|  |TAMS 0x000000008b400000| PB 0x000000008b400000| Untracked |  0
|   9|0x000000008b500000, 0x000000008b500000, 0x000000008b600000|  0%| F|  |TAMS 0x000000008b500000| PB 0x000000008b500000| Untracked |  0
|  10|0x000000008b600000, 0x000000008b600000, 0x000000008b700000|  0%| F|  |TAMS 0x000000008b600000| PB 0x000000008b600000| Untracked |  0
|  11|0x000000008b700000, 0x000000008b700000, 0x000000008b800000|  0%| F|  |TAMS 0x000000008b700000| PB 0x000000008b700000| Untracked |  0
|  12|0x000000008b800000, 0x000000008b800000, 0x000000008b900000|  0%| F|  |TAMS 0x000000008b800000| PB 0x000000008b800000| Untracked |  0
|  13|0x000000008b900000, 0x000000008b900000, 0x000000008ba00000|  0%| F|  |TAMS 0x000000008b900000| PB 0x000000008b900000| Untracked |  0
|  14|0x000000008ba00000, 0x000000008ba00000, 0x000000008bb00000|  0%| F|  |TAMS 0x000000008ba00000| PB 0x000000008ba00000| Untracked |  0
|  15|0x000000008bb00000, 0x000000008bb00000, 0x000000008bc00000|  0%| F|  |TAMS 0x000000008bb00000| PB 0x000000008bb00000| Untracked |  0
|  16|0x000000008bc00000, 0x000000008bc00000, 0x000000008bd00000|  0%| F|  |TAMS 0x000000008bc00000| PB 0x000000008bc00000| Untracked |  0
|  17|0x000000008bd00000, 0x000000008bd00000, 0x000000008be00000|  0%| F|  |TAMS 0x000000008bd00000| PB 0x000000008bd00000| Untracked |  0
|  18|0x000000008be00000, 0x000000008be00000, 0x000000008bf00000|  0%| F|  |TAMS 0x000000008be00000| PB 0x000000008be00000| Untracked |  0
|  19|0x000000008bf00000, 0x000000008bf00000, 0x000000008c000000|  0%| F|  |TAMS 0x000000008bf00000| PB 0x000000008bf00000| Untracked |  0
|  20|0x000000008c000000, 0x000000008c000000, 0x000000008c100000|  0%| F|  |TAMS 0x000000008c000000| PB 0x000000008c000000| Untracked |  0
|  21|0x000000008c100000, 0x000000008c100000, 0x000000008c200000|  0%| F|  |TAMS 0x000000008c100000| PB 0x000000008c100000| Untracked |  0
|  22|0x000000008c200000, 0x000000008c200000, 0x000000008c300000|  0%| F|  |TAMS 0x000000008c200000| PB 0x000000008c200000| Untracked |  0
|  23|0x000000008c300000, 0x000000008c300000, 0x000000008c400000|  0%| F|  |TAMS 0x000000008c300000| PB 0x000000008c300000| Untracked |  0
|  24|0x000000008c400000, 0x000000008c400000, 0x000000008c500000|  0%| F|  |TAMS 0x000000008c400000| PB 0x000000008c400000| Untracked |  0
|  25|0x000000008c500000, 0x000000008c500000, 0x000000008c600000|  0%| F|  |TAMS 0x000000008c500000| PB 0x000000008c500000| Untracked |  0
|  26|0x000000008c600000, 0x000000008c600000, 0x000000008c700000|  0%| F|  |TAMS 0x000000008c600000| PB 0x000000008c600000| Untracked |  0
|  27|0x000000008c700000, 0x000000008c700000, 0x000000008c800000|  0%| F|  |TAMS 0x000000008c700000| PB 0x000000008c700000| Untracked |  0
|  28|0x000000008c800000, 0x000000008c800000, 0x000000008c900000|  0%| F|  |TAMS 0x000000008c800000| PB 0x000000008c800000| Untracked |  0
|  29|0x000000008c900000, 0x000000008c900000, 0x000000008ca00000|  0%| F|  |TAMS 0x000000008c900000| PB 0x000000008c900000| Untracked |  0
|  30|0x000000008ca00000, 0x000000008ca00000, 0x000000008cb00000|  0%| F|  |TAMS 0x000000008ca00000| PB 0x000000008ca00000| Untracked |  0
|  31|0x000000008cb00000, 0x000000008cb00000, 0x000000008cc00000|  0%| F|  |TAMS 0x000000008cb00000| PB 0x000000008cb00000| Untracked |  0
|  32|0x000000008cc00000, 0x000000008cc00000, 0x000000008cd00000|  0%| F|  |TAMS 0x000000008cc00000| PB 0x000000008cc00000| Untracked |  0
|  33|0x000000008cd00000, 0x000000008cd00000, 0x000000008ce00000|  0%| F|  |TAMS 0x000000008cd00000| PB 0x000000008cd00000| Untracked |  0
|  34|0x000000008ce00000, 0x000000008ce00000, 0x000000008cf00000|  0%| F|  |TAMS 0x000000008ce00000| PB 0x000000008ce00000| Untracked |  0
|  35|0x000000008cf00000, 0x000000008cf00000, 0x000000008d000000|  0%| F|  |TAMS 0x000000008cf00000| PB 0x000000008cf00000| Untracked |  0
|  36|0x000000008d000000, 0x000000008d000000, 0x000000008d100000|  0%| F|  |TAMS 0x000000008d000000| PB 0x000000008d000000| Untracked |  0
|  37|0x000000008d100000, 0x000000008d100000, 0x000000008d200000|  0%| F|  |TAMS 0x000000008d100000| PB 0x000000008d100000| Untracked |  0
|  38|0x000000008d200000, 0x000000008d200000, 0x000000008d300000|  0%| F|  |TAMS 0x000000008d200000| PB 0x000000008d200000| Untracked |  0
|  39|0x000000008d300000, 0x000000008d300000, 0x000000008d400000|  0%| F|  |TAMS 0x000000008d300000| PB 0x000000008d300000| Untracked |  0
|  40|0x000000008d400000, 0x000000008d400000, 0x000000008d500000|  0%| F|  |TAMS 0x000000008d400000| PB 0x000000008d400000| Untracked |  0
|  41|0x000000008d500000, 0x000000008d500000, 0x000000008d600000|  0%| F|  |TAMS 0x000000008d500000| PB 0x000000008d500000| Untracked |  0
|  42|0x000000008d600000, 0x000000008d600000, 0x000000008d700000|  0%| F|  |TAMS 0x000000008d600000| PB 0x000000008d600000| Untracked |  0
|  43|0x000000008d700000, 0x000000008d700000, 0x000000008d800000|  0%| F|  |TAMS 0x000000008d700000| PB 0x000000008d700000| Untracked |  0
|  44|0x000000008d800000, 0x000000008d800000, 0x000000008d900000|  0%| F|  |TAMS 0x000000008d800000| PB 0x000000008d800000| Untracked |  0
|  45|0x000000008d900000, 0x000000008d900000, 0x000000008da00000|  0%| F|  |TAMS 0x000000008d900000| PB 0x000000008d900000| Untracked |  0
|  46|0x000000008da00000, 0x000000008da00000, 0x000000008db00000|  0%| F|  |TAMS 0x000000008da00000| PB 0x000000008da00000| Untracked |  0
|  47|0x000000008db00000, 0x000000008db00000, 0x000000008dc00000|  0%| F|  |TAMS 0x000000008db00000| PB 0x000000008db00000| Untracked |  0
|  48|0x000000008dc00000, 0x000000008dc00000, 0x000000008dd00000|  0%| F|  |TAMS 0x000000008dc00000| PB 0x000000008dc00000| Untracked |  0
|  49|0x000000008dd00000, 0x000000008dd00000, 0x000000008de00000|  0%| F|  |TAMS 0x000000008dd00000| PB 0x000000008dd00000| Untracked |  0
|  50|0x000000008de00000, 0x000000008de00000, 0x000000008df00000|  0%| F|  |TAMS 0x000000008de00000| PB 0x000000008de00000| Untracked |  0
|  51|0x000000008df00000, 0x000000008df00000, 0x000000008e000000|  0%| F|  |TAMS 0x000000008df00000| PB 0x000000008df00000| Untracked |  0
|  52|0x000000008e000000, 0x000000008e000000, 0x000000008e100000|  0%| F|  |TAMS 0x000000008e000000| PB 0x000000008e000000| Untracked |  0
|  53|0x000000008e100000, 0x000000008e100000, 0x000000008e200000|  0%| F|  |TAMS 0x000000008e100000| PB 0x000000008e100000| Untracked |  0
|  54|0x000000008e200000, 0x000000008e200000, 0x000000008e300000|  0%| F|  |TAMS 0x000000008e200000| PB 0x000000008e200000| Untracked |  0
|  55|0x000000008e300000, 0x000000008e300000, 0x000000008e400000|  0%| F|  |TAMS 0x000000008e300000| PB 0x000000008e300000| Untracked |  0
|  56|0x000000008e400000, 0x000000008e400000, 0x000000008e500000|  0%| F|  |TAMS 0x000000008e400000| PB 0x000000008e400000| Untracked |  0
|  57|0x000000008e500000, 0x000000008e500000, 0x000000008e600000|  0%| F|  |TAMS 0x000000008e500000| PB 0x000000008e500000| Untracked |  0
|  58|0x000000008e600000, 0x000000008e600000, 0x000000008e700000|  0%| F|  |TAMS 0x000000008e600000| PB 0x000000008e600000| Untracked |  0
|  59|0x000000008e700000, 0x000000008e700000, 0x000000008e800000|  0%| F|  |TAMS 0x000000008e700000| PB 0x000000008e700000| Untracked |  0
|  60|0x000000008e800000, 0x000000008e800000, 0x000000008e900000|  0%| F|  |TAMS 0x000000008e800000| PB 0x000000008e800000| Untracked |  0
|  61|0x000000008e900000, 0x000000008e900000, 0x000000008ea00000|  0%| F|  |TAMS 0x000000008e900000| PB 0x000000008e900000| Untracked |  0
|  62|0x000000008ea00000, 0x000000008ea00000, 0x000000008eb00000|  0%| F|  |TAMS 0x000000008ea00000| PB 0x000000008ea00000| Untracked |  0
|  63|0x000000008eb00000, 0x000000008eb00000, 0x000000008ec00000|  0%| F|  |TAMS 0x000000008eb00000| PB 0x000000008eb00000| Untracked |  0
|  64|0x000000008ec00000, 0x000000008ec00000, 0x000000008ed00000|  0%| F|  |TAMS 0x000000008ec00000| PB 0x000000008ec00000| Untracked |  0
|  65|0x000000008ed00000, 0x000000008ed00000, 0x000000008ee00000|  0%| F|  |TAMS 0x000000008ed00000| PB 0x000000008ed00000| Untracked |  0
|  66|0x000000008ee00000, 0x000000008ee00000, 0x000000008ef00000|  0%| F|  |TAMS 0x000000008ee00000| PB 0x000000008ee00000| Untracked |  0
|  67|0x000000008ef00000, 0x000000008ef00000, 0x000000008f000000|  0%| F|  |TAMS 0x000000008ef00000| PB 0x000000008ef00000| Untracked |  0
|  68|0x000000008f000000, 0x000000008f000000, 0x000000008f100000|  0%| F|  |TAMS 0x000000008f000000| PB 0x000000008f000000| Untracked |  0
|  69|0x000000008f100000, 0x000000008f100000, 0x000000008f200000|  0%| F|  |TAMS 0x000000008f100000| PB 0x000000008f100000| Untracked |  0
|  70|0x000000008f200000, 0x000000008f200000, 0x000000008f300000|  0%| F|  |TAMS 0x000000008f200000| PB 0x000000008f200000| Untracked |  0
|  71|0x000000008f300000, 0x000000008f300000, 0x000000008f400000|  0%| F|  |TAMS 0x000000008f300000| PB 0x000000008f300000| Untracked |  0
|  72|0x000000008f400000, 0x000000008f400000, 0x000000008f500000|  0%| F|  |TAMS 0x000000008f400000| PB 0x000000008f400000| Untracked |  0
|  73|0x000000008f500000, 0x000000008f500000, 0x000000008f600000|  0%| F|  |TAMS 0x000000008f500000| PB 0x000000008f500000| Untracked |  0
|  74|0x000000008f600000, 0x000000008f600000, 0x000000008f700000|  0%| F|  |TAMS 0x000000008f600000| PB 0x000000008f600000| Untracked |  0
|  75|0x000000008f700000, 0x000000008f700000, 0x000000008f800000|  0%| F|  |TAMS 0x000000008f700000| PB 0x000000008f700000| Untracked |  0
|  76|0x000000008f800000, 0x000000008f800000, 0x000000008f900000|  0%| F|  |TAMS 0x000000008f800000| PB 0x000000008f800000| Untracked |  0
|  77|0x000000008f900000, 0x000000008f900000, 0x000000008fa00000|  0%| F|  |TAMS 0x000000008f900000| PB 0x000000008f900000| Untracked |  0
|  78|0x000000008fa00000, 0x000000008fa00000, 0x000000008fb00000|  0%| F|  |TAMS 0x000000008fa00000| PB 0x000000008fa00000| Untracked |  0
|  79|0x000000008fb00000, 0x000000008fb00000, 0x000000008fc00000|  0%| F|  |TAMS 0x000000008fb00000| PB 0x000000008fb00000| Untracked |  0
|  80|0x000000008fc00000, 0x000000008fc00000, 0x000000008fd00000|  0%| F|  |TAMS 0x000000008fc00000| PB 0x000000008fc00000| Untracked |  0
|  81|0x000000008fd00000, 0x000000008fd00000, 0x000000008fe00000|  0%| F|  |TAMS 0x000000008fd00000| PB 0x000000008fd00000| Untracked |  0
|  82|0x000000008fe00000, 0x000000008fe00000, 0x000000008ff00000|  0%| F|  |TAMS 0x000000008fe00000| PB 0x000000008fe00000| Untracked |  0
|  83|0x000000008ff00000, 0x000000008ff00000, 0x0000000090000000|  0%| F|  |TAMS 0x000000008ff00000| PB 0x000000008ff00000| Untracked |  0
|  84|0x0000000090000000, 0x0000000090000000, 0x0000000090100000|  0%| F|  |TAMS 0x0000000090000000| PB 0x0000000090000000| Untracked |  0
|  85|0x0000000090100000, 0x0000000090100000, 0x0000000090200000|  0%| F|  |TAMS 0x0000000090100000| PB 0x0000000090100000| Untracked |  0
|  86|0x0000000090200000, 0x0000000090200000, 0x0000000090300000|  0%| F|  |TAMS 0x0000000090200000| PB 0x0000000090200000| Untracked |  0
|  87|0x0000000090300000, 0x0000000090300000, 0x0000000090400000|  0%| F|  |TAMS 0x0000000090300000| PB 0x0000000090300000| Untracked |  0
|  88|0x0000000090400000, 0x0000000090400000, 0x0000000090500000|  0%| F|  |TAMS 0x0000000090400000| PB 0x0000000090400000| Untracked |  0
|  89|0x0000000090500000, 0x0000000090500000, 0x0000000090600000|  0%| F|  |TAMS 0x0000000090500000| PB 0x0000000090500000| Untracked |  0
|  90|0x0000000090600000, 0x0000000090600000, 0x0000000090700000|  0%| F|  |TAMS 0x0000000090600000| PB 0x0000000090600000| Untracked |  0
|  91|0x0000000090700000, 0x0000000090700000, 0x0000000090800000|  0%| F|  |TAMS 0x0000000090700000| PB 0x0000000090700000| Untracked |  0
|  92|0x0000000090800000, 0x0000000090800000, 0x0000000090900000|  0%| F|  |TAMS 0x0000000090800000| PB 0x0000000090800000| Untracked |  0
|  93|0x0000000090900000, 0x0000000090900000, 0x0000000090a00000|  0%| F|  |TAMS 0x0000000090900000| PB 0x0000000090900000| Untracked |  0
|  94|0x0000000090a00000, 0x0000000090a00000, 0x0000000090b00000|  0%| F|  |TAMS 0x0000000090a00000| PB 0x0000000090a00000| Untracked |  0
|  95|0x0000000090b00000, 0x0000000090b00000, 0x0000000090c00000|  0%| F|  |TAMS 0x0000000090b00000| PB 0x0000000090b00000| Untracked |  0
|  96|0x0000000090c00000, 0x0000000090c00000, 0x0000000090d00000|  0%| F|  |TAMS 0x0000000090c00000| PB 0x0000000090c00000| Untracked |  0
|  97|0x0000000090d00000, 0x0000000090d00000, 0x0000000090e00000|  0%| F|  |TAMS 0x0000000090d00000| PB 0x0000000090d00000| Untracked |  0
|  98|0x0000000090e00000, 0x0000000090e00000, 0x0000000090f00000|  0%| F|  |TAMS 0x0000000090e00000| PB 0x0000000090e00000| Untracked |  0
|  99|0x0000000090f00000, 0x0000000090f00000, 0x0000000091000000|  0%| F|  |TAMS 0x0000000090f00000| PB 0x0000000090f00000| Untracked |  0
| 100|0x0000000091000000, 0x0000000091000000, 0x0000000091100000|  0%| F|  |TAMS 0x0000000091000000| PB 0x0000000091000000| Untracked |  0
| 101|0x0000000091100000, 0x0000000091100000, 0x0000000091200000|  0%| F|  |TAMS 0x0000000091100000| PB 0x0000000091100000| Untracked |  0
| 102|0x0000000091200000, 0x0000000091200000, 0x0000000091300000|  0%| F|  |TAMS 0x0000000091200000| PB 0x0000000091200000| Untracked |  0
| 103|0x0000000091300000, 0x0000000091300000, 0x0000000091400000|  0%| F|  |TAMS 0x0000000091300000| PB 0x0000000091300000| Untracked |  0
| 104|0x0000000091400000, 0x0000000091400000, 0x0000000091500000|  0%| F|  |TAMS 0x0000000091400000| PB 0x0000000091400000| Untracked |  0
| 105|0x0000000091500000, 0x0000000091500000, 0x0000000091600000|  0%| F|  |TAMS 0x0000000091500000| PB 0x0000000091500000| Untracked |  0
| 106|0x0000000091600000, 0x0000000091600000, 0x0000000091700000|  0%| F|  |TAMS 0x0000000091600000| PB 0x0000000091600000| Untracked |  0
| 107|0x0000000091700000, 0x0000000091700000, 0x0000000091800000|  0%| F|  |TAMS 0x0000000091700000| PB 0x0000000091700000| Untracked |  0
| 108|0x0000000091800000, 0x0000000091900000, 0x0000000091900000|100%| E|  |TAMS 0x0000000091800000| PB 0x0000000091800000| Complete |  0
| 109|0x0000000091900000, 0x0000000091a00000, 0x0000000091a00000|100%| E|CS|TAMS 0x0000000091900000| PB 0x0000000091900000| Complete |  0
| 110|0x0000000091a00000, 0x0000000091b00000, 0x0000000091b00000|100%| E|CS|TAMS 0x0000000091a00000| PB 0x0000000091a00000| Complete |  0
| 111|0x0000000091b00000, 0x0000000091c00000, 0x0000000091c00000|100%| E|CS|TAMS 0x0000000091b00000| PB 0x0000000091b00000| Complete |  0
| 112|0x0000000091c00000, 0x0000000091d00000, 0x0000000091d00000|100%| E|CS|TAMS 0x0000000091c00000| PB 0x0000000091c00000| Complete |  0
| 113|0x0000000091d00000, 0x0000000091e00000, 0x0000000091e00000|100%| E|CS|TAMS 0x0000000091d00000| PB 0x0000000091d00000| Complete |  0
| 114|0x0000000091e00000, 0x0000000091f00000, 0x0000000091f00000|100%| E|CS|TAMS 0x0000000091e00000| PB 0x0000000091e00000| Complete |  0
| 115|0x0000000091f00000, 0x0000000092000000, 0x0000000092000000|100%| E|CS|TAMS 0x0000000091f00000| PB 0x0000000091f00000| Complete |  0
| 116|0x0000000092000000, 0x0000000092100000, 0x0000000092100000|100%| E|CS|TAMS 0x0000000092000000| PB 0x0000000092000000| Complete |  0
| 117|0x0000000092100000, 0x0000000092200000, 0x0000000092200000|100%| E|CS|TAMS 0x0000000092100000| PB 0x0000000092100000| Complete |  0
|1874|0x00000000ffe00000, 0x00000000fff00000, 0x00000000fff00000|100%| O|  |TAMS 0x00000000ffe00000| PB 0x00000000ffe00000| Untracked |  0
|1875|0x00000000fff00000, 0x00000000fff1d248, 0x0000000100000000| 11%| O|  |TAMS 0x00000000fff00000| PB 0x00000000fff00000| Untracked |  0

Card table byte_map: [0x0000027dca840000,0x0000027dcabf0000] _byte_map_base: 0x0000027dca3ea000

Marking Bits: (CMBitMap*) 0x0000027db2c3ded0
 Bits: [0x0000027dcabf0000, 0x0000027dcc940000)

Polling page: 0x0000027db23b0000

Metaspace:

Usage:
  Non-class:      5.56 MB used.
      Class:    517.35 KB used.
       Both:      6.07 MB used.

Virtual space:
  Non-class space:       64.00 MB reserved,       5.62 MB (  9%) committed,  1 nodes.
      Class space:        1.00 GB reserved,     640.00 KB ( <1%) committed,  1 nodes.
             Both:        1.06 GB reserved,       6.25 MB ( <1%) committed. 

Chunk freelists:
   Non-Class:  10.39 MB
       Class:  15.25 MB
        Both:  25.63 MB

MaxMetaspaceSize: unlimited
CompressedClassSpaceSize: 1.00 GB
Initial GC threshold: 21.00 MB
Current GC threshold: 21.00 MB
CDS: on
 - commit_granule_bytes: 65536.
 - commit_granule_words: 8192.
 - virtual_space_node_default_size: 8388608.
 - enlarge_chunks_in_place: 1.
UseCompressedClassPointers 1, UseCompactObjectHeaders 0
Narrow klass pointer bits 32, Max shift 3
Narrow klass base: 0x0000027dcf000000, Narrow klass shift: 0
Encoding Range: [0x0000027dcf000000 - 0x0000027ecf000000), (4294967296 bytes)
Klass Range:    [0x0000027dcf000000 - 0x0000027e10000000), (1090519040 bytes)
Klass ID Range:  [8 - 1090519033) (1090519025)


Internal statistics:

num_allocs_failed_limit: 0.
num_arena_births: 94.
num_arena_deaths: 0.
num_vsnodes_births: 2.
num_vsnodes_deaths: 0.
num_space_committed: 100.
num_space_uncommitted: 0.
num_chunks_returned_to_freelist: 0.
num_chunks_taken_from_freelist: 112.
num_chunk_merges: 0.
num_chunk_splits: 75.
num_chunks_enlarged: 44.
num_inconsistent_stats: 0.

CodeHeap 'non-profiled nmethods': size=120064Kb used=194Kb max_used=194Kb free=119869Kb
 bounds [0x0000027dc2f50000, 0x0000027dc31c0000, 0x0000027dca490000]
CodeHeap 'profiled nmethods': size=120000Kb used=904Kb max_used=904Kb free=119095Kb
 bounds [0x0000027dbb490000, 0x0000027dbb700000, 0x0000027dc29c0000]
CodeHeap 'non-nmethods': size=5696Kb used=1413Kb max_used=1413Kb free=4282Kb
 bounds [0x0000027dc29c0000, 0x0000027dc2c30000, 0x0000027dc2f50000]
CodeCache: size=245760Kb, used=2511Kb, max_used=2511Kb, free=243246Kb
 total_blobs=1268, nmethods=692, adapters=481, full_count=0
Compilation: enabled, stopped_count=0, restarted_count=0

Compilation events (20 events):
Event: 1.214 Thread 0x0000027dcef272f0  619       3       java.util.Arrays::binarySearch (10 bytes)
Event: 1.215 Thread 0x0000027dcef272f0 nmethod 619 0x0000027dbb55d708 code [0x0000027dbb55d820, 0x0000027dbb55d950]
Event: 1.215 Thread 0x0000027dcef272f0  620       1       sun.java2d.loops.SurfaceType::getSuperType (5 bytes)
Event: 1.215 Thread 0x0000027dcef272f0 nmethod 620 0x0000027dc2f7b508 code [0x0000027dc2f7b600, 0x0000027dc2f7b6c8]
Event: 1.215 Thread 0x0000027dcef1d830 nmethod 615 0x0000027dc2f7b808 code [0x0000027dc2f7b900, 0x0000027dc2f7b980]
Event: 1.215 Thread 0x0000027dcef1d830  621       4       sun.java2d.loops.GraphicsPrimitiveMgr$2::compare (24 bytes)
Event: 1.217 Thread 0x0000027dcef1d830 nmethod 621 0x0000027dc2f7bb08 code [0x0000027dc2f7bc20, 0x0000027dc2f7bd40]
Event: 1.220 Thread 0x0000027dcef272f0  623       3       jdk.internal.util.ReferencedKeyMap::internKey (57 bytes)
Event: 1.221 Thread 0x0000027dcef1d830  627       4       java.lang.StringLatin1::replace (197 bytes)
Event: 1.221 Thread 0x0000027dcef272f0 nmethod 623 0x0000027dbb55da08 code [0x0000027dbb55dc40, 0x0000027dbb55eb88]
Event: 1.221 Thread 0x0000027dcef272f0  628       3       java.lang.invoke.MethodTypeForm::canonicalizeAll (63 bytes)
Event: 1.222 Thread 0x0000027dcef272f0 nmethod 628 0x0000027dbb55ec08 code [0x0000027dbb55ed60, 0x0000027dbb55f338]
Event: 1.222 Thread 0x0000027dcef272f0  625       3       jdk.internal.constant.MethodTypeDescImpl::ofValidated (27 bytes)
Event: 1.223 Thread 0x0000027dcef272f0 nmethod 625 0x0000027dbb55f388 code [0x0000027dbb55f4e0, 0x0000027dbb55f9d0]
Event: 1.223 Thread 0x0000027dcef272f0  626       3       jdk.internal.constant.MethodTypeDescImpl::<init> (15 bytes)
Event: 1.223 Thread 0x0000027dcef272f0 nmethod 626 0x0000027dbb55fa08 code [0x0000027dbb55fb20, 0x0000027dbb55fd40]
Event: 1.225 Thread 0x0000027dcef272f0  629       3       jdk.internal.misc.Unsafe::putReferenceRelease (9 bytes)
Event: 1.225 Thread 0x0000027dcef272f0 nmethod 629 0x0000027dbb55fd88 code [0x0000027dbb55fea0, 0x0000027dbb560000]
Event: 1.225 Thread 0x0000027dcef272f0  630       3       java.util.concurrent.ConcurrentHashMap::setTabAt (20 bytes)
Event: 1.225 Thread 0x0000027dcef272f0 nmethod 630 0x0000027dbb560088 code [0x0000027dbb5601a0, 0x0000027dbb560438]

GC Heap History (0 events):
No events

Dll operation events (12 events):
Event: 0.027 Loaded shared library C:\Program Files\Java\jdk-24\bin\java.dll
Event: 0.089 Loaded shared library C:\Program Files\Java\jdk-24\bin\jsvml.dll
Event: 0.196 Loaded shared library C:\Program Files\Java\jdk-24\bin\zip.dll
Event: 0.205 Loaded shared library C:\Program Files\Java\jdk-24\bin\instrument.dll
Event: 0.234 Loaded shared library C:\Program Files\Java\jdk-24\bin\net.dll
Event: 0.239 Loaded shared library C:\Program Files\Java\jdk-24\bin\nio.dll
Event: 0.251 Loaded shared library C:\Program Files\Java\jdk-24\bin\zip.dll
Event: 0.333 Loaded shared library C:\Program Files\Java\jdk-24\bin\extnet.dll
Event: 0.358 Loaded shared library C:\Program Files\Java\jdk-24\bin\jimage.dll
Event: 0.427 Loaded shared library C:\Program Files\Java\jdk-24\bin\awt.dll
Event: 1.235 Loaded shared library C:\Program Files\Java\jdk-24\bin\freetype.dll
Event: 1.241 Loaded shared library C:\Program Files\Java\jdk-24\bin\fontmanager.dll

Deoptimization events (16 events):
Event: 1.102 Thread 0x0000027db2bea920 Uncommon trap: trap_request=0xffffffc6 fr.pc=0x0000027dc2f5f1d8 relative=0x0000000000000898
Event: 1.102 Thread 0x0000027db2bea920 Uncommon trap: reason=bimorphic_or_optimized_type_check action=maybe_recompile pc=0x0000027dc2f5f1d8 method=java.util.HashMap.putVal(ILjava/lang/Object;Ljava/lang/Object;ZZ)Ljava/lang/Object; @ 56 c2
Event: 1.102 Thread 0x0000027db2bea920 DEOPT PACKING pc=0x0000027dc2f5f1d8 sp=0x000000d999ffeda0
Event: 1.102 Thread 0x0000027db2bea920 DEOPT UNPACKING pc=0x0000027dc2ad1502 sp=0x000000d999ffed08 mode 2
Event: 1.102 Thread 0x0000027db2bea920 Uncommon trap: trap_request=0xffffffc6 fr.pc=0x0000027dc2f5f1d8 relative=0x0000000000000898
Event: 1.102 Thread 0x0000027db2bea920 Uncommon trap: reason=bimorphic_or_optimized_type_check action=maybe_recompile pc=0x0000027dc2f5f1d8 method=java.util.HashMap.putVal(ILjava/lang/Object;Ljava/lang/Object;ZZ)Ljava/lang/Object; @ 56 c2
Event: 1.102 Thread 0x0000027db2bea920 DEOPT PACKING pc=0x0000027dc2f5f1d8 sp=0x000000d999ffeda0
Event: 1.102 Thread 0x0000027db2bea920 DEOPT UNPACKING pc=0x0000027dc2ad1502 sp=0x000000d999ffed08 mode 2
Event: 1.102 Thread 0x0000027db2bea920 Uncommon trap: trap_request=0xffffffc6 fr.pc=0x0000027dc2f5f1d8 relative=0x0000000000000898
Event: 1.102 Thread 0x0000027db2bea920 Uncommon trap: reason=bimorphic_or_optimized_type_check action=maybe_recompile pc=0x0000027dc2f5f1d8 method=java.util.HashMap.putVal(ILjava/lang/Object;Ljava/lang/Object;ZZ)Ljava/lang/Object; @ 56 c2
Event: 1.102 Thread 0x0000027db2bea920 DEOPT PACKING pc=0x0000027dc2f5f1d8 sp=0x000000d999ffeda0
Event: 1.102 Thread 0x0000027db2bea920 DEOPT UNPACKING pc=0x0000027dc2ad1502 sp=0x000000d999ffed08 mode 2
Event: 1.102 Thread 0x0000027db2bea920 Uncommon trap: trap_request=0xffffffc6 fr.pc=0x0000027dc2f5f1d8 relative=0x0000000000000898
Event: 1.102 Thread 0x0000027db2bea920 Uncommon trap: reason=bimorphic_or_optimized_type_check action=maybe_recompile pc=0x0000027dc2f5f1d8 method=java.util.HashMap.putVal(ILjava/lang/Object;Ljava/lang/Object;ZZ)Ljava/lang/Object; @ 56 c2
Event: 1.102 Thread 0x0000027db2bea920 DEOPT PACKING pc=0x0000027dc2f5f1d8 sp=0x000000d999ffeda0
Event: 1.102 Thread 0x0000027db2bea920 DEOPT UNPACKING pc=0x0000027dc2ad1502 sp=0x000000d999ffed08 mode 2

Classes loaded (20 events):
Event: 1.227 Loading class sun/font/SunFontManager done
Event: 1.228 Loading class sun/font/Font2DHandle
Event: 1.228 Loading class sun/font/Font2DHandle done
Event: 1.228 Loading class sun/font/SunFontManager$TTFilter
Event: 1.228 Loading class java/io/FilenameFilter
Event: 1.228 Loading class java/io/FilenameFilter done
Event: 1.228 Loading class sun/font/SunFontManager$TTFilter done
Event: 1.228 Loading class sun/font/SunFontManager$T1Filter
Event: 1.228 Loading class sun/font/SunFontManager$T1Filter done
Event: 1.228 Loading class sun/font/FontManagerNativeLibrary
Event: 1.229 Loading class sun/font/FontManagerNativeLibrary done
Event: 1.242 Loading class sun/font/TrueTypeFont
Event: 1.243 Loading class sun/font/FileFont
Event: 1.243 Loading class sun/font/PhysicalFont
Event: 1.244 Loading class sun/font/Font2D
Event: 1.244 Loading class sun/font/Font2D done
Event: 1.244 Loading class sun/font/PhysicalFont done
Event: 1.244 Loading class sun/font/FileFont done
Event: 1.244 Loading class sun/font/TrueTypeFont done
Event: 1.298 Loading class sun/font/Type1Font

Classes unloaded (0 events):
No events

Classes redefined (0 events):
No events

Internal exceptions (20 events):
Event: 0.319 Thread 0x0000027e14164370 Exception <a 'java/lang/NoSuchMethodError'{0x0000000091e85220}: 'java.lang.Object java.lang.invoke.DirectMethodHandle$Holder.invokeStaticInit(java.lang.Object)'> (0x0000000091e85220) 
thrown [s\open\src\hotspot\share\interpreter\linkResolver.cpp, line 805]
Event: 0.339 Thread 0x0000027e14164370 Exception <a 'java/lang/NoSuchMethodError'{0x0000000091e8fe28}: 'void java.lang.invoke.DirectMethodHandle$Holder.invokeStatic(java.lang.Object, java.lang.Object)'> (0x0000000091e8fe28) 
thrown [s\open\src\hotspot\share\interpreter\linkResolver.cpp, line 805]
Event: 0.397 Thread 0x0000027db2bea920 Exception <a 'java/lang/ClassNotFoundException'{0x0000000091e1be00}: sun/awt/resources/spi/awtProvider> (0x0000000091e1be00) 
thrown [s\open\src\hotspot\share\classfile\systemDictionary.cpp, line 327]
Event: 0.446 Thread 0x0000027db2bea920 Exception <a 'java/io/FileNotFoundException'{0x0000000091e3a7b0}> (0x0000000091e3a7b0) 
thrown [s\open\src\hotspot\share\prims\jni.cpp, line 518]
Event: 0.453 Thread 0x0000027db2bea920 Exception <a 'java/io/FileNotFoundException'{0x0000000091e4d0b8}> (0x0000000091e4d0b8) 
thrown [s\open\src\hotspot\share\prims\jni.cpp, line 518]
Event: 0.794 Thread 0x0000027db2bea920 Exception <a 'java/lang/NoSuchMethodError'{0x0000000091d1f980}: 'int java.lang.invoke.DirectMethodHandle$Holder.invokeStaticInit(java.lang.Object, int)'> (0x0000000091d1f980) 
thrown [s\open\src\hotspot\share\interpreter\linkResolver.cpp, line 805]
Event: 0.797 Thread 0x0000027db2bea920 Exception <a 'java/lang/NoSuchMethodError'{0x0000000091d281a0}: 'long java.lang.invoke.DirectMethodHandle$Holder.invokeStatic(java.lang.Object, java.lang.Object)'> (0x0000000091d281a0) 
thrown [s\open\src\hotspot\share\interpreter\linkResolver.cpp, line 805]
Event: 0.798 Thread 0x0000027db2bea920 Exception <a 'java/lang/NoSuchMethodError'{0x0000000091d301c0}: 'long java.lang.invoke.DirectMethodHandle$Holder.invokeStaticInit(java.lang.Object, java.lang.Object)'> (0x0000000091d301c0) 
thrown [s\open\src\hotspot\share\interpreter\linkResolver.cpp, line 805]
Event: 0.801 Thread 0x0000027db2bea920 Exception <a 'java/lang/NoSuchMethodError'{0x0000000091d38a08}: 'java.lang.Object java.lang.invoke.DirectMethodHandle$Holder.invokeStatic(java.lang.Object, long, java.lang.Object)'> (0x0000000091d38a08) 
thrown [s\open\src\hotspot\share\interpreter\linkResolver.cpp, line 805]
Event: 0.803 Thread 0x0000027db2bea920 Exception <a 'java/lang/NoSuchMethodError'{0x0000000091d40b20}: 'java.lang.Object java.lang.invoke.DirectMethodHandle$Holder.invokeStaticInit(java.lang.Object, long, java.lang.Object)'> (0x0000000091d40b20) 
thrown [s\open\src\hotspot\share\interpreter\linkResolver.cpp, line 805]
Event: 0.805 Thread 0x0000027db2bea920 Exception <a 'java/lang/NoSuchMethodError'{0x0000000091d48f58}: 'java.lang.Object java.lang.invoke.DirectMethodHandle$Holder.invokeStatic(java.lang.Object, long)'> (0x0000000091d48f58) 
thrown [s\open\src\hotspot\share\interpreter\linkResolver.cpp, line 805]
Event: 0.806 Thread 0x0000027db2bea920 Exception <a 'java/lang/NoSuchMethodError'{0x0000000091d50f78}: 'java.lang.Object java.lang.invoke.DirectMethodHandle$Holder.invokeStaticInit(java.lang.Object, long)'> (0x0000000091d50f78) 
thrown [s\open\src\hotspot\share\interpreter\linkResolver.cpp, line 805]
Event: 0.904 Thread 0x0000027db2bea920 Exception <a 'java/lang/NoSuchMethodError'{0x0000000091c00e68}: 'void java.lang.invoke.DirectMethodHandle$Holder.invokeSpecial(java.lang.Object, java.lang.Object, java.lang.Object)'> (0x0000000091c00e68) 
thrown [s\open\src\hotspot\share\interpreter\linkResolver.cpp, line 805]
Event: 0.971 Thread 0x0000027db2bea920 Exception <a 'java/lang/NoSuchMethodError'{0x0000000091c703e8}: 'java.lang.Object java.lang.invoke.DirectMethodHandle$Holder.newInvokeSpecial(java.lang.Object, java.lang.Object, java.lang.Object, java.lang.Object, java.lang.Object)'> (0x0000000091c703e8) 
thrown [s\open\src\hotspot\share\interpreter\linkResolver.cpp, line 805]
Event: 0.989 Thread 0x0000027db2bea920 Exception <a 'java/lang/NoSuchMethodError'{0x0000000091cd8dc0}: 'java.lang.Object java.lang.invoke.DirectMethodHandle$Holder.invokeStatic(java.lang.Object, int, java.lang.Object)'> (0x0000000091cd8dc0) 
thrown [s\open\src\hotspot\share\interpreter\linkResolver.cpp, line 805]
Event: 1.101 Thread 0x0000027db2bea920 Exception <a 'java/lang/ClassNotFoundException'{0x00000000919063a0}: com/sun/swing/internal/plaf/metal/resources/spi/metalProvider> (0x00000000919063a0) 
thrown [s\open\src\hotspot\share\classfile\systemDictionary.cpp, line 327]
Event: 1.103 Thread 0x0000027db2bea920 Exception <a 'java/lang/ClassNotFoundException'{0x0000000091909dd0}: com/sun/swing/internal/plaf/basic/resources/spi/basicProvider> (0x0000000091909dd0) 
thrown [s\open\src\hotspot\share\classfile\systemDictionary.cpp, line 327]
Event: 1.131 Thread 0x0000027db2bea920 Exception <a 'java/lang/NoSuchMethodError'{0x000000009192f980}: 'int java.lang.invoke.Invokers$Holder.invokeExact_MT(java.lang.Object, java.lang.Object)'> (0x000000009192f980) 
thrown [s\open\src\hotspot\share\interpreter\linkResolver.cpp, line 805]
Event: 1.173 Thread 0x0000027e147e4600 Exception <a 'java/lang/NoSuchMethodError'{0x0000000091d907b8}: 'void java.lang.invoke.DirectMethodHandle$Holder.invokeVirtual(java.lang.Object, java.lang.Object)'> (0x0000000091d907b8) 
thrown [s\open\src\hotspot\share\interpreter\linkResolver.cpp, line 805]
Event: 1.220 Thread 0x0000027db2bea920 Exception <a 'java/lang/NoSuchMethodError'{0x0000000091961930}: 'void java.lang.invoke.DirectMethodHandle$Holder.invokeStaticInit(java.lang.Object)'> (0x0000000091961930) 
thrown [s\open\src\hotspot\share\interpreter\linkResolver.cpp, line 805]

VM Operations (4 events):
Event: 0.159 Executing VM operation: HandshakeAllThreads (Deoptimize)
Event: 0.159 Executing VM operation: HandshakeAllThreads (Deoptimize) done
Event: 1.140 Executing VM operation: HandshakeAllThreads (Deoptimize)
Event: 1.140 Executing VM operation: HandshakeAllThreads (Deoptimize) done

Memory protections (0 events):
No events

Nmethod flushes (0 events):
No events

Events (16 events):
Event: 0.056 Thread 0x0000027db2bea920 Thread added: 0x0000027db2bea920
Event: 0.084 Thread 0x0000027db2bea920 Thread added: 0x0000027dcef0ca00
Event: 0.084 Thread 0x0000027db2bea920 Thread added: 0x0000027dcef0e220
Event: 0.085 Thread 0x0000027db2bea920 Thread added: 0x0000027dcef140e0
Event: 0.085 Thread 0x0000027db2bea920 Thread added: 0x0000027dcef15090
Event: 0.085 Thread 0x0000027db2bea920 Thread added: 0x0000027dcef16730
Event: 0.085 Thread 0x0000027db2bea920 Thread added: 0x0000027dcef19580
Event: 0.085 Thread 0x0000027db2bea920 Thread added: 0x0000027dcef1d830
Event: 0.086 Thread 0x0000027db2bea920 Thread added: 0x0000027dcef272f0
Event: 0.228 Thread 0x0000027db2bea920 Thread added: 0x0000027e14202520
Event: 0.292 Thread 0x0000027db2bea920 Thread added: 0x0000027e14164370
Event: 0.293 Thread 0x0000027db2bea920 Thread added: 0x0000027e1417ed80
Event: 0.664 Thread 0x0000027db2bea920 Thread added: 0x0000027e1442eb10
Event: 0.667 Thread 0x0000027db2bea920 Thread added: 0x0000027e1442f250
Event: 0.667 Thread 0x0000027db2bea920 Thread added: 0x0000027e147e4600
Event: 1.171 Thread 0x0000027e147e4600 Thread added: 0x0000027e148d6390


Dynamic libraries:
0x00007ff6fc3f0000 - 0x00007ff6fc400000 	C:\Program Files\Java\jdk-24\bin\java.exe
0x00007ffd12c00000 - 0x00007ffd12e68000 	C:\WINDOWS\SYSTEM32\ntdll.dll
0x00007ffd11b70000 - 0x00007ffd11c39000 	C:\WINDOWS\System32\KERNEL32.DLL
0x00007ffd103f0000 - 0x00007ffd107e2000 	C:\WINDOWS\System32\KERNELBASE.dll
0x00007ffd10880000 - 0x00007ffd109cb000 	C:\WINDOWS\System32\ucrtbase.dll
0x00007ffd05c10000 - 0x00007ffd05c26000 	C:\Program Files\Java\jdk-24\bin\jli.dll
0x00007ffd128c0000 - 0x00007ffd12a85000 	C:\WINDOWS\System32\USER32.dll
0x00007ffd0fd90000 - 0x00007ffd0fdb7000 	C:\WINDOWS\System32\win32u.dll
0x00007ffd12ac0000 - 0x00007ffd12aeb000 	C:\WINDOWS\System32\GDI32.dll
0x00007ffd05c30000 - 0x00007ffd05c4b000 	C:\Program Files\Java\jdk-24\bin\VCRUNTIME140.dll
0x00007ffcfbc80000 - 0x00007ffcfbf13000 	C:\WINDOWS\WinSxS\amd64_microsoft.windows.common-controls_6595b64144ccf1df_6.0.26100.6899_none_3e0efeeae32e88c1\COMCTL32.dll
0x00007ffd100a0000 - 0x00007ffd101cd000 	C:\WINDOWS\System32\gdi32full.dll
0x00007ffd11860000 - 0x00007ffd11909000 	C:\WINDOWS\System32\msvcrt.dll
0x00007ffd101d0000 - 0x00007ffd10273000 	C:\WINDOWS\System32\msvcp_win.dll
0x00007ffd12b80000 - 0x00007ffd12baf000 	C:\WINDOWS\System32\IMM32.DLL
0x00007ffcfb580000 - 0x00007ffcfb58c000 	C:\Program Files\Java\jdk-24\bin\vcruntime140_1.dll
0x00007ffcde2a0000 - 0x00007ffcde32e000 	C:\Program Files\Java\jdk-24\bin\msvcp140.dll
0x00007ffcb2490000 - 0x00007ffcb3231000 	C:\Program Files\Java\jdk-24\bin\server\jvm.dll
0x00007ffd109f0000 - 0x00007ffd10aa4000 	C:\WINDOWS\System32\ADVAPI32.dll
0x00007ffd11ab0000 - 0x00007ffd11b56000 	C:\WINDOWS\System32\sechost.dll
0x00007ffd10ac0000 - 0x00007ffd10bd8000 	C:\WINDOWS\System32\RPCRT4.dll
0x00007ffd12580000 - 0x00007ffd125f4000 	C:\WINDOWS\System32\WS2_32.dll
0x00007ffd0fa50000 - 0x00007ffd0faae000 	C:\WINDOWS\SYSTEM32\POWRPROF.dll
0x00007ffd099f0000 - 0x00007ffd09a25000 	C:\WINDOWS\SYSTEM32\WINMM.dll
0x00007ffd09a30000 - 0x00007ffd09a3b000 	C:\WINDOWS\SYSTEM32\VERSION.dll
0x00007ffd0fa30000 - 0x00007ffd0fa44000 	C:\WINDOWS\SYSTEM32\UMPDC.dll
0x00007ffd0eb60000 - 0x00007ffd0eb7b000 	C:\WINDOWS\SYSTEM32\kernel.appcore.dll
0x00007ffcfb570000 - 0x00007ffcfb57a000 	C:\Program Files\Java\jdk-24\bin\jimage.dll
0x00007ffd02e00000 - 0x00007ffd03042000 	C:\WINDOWS\SYSTEM32\DBGHELP.DLL
0x00007ffd10ce0000 - 0x00007ffd1105b000 	C:\WINDOWS\System32\combase.dll
0x00007ffd127e0000 - 0x00007ffd128b7000 	C:\WINDOWS\System32\OLEAUT32.dll
0x00007ffcf3b60000 - 0x00007ffcf3b9c000 	C:\WINDOWS\SYSTEM32\dbgcore.DLL
0x00007ffd10000000 - 0x00007ffd10098000 	C:\WINDOWS\System32\bcryptPrimitives.dll
0x00007ffcf9e30000 - 0x00007ffcf9e3f000 	C:\Program Files\Java\jdk-24\bin\instrument.dll
0x00007ffcf8a00000 - 0x00007ffcf8a1e000 	C:\Program Files\Java\jdk-24\bin\java.dll
0x00007ffd11910000 - 0x00007ffd11aa8000 	C:\WINDOWS\System32\ole32.dll
0x00007ffd11110000 - 0x00007ffd1185d000 	C:\WINDOWS\System32\SHELL32.dll
0x00007ffd10280000 - 0x00007ffd103eb000 	C:\WINDOWS\System32\wintypes.dll
0x00007ffd0d9e0000 - 0x00007ffd0e23d000 	C:\WINDOWS\SYSTEM32\windows.storage.dll
0x00007ffd11d80000 - 0x00007ffd11e72000 	C:\WINDOWS\System32\SHCORE.dll
0x00007ffd11ff0000 - 0x00007ffd12052000 	C:\WINDOWS\System32\shlwapi.dll
0x00007ffd0fcb0000 - 0x00007ffd0fcd9000 	C:\WINDOWS\SYSTEM32\profapi.dll
0x00007ffcd1150000 - 0x00007ffcd1227000 	C:\Program Files\Java\jdk-24\bin\jsvml.dll
0x00007ffcf8980000 - 0x00007ffcf8997000 	C:\Program Files\Java\jdk-24\bin\zip.dll
0x00007ffcf9c30000 - 0x00007ffcf9c40000 	C:\Program Files\Java\jdk-24\bin\net.dll
0x00007ffd0f0d0000 - 0x00007ffd0f13b000 	C:\WINDOWS\system32\mswsock.dll
0x00007ffceccb0000 - 0x00007ffceccc6000 	C:\Program Files\Java\jdk-24\bin\nio.dll
0x00007ffcf9b90000 - 0x00007ffcf9b99000 	C:\Program Files\Java\jdk-24\bin\extnet.dll
0x00007ffccdf20000 - 0x00007ffcce09f000 	C:\Program Files\Java\jdk-24\bin\awt.dll
0x00007ffd0ce70000 - 0x00007ffd0cf0f000 	C:\WINDOWS\SYSTEM32\apphelp.dll
0x00007ffd0d2f0000 - 0x00007ffd0d31d000 	C:\WINDOWS\system32\DWMAPI.DLL
0x00007ffd0d060000 - 0x00007ffd0d10a000 	C:\WINDOWS\system32\uxtheme.dll
0x00007ffcab380000 - 0x00007ffcab48c000 	C:\WINDOWS\system32\opengl32.dll
0x00007ffcd1ed0000 - 0x00007ffcd1efd000 	C:\WINDOWS\SYSTEM32\GLU32.dll
0x00007ffd0d320000 - 0x00007ffd0d364000 	C:\WINDOWS\SYSTEM32\dxcore.dll
0x00007ffd11e80000 - 0x00007ffd11fdb000 	C:\WINDOWS\System32\MSCTF.dll
0x00007ffcd0cd0000 - 0x00007ffcd0e80000 	C:\WINDOWS\system32\d3d9.dll
0x00007ffd09a40000 - 0x00007ffd09bfb000 	C:\Windows\System32\DriverStore\FileRepository\u0387389.inf_amd64_995be970e30b8c79\B385477\aticfx64.dll
0x00007ffce6dd0000 - 0x00007ffce6e04000 	C:\Windows\System32\DriverStore\FileRepository\u0387389.inf_amd64_995be970e30b8c79\B385477\atiu9p64.dll
0x00007ffca9680000 - 0x00007ffcaa3d5000 	C:\Windows\System32\DriverStore\FileRepository\u0387389.inf_amd64_995be970e30b8c79\B385477\atiumd64.dll
0x0000000051140000 - 0x0000000052067000 	C:\WINDOWS\System32\DriverStore\FileRepository\u0387389.inf_amd64_995be970e30b8c79\B385477\atiumd6a.dll
0x00007ffd12060000 - 0x00007ffd124e8000 	C:\WINDOWS\System32\SETUPAPI.dll
0x00007ffd079c0000 - 0x00007ffd079f5000 	C:\WINDOWS\SYSTEM32\amdihk64.dll
0x00007ffd0a5d0000 - 0x00007ffd0a633000 	C:\WINDOWS\SYSTEM32\directxdatabasehelper.dll
0x00007ffcd76d0000 - 0x00007ffcd7757000 	C:\Program Files\Java\jdk-24\bin\freetype.dll
0x00007ffcd0610000 - 0x00007ffcd06f7000 	C:\Program Files\Java\jdk-24\bin\fontmanager.dll
0x00007ffd00fb0000 - 0x00007ffd010fa000 	C:\WINDOWS\SYSTEM32\textinputframework.dll

JVMTI agents:
C:\Program Files\JetBrains\IntelliJ IDEA 2025.2.2\lib\idea_rt.jar path:C:\Program Files\Java\jdk-24\bin\instrument.dll, loaded, initialized, instrumentlib options:55157

dbghelp: loaded successfully - version: 4.0.5 - missing functions: none
symbol engine: initialized successfully - sym options: 0x614 - pdb path: .;C:\Program Files\Java\jdk-24\bin;C:\WINDOWS\SYSTEM32;C:\WINDOWS\WinSxS\amd64_microsoft.windows.common-controls_6595b64144ccf1df_6.0.26100.6899_none_3e0efeeae32e88c1;C:\Program Files\Java\jdk-24\bin\server;C:\Windows\System32\DriverStore\FileRepository\u0387389.inf_amd64_995be970e30b8c79\B385477

VM Arguments:
jvm_args: -javaagent:C:\Program Files\JetBrains\IntelliJ IDEA 2025.2.2\lib\idea_rt.jar=55157 -Dfile.encoding=UTF-8 -Dsun.stdout.encoding=UTF-8 -Dsun.stderr.encoding=UTF-8 
java_command: FlappyBirdGame
java_class_path (initial): C:\Users\Desa Pangauban\IdeaProjects\FlappyBird\out\production\FlappyBird
Launcher Type: SUN_STANDARD

[Global flags]
     intx CICompilerCount                          = 3                                         {product} {ergonomic}
     uint ConcGCThreads                            = 1                                         {product} {ergonomic}
     uint G1ConcRefinementThreads                  = 4                                         {product} {ergonomic}
   size_t G1HeapRegionSize                         = 1048576                                   {product} {ergonomic}
   size_t InitialHeapSize                          = 123731968                                 {product} {ergonomic}
   size_t MarkStackSize                            = 4194304                                   {product} {ergonomic}
   size_t MarkStackSizeMax                         = 536870912                                 {product} {ergonomic}
   size_t MaxHeapSize                              = 1967128576                                {product} {ergonomic}
   size_t MaxNewSize                               = 1179648000                                {product} {ergonomic}
   size_t MinHeapDeltaBytes                        = 1048576                                   {product} {ergonomic}
   size_t MinHeapSize                              = 8388608                                   {product} {ergonomic}
    uintx NonNMethodCodeHeapSize                   = 5832704                                {pd product} {ergonomic}
    uintx NonProfiledCodeHeapSize                  = 122945536                              {pd product} {ergonomic}
    uintx ProfiledCodeHeapSize                     = 122880000                              {pd product} {ergonomic}
    uintx ReservedCodeCacheSize                    = 251658240                              {pd product} {ergonomic}
     bool SegmentedCodeCache                       = true                                      {product} {ergonomic}
   size_t SoftMaxHeapSize                          = 1967128576                             {manageable} {ergonomic}
     bool UseCompressedOops                        = true                           {product lp64_product} {ergonomic}
     bool UseG1GC                                  = true                                      {product} {ergonomic}
     bool UseLargePagesIndividualAllocation        = false                                  {pd product} {ergonomic}

Logging:
Log output configuration:
 #0: stdout all=warning uptime,level,tags foldmultilines=false
 #1: stderr all=off uptime,level,tags foldmultilines=false

Environment Variables:
PATH=C:\Program Files\Common Files\Oracle\Java\javapath;C:\WINDOWS\system32;C:\WINDOWS;C:\WINDOWS\System32\Wbem;C:\WINDOWS\System32\WindowsPowerShell\v1.0\;C:\WINDOWS\System32\OpenSSH\;C:\mingw64\bin;C:\Program Files\mosquitto;C:\Users\Desa Pangauban\Downloads\xampp\mysql\bin;C:\Users\Desa Pangauban\Downloads\xampp\php;C:\ProgramData\ComposerSetup\bin;C:\Program Files\nodejs\;C:\Program Files\Git\cmd;C:\Users\Desa Pangauban\AppData\Local\Programs\Python\Python313\Scripts\;C:\Users\Desa Pangauban\AppData\Local\Programs\Python\Python313\;C:\Users\Desa Pangauban\AppData\Local\Programs\Python\Launcher\;C:\Users\Desa Pangauban\AppData\Local\Microsoft\WindowsApps;C:\Users\Desa Pangauban\AppData\Local\Programs\Microsoft VS Code\bin;C:\Users\Desa Pangauban\Downloads\xampp\mysql\bin;C:\Users\Desa Pangauban\Downloads\xampp\php;C:\Users\Desa Pangauban\Documents\SEMESTER 2\XAMP\php;C:\Users\Desa Pangauban\Documents\SEMESTER 2\XAMP\mysql\bin;C:\xampp\php;C:\Users\Desa Pangauban\AppData\Roaming\Composer\vendor\bin;C:\Users\Desa Pangauban\AppData\Roaming\npm;C:\Program Files\JetBrains\IntelliJ IDEA 2025.2.2\bin
USERNAME=Desa Pangauban
OS=Windows_NT
PROCESSOR_IDENTIFIER=AMD64 Family 23 Model 104 Stepping 1, AuthenticAMD
TMP=C:\Users\DESAPA~1\AppData\Local\Temp
TEMP=C:\Users\DESAPA~1\AppData\Local\Temp




Periodic native trim disabled

---------------  S Y S T E M  ---------------

OS:
 Windows 11 , 64 bit Build 26100 (10.0.26100.6725)
OS uptime: 0 days 2:20 hours
Hyper-V role detected

CPU: total 4 (initial active 4) (8 cores per cpu, 2 threads per core) family 23 model 104 stepping 1 microcode 0x8608104, cx8, cmov, fxsr, ht, mmx, 3dnowpref, sse, sse2, sse3, ssse3, sse4a, sse4.1, sse4.2, popcnt, lzcnt, tsc, tscinvbit, avx, avx2, aes, clmul, bmi1, bmi2, adx, sha, fma, vzeroupper, clflush, clflushopt, hv, rdtscp, rdpid, f16c
Processor Information for the first 4 processors :
  Max Mhz: 2600, Current Mhz: 1896, Mhz Limit: 2600

Memory: 4k page, system-wide physical 7502M (882M free)
TotalPageFile size 9550M (AvailPageFile size 194M)
current process WorkingSet (physical memory assigned to process): 74M, peak: 74M
current process commit charge ("private bytes"): 218M, peak: 218M

vm_info: Java HotSpot(TM) 64-Bit Server VM (24.0.2+12-54) for windows-amd64 JRE (24.0.2+12-54), built on 2025-07-08T12:10:27Z with MS VC++ 17.6 (VS2022)

END.
