#
# There is insufficient memory for the Java Runtime Environment to continue.
# Native memory allocation (malloc) failed to allocate 400208 bytes. Error detail: Chunk::new
# Possible reasons:
#   The system is out of physical RAM or swap space
#   This process is running with CompressedOops enabled, and the Java Heap may be blocking the growth of the native heap
# Possible solutions:
#   Reduce memory load on the system
#   Increase physical memory or swap space
#   Check if swap backing store is full
#   Decrease Java heap size (-Xmx/-Xms)
#   Decrease number of Java threads
#   Decrease Java thread stack sizes (-Xss)
#   Set larger code cache with -XX:ReservedCodeCacheSize=
#   JVM is running with Unscaled Compressed Oops mode in which the Java heap is
#     placed in the first 4GB address space. The Java Heap base address is the
#     maximum limit for the native heap growth. Please use -XX:HeapBaseMinAddress
#     to set the Java Heap base and to place the Java Heap above 4GB virtual address.
# This output file may be truncated or incomplete.
#
#  Out of Memory Error (arena.cpp:162), pid=10360, tid=10032
#
# JRE version: Java(TM) SE Runtime Environment (24.0.2+12) (build 24.0.2+12-54)
# Java VM: Java HotSpot(TM) 64-Bit Server VM (24.0.2+12-54, mixed mode, sharing, tiered, compressed oops, compressed class ptrs, g1 gc, windows-amd64)
# No core dump will be written. Minidumps are not enabled by default on client versions of Windows
#

---------------  S U M M A R Y ------------

Command Line: -javaagent:C:\Program Files\JetBrains\IntelliJ IDEA 2025.2.2\lib\idea_rt.jar=52608 -Dfile.encoding=UTF-8 -Dsun.stdout.encoding=UTF-8 -Dsun.stderr.encoding=UTF-8 App

Host: AMD Ryzen 3 5300U with Radeon Graphics         , 4 cores, 7G,  Windows 11 , 64 bit Build 26100 (10.0.26100.6725)
Time: Thu Oct 30 20:00:52 2025 SE Asia Standard Time elapsed time: 6.973493 seconds (0d 0h 0m 6s)

---------------  T H R E A D  ---------------

Current thread (0x000002a8fed6da40):  JavaThread "C2 CompilerThread0" daemon [_thread_in_native, id=10032, stack(0x000000b086800000,0x000000b086900000) (1024K)]


Current CompileTask:
C2:6973 2187       4       java.util.concurrent.locks.ReentrantLock::unlock (10 bytes)

Stack: [0x000000b086800000,0x000000b086900000]
Native frames: (J=compiled Java code, j=interpreted, Vv=VM code, C=native code)
V  [jvm.dll+0x730829]  (no source info available)
V  [jvm.dll+0x8d9da3]  (no source info available)
V  [jvm.dll+0x8dc28d]  (no source info available)
V  [jvm.dll+0x8dc903]  (no source info available)
V  [jvm.dll+0x2a9f56]  (no source info available)
V  [jvm.dll+0xced7f]  (no source info available)
V  [jvm.dll+0xcefdf]  (no source info available)
V  [jvm.dll+0x154c83]  (no source info available)
V  [jvm.dll+0x73604f]  (no source info available)
V  [jvm.dll+0x26f8dc]  (no source info available)
V  [jvm.dll+0x26e8ff]  (no source info available)
V  [jvm.dll+0x1e9c90]  (no source info available)
V  [jvm.dll+0x27e0cb]  (no source info available)
V  [jvm.dll+0x27c36a]  (no source info available)
V  [jvm.dll+0x42f396]  (no source info available)
V  [jvm.dll+0x87d9eb]  (no source info available)
V  [jvm.dll+0x72ef45]  (no source info available)
C  [ucrtbase.dll+0x37b0]  (no source info available)
C  [KERNEL32.DLL+0x2e8d7]  (no source info available)
C  [ntdll.dll+0x8c53c]  (no source info available)

Lock stack of current Java thread (top to bottom):


---------------  P R O C E S S  ---------------

Threads class SMR info:
_java_thread_list=0x000002a8c5b15220, length=24, elements={
0x000002a8fed3e9a0, 0x000002a8fed401c0, 0x000002a8fed43c70, 0x000002a8fed447a0,
0x000002a8fed47080, 0x000002a8fed4cbd0, 0x000002a8fed6da40, 0x000002a8fed7d700,
0x000002a8c51d0e60, 0x000002a8c51e1e50, 0x000002a8c51e45a0, 0x000002a8c54e8650,
0x000002a8c54e8da0, 0x000002a8c54e5a70, 0x000002a8c54e7060, 0x000002a8c54e61c0,
0x000002a8c54e6910, 0x000002a8c54e77b0, 0x000002a8c54e7f00, 0x000002a8c5b21f00,
0x000002a8c5b25980, 0x000002a8c5b24390, 0x000002a8c5b24ae0, 0x000002a8c5b22650
}

Java Threads: ( => current thread )
  0x000002a8fed3e9a0 JavaThread "Reference Handler"          daemon [_thread_blocked, id=6268, stack(0x000000b086200000,0x000000b086300000) (1024K)]
  0x000002a8fed401c0 JavaThread "Finalizer"                  daemon [_thread_blocked, id=11432, stack(0x000000b086300000,0x000000b086400000) (1024K)]
  0x000002a8fed43c70 JavaThread "Signal Dispatcher"          daemon [_thread_blocked, id=7528, stack(0x000000b086400000,0x000000b086500000) (1024K)]
  0x000002a8fed447a0 JavaThread "Attach Listener"            daemon [_thread_blocked, id=11464, stack(0x000000b086500000,0x000000b086600000) (1024K)]
  0x000002a8fed47080 JavaThread "Service Thread"             daemon [_thread_blocked, id=10564, stack(0x000000b086600000,0x000000b086700000) (1024K)]
  0x000002a8fed4cbd0 JavaThread "Monitor Deflation Thread"   daemon [_thread_blocked, id=7908, stack(0x000000b086700000,0x000000b086800000) (1024K)]
=>0x000002a8fed6da40 JavaThread "C2 CompilerThread0"         daemon [_thread_in_native, id=10032, stack(0x000000b086800000,0x000000b086900000) (1024K)]
  0x000002a8fed7d700 JavaThread "C1 CompilerThread0"         daemon [_thread_blocked, id=13568, stack(0x000000b086900000,0x000000b086a00000) (1024K)]
  0x000002a8c51d0e60 JavaThread "Common-Cleaner"             daemon [_thread_blocked, id=6240, stack(0x000000b086a00000,0x000000b086b00000) (1024K)]
  0x000002a8c51e1e50 JavaThread "Monitor Ctrl-Break"         daemon [_thread_in_native, id=8572, stack(0x000000b086b00000,0x000000b086c00000) (1024K)]
  0x000002a8c51e45a0 JavaThread "Notification Thread"        daemon [_thread_blocked, id=4928, stack(0x000000b086c00000,0x000000b086d00000) (1024K)]
  0x000002a8c54e8650 JavaThread "Java2D Disposer"            daemon [_thread_blocked, id=11716, stack(0x000000b086f00000,0x000000b087000000) (1024K)]
  0x000002a8c54e8da0 JavaThread "AWT-Shutdown"                      [_thread_blocked, id=4260, stack(0x000000b087000000,0x000000b087100000) (1024K)]
  0x000002a8c54e5a70 JavaThread "AWT-Windows"                daemon [_thread_in_native, id=13528, stack(0x000000b086d00000,0x000000b086e00000) (1024K)]
  0x000002a8c54e7060 JavaThread "RMI TCP Accept-0"           daemon [_thread_in_native, id=11720, stack(0x000000b087700000,0x000000b087800000) (1024K)]
  0x000002a8c54e61c0 JavaThread "RMI TCP Connection(1)-192.168.100.11" daemon [_thread_in_native, id=13976, stack(0x000000b087800000,0x000000b087900000) (1024K)]
  0x000002a8c54e6910 JavaThread "Image Fetcher 0"            daemon [_thread_blocked, id=9172, stack(0x000000b087900000,0x000000b087a00000) (1024K)]
  0x000002a8c54e77b0 JavaThread "RMI Scheduler(0)"           daemon [_thread_blocked, id=7940, stack(0x000000b087a00000,0x000000b087b00000) (1024K)]
  0x000002a8c54e7f00 JavaThread "JMX server connection timeout 34" daemon [_thread_blocked, id=1036, stack(0x000000b087b00000,0x000000b087c00000) (1024K)]
  0x000002a8c5b21f00 JavaThread "Image Fetcher 1"            daemon [_thread_blocked, id=7888, stack(0x000000b087c00000,0x000000b087d00000) (1024K)]
  0x000002a8c5b25980 JavaThread "TimerQueue"                 daemon [_thread_blocked, id=11456, stack(0x000000b088000000,0x000000b088100000) (1024K)]
  0x000002a8c5b24390 JavaThread "AWT-EventQueue-0"                  [_thread_blocked, id=3940, stack(0x000000b088100000,0x000000b088200000) (1024K)]
  0x000002a8c5b24ae0 JavaThread "DestroyJavaVM"                     [_thread_blocked, id=7388, stack(0x000000b085a00000,0x000000b085b00000) (1024K)]
  0x000002a8c5b22650 JavaThread "D3D Screen Updater"         daemon [_thread_blocked, id=3712, stack(0x000000b086e00000,0x000000b086f00000) (1024K)]
Total: 24

Other Threads:
  0x000002a8fed2cd70 VMThread "VM Thread"                           [id=10540, stack(0x000000b086100000,0x000000b086200000) (1024K)]
  0x000002a8febfad50 WatcherThread "VM Periodic Task Thread"        [id=11928, stack(0x000000b086000000,0x000000b086100000) (1024K)]
  0x000002a8e2a6d750 WorkerThread "GC Thread#0"                     [id=7488, stack(0x000000b085b00000,0x000000b085c00000) (1024K)]
  0x000002a8c85892f0 WorkerThread "GC Thread#1"                     [id=7076, stack(0x000000b087d00000,0x000000b087e00000) (1024K)]
  0x000002a8c5bdcb20 WorkerThread "GC Thread#2"                     [id=3176, stack(0x000000b087e00000,0x000000b087f00000) (1024K)]
  0x000002a8c5bb07b0 WorkerThread "GC Thread#3"                     [id=10368, stack(0x000000b087f00000,0x000000b088000000) (1024K)]
  0x000002a8e2a80cc0 ConcurrentGCThread "G1 Main Marker"            [id=10080, stack(0x000000b085c00000,0x000000b085d00000) (1024K)]
  0x000002a8e2a817d0 WorkerThread "G1 Conc#0"                       [id=12084, stack(0x000000b085d00000,0x000000b085e00000) (1024K)]
  0x000002a8febeb100 ConcurrentGCThread "G1 Refine#0"               [id=9028, stack(0x000000b085e00000,0x000000b085f00000) (1024K)]
  0x000002a8febeb930 ConcurrentGCThread "G1 Service"                [id=14312, stack(0x000000b085f00000,0x000000b086000000) (1024K)]
Total: 10

Threads with active compile tasks:
C2 CompilerThread0  7139 2187       4       java.util.concurrent.locks.ReentrantLock::unlock (10 bytes)
Total: 1

VM state: not at safepoint (normal execution)

VM Mutex/Monitor currently owned by a thread: None

Heap address: 0x000000008ac00000, size: 1876 MB, Compressed Oops mode: 32-bit

CDS archive(s) mapped at: [0x000002a880000000-0x000002a880d40000-0x000002a880d40000), size 13893632, SharedBaseAddress: 0x000002a880000000, ArchiveRelocationMode: 1.
Compressed class space mapped at: 0x000002a881000000-0x000002a8c1000000, reserved size: 1073741824
UseCompressedClassPointers 1, UseCompactObjectHeaders 0
Narrow klass pointer bits 32, Max shift 3
Narrow klass base: 0x000002a880000000, Narrow klass shift: 0
Encoding Range: [0x000002a880000000 - 0x000002a980000000), (4294967296 bytes)
Klass Range:    [0x000002a880000000 - 0x000002a8c1000000), (1090519040 bytes)
Klass ID Range:  [8 - 1090519033) (1090519025)

GC Precious Log:
 CardTable entry size: 512
 Card Set container configuration: InlinePtr #cards 5 size 8 Array Of Cards #cards 10 size 36 Howl #buckets 4 coarsen threshold 1843 Howl Bitmap #cards 512 size 80 coarsen threshold 460 Card regions per heap region 1 cards per card region 2048
 CPUs: 4 total, 4 available
 Memory: 7502M
 Large Page Support: Disabled
 NUMA Support: Disabled
 Compressed Oops: Enabled (32-bit)
 Heap Region Size: 1M
 Heap Min Capacity: 8M
 Heap Initial Capacity: 118M
 Heap Max Capacity: 1876M
 Pre-touch: Disabled
 Parallel Workers: 4
 Concurrent Workers: 1
 Concurrent Refinement Workers: 4
 Periodic GC: Disabled

Heap:
 garbage-first heap   total reserved 1921024K, committed 122880K, used 24692K [0x000000008ac00000, 0x0000000100000000)
  region size 1024K, 14 young (14336K), 4 survivors (4096K)
 Metaspace       used 12832K, committed 13120K, reserved 1114112K
  class space    used 1122K, committed 1216K, reserved 1048576K

Heap Regions: E=young(eden), S=young(survivor), O=old, HS=humongous(starts), HC=humongous(continues), CS=collection set, F=free, TAMS=top-at-mark-start, PB=parsable bottom
|   0|0x000000008ac00000, 0x000000008ad00000, 0x000000008ad00000|100%|HS|  |TAMS 0x000000008ac00000| PB 0x000000008ac00000| Complete |  0
|   1|0x000000008ad00000, 0x000000008ae00000, 0x000000008ae00000|100%|HC|  |TAMS 0x000000008ad00000| PB 0x000000008ad00000| Complete |  0
|   2|0x000000008ae00000, 0x000000008af00000, 0x000000008af00000|100%|HC|  |TAMS 0x000000008ae00000| PB 0x000000008ae00000| Complete |  0
|   3|0x000000008af00000, 0x000000008b000000, 0x000000008b000000|100%|HC|  |TAMS 0x000000008af00000| PB 0x000000008af00000| Complete |  0
|   4|0x000000008b000000, 0x000000008b100000, 0x000000008b100000|100%|HC|  |TAMS 0x000000008b000000| PB 0x000000008b000000| Complete |  0
|   5|0x000000008b100000, 0x000000008b200000, 0x000000008b200000|100%|HS|  |TAMS 0x000000008b100000| PB 0x000000008b100000| Complete |  0
|   6|0x000000008b200000, 0x000000008b300000, 0x000000008b300000|100%|HC|  |TAMS 0x000000008b200000| PB 0x000000008b200000| Complete |  0
|   7|0x000000008b300000, 0x000000008b400000, 0x000000008b400000|100%|HC|  |TAMS 0x000000008b300000| PB 0x000000008b300000| Complete |  0
|   8|0x000000008b400000, 0x000000008b500000, 0x000000008b500000|100%|HC|  |TAMS 0x000000008b400000| PB 0x000000008b400000| Complete |  0
|   9|0x000000008b500000, 0x000000008b600000, 0x000000008b600000|100%|HC|  |TAMS 0x000000008b500000| PB 0x000000008b500000| Complete |  0
|  10|0x000000008b600000, 0x000000008b600000, 0x000000008b700000|  0%| F|  |TAMS 0x000000008b600000| PB 0x000000008b600000| Untracked |  0
|  11|0x000000008b700000, 0x000000008b700000, 0x000000008b800000|  0%| F|  |TAMS 0x000000008b700000| PB 0x000000008b700000| Untracked |  0
|  12|0x000000008b800000, 0x000000008b800000, 0x000000008b900000|  0%| F|  |TAMS 0x000000008b800000| PB 0x000000008b800000| Untracked |  0
|  13|0x000000008b900000, 0x000000008b900000, 0x000000008ba00000|  0%| F|  |TAMS 0x000000008b900000| PB 0x000000008b900000| Untracked |  0
|  14|0x000000008ba00000, 0x000000008ba00000, 0x000000008bb00000|  0%| F|  |TAMS 0x000000008ba00000| PB 0x000000008ba00000| Untracked |  0
|  15|0x000000008bb00000, 0x000000008bb00000, 0x000000008bc00000|  0%| F|  |TAMS 0x000000008bb00000| PB 0x000000008bb00000| Untracked |  0
|  16|0x000000008bc00000, 0x000000008bc00000, 0x000000008bd00000|  0%| F|  |TAMS 0x000000008bc00000| PB 0x000000008bc00000| Untracked |  0
|  17|0x000000008bd00000, 0x000000008bd00000, 0x000000008be00000|  0%| F|  |TAMS 0x000000008bd00000| PB 0x000000008bd00000| Untracked |  0
|  18|0x000000008be00000, 0x000000008be00000, 0x000000008bf00000|  0%| F|  |TAMS 0x000000008be00000| PB 0x000000008be00000| Untracked |  0
|  19|0x000000008bf00000, 0x000000008bf00000, 0x000000008c000000|  0%| F|  |TAMS 0x000000008bf00000| PB 0x000000008bf00000| Untracked |  0
|  20|0x000000008c000000, 0x000000008c000000, 0x000000008c100000|  0%| F|  |TAMS 0x000000008c000000| PB 0x000000008c000000| Untracked |  0
|  21|0x000000008c100000, 0x000000008c100000, 0x000000008c200000|  0%| F|  |TAMS 0x000000008c100000| PB 0x000000008c100000| Untracked |  0
|  22|0x000000008c200000, 0x000000008c200000, 0x000000008c300000|  0%| F|  |TAMS 0x000000008c200000| PB 0x000000008c200000| Untracked |  0
|  23|0x000000008c300000, 0x000000008c300000, 0x000000008c400000|  0%| F|  |TAMS 0x000000008c300000| PB 0x000000008c300000| Untracked |  0
|  24|0x000000008c400000, 0x000000008c400000, 0x000000008c500000|  0%| F|  |TAMS 0x000000008c400000| PB 0x000000008c400000| Untracked |  0
|  25|0x000000008c500000, 0x000000008c500000, 0x000000008c600000|  0%| F|  |TAMS 0x000000008c500000| PB 0x000000008c500000| Untracked |  0
|  26|0x000000008c600000, 0x000000008c600000, 0x000000008c700000|  0%| F|  |TAMS 0x000000008c600000| PB 0x000000008c600000| Untracked |  0
|  27|0x000000008c700000, 0x000000008c700000, 0x000000008c800000|  0%| F|  |TAMS 0x000000008c700000| PB 0x000000008c700000| Untracked |  0
|  28|0x000000008c800000, 0x000000008c800000, 0x000000008c900000|  0%| F|  |TAMS 0x000000008c800000| PB 0x000000008c800000| Untracked |  0
|  29|0x000000008c900000, 0x000000008c900000, 0x000000008ca00000|  0%| F|  |TAMS 0x000000008c900000| PB 0x000000008c900000| Untracked |  0
|  30|0x000000008ca00000, 0x000000008ca00000, 0x000000008cb00000|  0%| F|  |TAMS 0x000000008ca00000| PB 0x000000008ca00000| Untracked |  0
|  31|0x000000008cb00000, 0x000000008cb00000, 0x000000008cc00000|  0%| F|  |TAMS 0x000000008cb00000| PB 0x000000008cb00000| Untracked |  0
|  32|0x000000008cc00000, 0x000000008cc00000, 0x000000008cd00000|  0%| F|  |TAMS 0x000000008cc00000| PB 0x000000008cc00000| Untracked |  0
|  33|0x000000008cd00000, 0x000000008cd00000, 0x000000008ce00000|  0%| F|  |TAMS 0x000000008cd00000| PB 0x000000008cd00000| Untracked |  0
|  34|0x000000008ce00000, 0x000000008ce00000, 0x000000008cf00000|  0%| F|  |TAMS 0x000000008ce00000| PB 0x000000008ce00000| Untracked |  0
|  35|0x000000008cf00000, 0x000000008cf00000, 0x000000008d000000|  0%| F|  |TAMS 0x000000008cf00000| PB 0x000000008cf00000| Untracked |  0
|  36|0x000000008d000000, 0x000000008d000000, 0x000000008d100000|  0%| F|  |TAMS 0x000000008d000000| PB 0x000000008d000000| Untracked |  0
|  37|0x000000008d100000, 0x000000008d100000, 0x000000008d200000|  0%| F|  |TAMS 0x000000008d100000| PB 0x000000008d100000| Untracked |  0
|  38|0x000000008d200000, 0x000000008d200000, 0x000000008d300000|  0%| F|  |TAMS 0x000000008d200000| PB 0x000000008d200000| Untracked |  0
|  39|0x000000008d300000, 0x000000008d300000, 0x000000008d400000|  0%| F|  |TAMS 0x000000008d300000| PB 0x000000008d300000| Untracked |  0
|  40|0x000000008d400000, 0x000000008d400000, 0x000000008d500000|  0%| F|  |TAMS 0x000000008d400000| PB 0x000000008d400000| Untracked |  0
|  41|0x000000008d500000, 0x000000008d500000, 0x000000008d600000|  0%| F|  |TAMS 0x000000008d500000| PB 0x000000008d500000| Untracked |  0
|  42|0x000000008d600000, 0x000000008d600000, 0x000000008d700000|  0%| F|  |TAMS 0x000000008d600000| PB 0x000000008d600000| Untracked |  0
|  43|0x000000008d700000, 0x000000008d700000, 0x000000008d800000|  0%| F|  |TAMS 0x000000008d700000| PB 0x000000008d700000| Untracked |  0
|  44|0x000000008d800000, 0x000000008d800000, 0x000000008d900000|  0%| F|  |TAMS 0x000000008d800000| PB 0x000000008d800000| Untracked |  0
|  45|0x000000008d900000, 0x000000008d900000, 0x000000008da00000|  0%| F|  |TAMS 0x000000008d900000| PB 0x000000008d900000| Untracked |  0
|  46|0x000000008da00000, 0x000000008da00000, 0x000000008db00000|  0%| F|  |TAMS 0x000000008da00000| PB 0x000000008da00000| Untracked |  0
|  47|0x000000008db00000, 0x000000008db00000, 0x000000008dc00000|  0%| F|  |TAMS 0x000000008db00000| PB 0x000000008db00000| Untracked |  0
|  48|0x000000008dc00000, 0x000000008dc00000, 0x000000008dd00000|  0%| F|  |TAMS 0x000000008dc00000| PB 0x000000008dc00000| Untracked |  0
|  49|0x000000008dd00000, 0x000000008dd00000, 0x000000008de00000|  0%| F|  |TAMS 0x000000008dd00000| PB 0x000000008dd00000| Untracked |  0
|  50|0x000000008de00000, 0x000000008de00000, 0x000000008df00000|  0%| F|  |TAMS 0x000000008de00000| PB 0x000000008de00000| Untracked |  0
|  51|0x000000008df00000, 0x000000008df00000, 0x000000008e000000|  0%| F|  |TAMS 0x000000008df00000| PB 0x000000008df00000| Untracked |  0
|  52|0x000000008e000000, 0x000000008e000000, 0x000000008e100000|  0%| F|  |TAMS 0x000000008e000000| PB 0x000000008e000000| Untracked |  0
|  53|0x000000008e100000, 0x000000008e100000, 0x000000008e200000|  0%| F|  |TAMS 0x000000008e100000| PB 0x000000008e100000| Untracked |  0
|  54|0x000000008e200000, 0x000000008e200000, 0x000000008e300000|  0%| F|  |TAMS 0x000000008e200000| PB 0x000000008e200000| Untracked |  0
|  55|0x000000008e300000, 0x000000008e300000, 0x000000008e400000|  0%| F|  |TAMS 0x000000008e300000| PB 0x000000008e300000| Untracked |  0
|  56|0x000000008e400000, 0x000000008e400000, 0x000000008e500000|  0%| F|  |TAMS 0x000000008e400000| PB 0x000000008e400000| Untracked |  0
|  57|0x000000008e500000, 0x000000008e500000, 0x000000008e600000|  0%| F|  |TAMS 0x000000008e500000| PB 0x000000008e500000| Untracked |  0
|  58|0x000000008e600000, 0x000000008e600000, 0x000000008e700000|  0%| F|  |TAMS 0x000000008e600000| PB 0x000000008e600000| Untracked |  0
|  59|0x000000008e700000, 0x000000008e700000, 0x000000008e800000|  0%| F|  |TAMS 0x000000008e700000| PB 0x000000008e700000| Untracked |  0
|  60|0x000000008e800000, 0x000000008e800000, 0x000000008e900000|  0%| F|  |TAMS 0x000000008e800000| PB 0x000000008e800000| Untracked |  0
|  61|0x000000008e900000, 0x000000008e900000, 0x000000008ea00000|  0%| F|  |TAMS 0x000000008e900000| PB 0x000000008e900000| Untracked |  0
|  62|0x000000008ea00000, 0x000000008ea00000, 0x000000008eb00000|  0%| F|  |TAMS 0x000000008ea00000| PB 0x000000008ea00000| Untracked |  0
|  63|0x000000008eb00000, 0x000000008eb00000, 0x000000008ec00000|  0%| F|  |TAMS 0x000000008eb00000| PB 0x000000008eb00000| Untracked |  0
|  64|0x000000008ec00000, 0x000000008ec00000, 0x000000008ed00000|  0%| F|  |TAMS 0x000000008ec00000| PB 0x000000008ec00000| Untracked |  0
|  65|0x000000008ed00000, 0x000000008ed00000, 0x000000008ee00000|  0%| F|  |TAMS 0x000000008ed00000| PB 0x000000008ed00000| Untracked |  0
|  66|0x000000008ee00000, 0x000000008ee00000, 0x000000008ef00000|  0%| F|  |TAMS 0x000000008ee00000| PB 0x000000008ee00000| Untracked |  0
|  67|0x000000008ef00000, 0x000000008ef00000, 0x000000008f000000|  0%| F|  |TAMS 0x000000008ef00000| PB 0x000000008ef00000| Untracked |  0
|  68|0x000000008f000000, 0x000000008f000000, 0x000000008f100000|  0%| F|  |TAMS 0x000000008f000000| PB 0x000000008f000000| Untracked |  0
|  69|0x000000008f100000, 0x000000008f100000, 0x000000008f200000|  0%| F|  |TAMS 0x000000008f100000| PB 0x000000008f100000| Untracked |  0
|  70|0x000000008f200000, 0x000000008f200000, 0x000000008f300000|  0%| F|  |TAMS 0x000000008f200000| PB 0x000000008f200000| Untracked |  0
|  71|0x000000008f300000, 0x000000008f300000, 0x000000008f400000|  0%| F|  |TAMS 0x000000008f300000| PB 0x000000008f300000| Untracked |  0
|  72|0x000000008f400000, 0x000000008f400000, 0x000000008f500000|  0%| F|  |TAMS 0x000000008f400000| PB 0x000000008f400000| Untracked |  0
|  73|0x000000008f500000, 0x000000008f500000, 0x000000008f600000|  0%| F|  |TAMS 0x000000008f500000| PB 0x000000008f500000| Untracked |  0
|  74|0x000000008f600000, 0x000000008f600000, 0x000000008f700000|  0%| F|  |TAMS 0x000000008f600000| PB 0x000000008f600000| Untracked |  0
|  75|0x000000008f700000, 0x000000008f700000, 0x000000008f800000|  0%| F|  |TAMS 0x000000008f700000| PB 0x000000008f700000| Untracked |  0
|  76|0x000000008f800000, 0x000000008f800000, 0x000000008f900000|  0%| F|  |TAMS 0x000000008f800000| PB 0x000000008f800000| Untracked |  0
|  77|0x000000008f900000, 0x000000008f900000, 0x000000008fa00000|  0%| F|  |TAMS 0x000000008f900000| PB 0x000000008f900000| Untracked |  0
|  78|0x000000008fa00000, 0x000000008fa00000, 0x000000008fb00000|  0%| F|  |TAMS 0x000000008fa00000| PB 0x000000008fa00000| Untracked |  0
|  79|0x000000008fb00000, 0x000000008fb00000, 0x000000008fc00000|  0%| F|  |TAMS 0x000000008fb00000| PB 0x000000008fb00000| Untracked |  0
|  80|0x000000008fc00000, 0x000000008fc00000, 0x000000008fd00000|  0%| F|  |TAMS 0x000000008fc00000| PB 0x000000008fc00000| Untracked |  0
|  81|0x000000008fd00000, 0x000000008fd00000, 0x000000008fe00000|  0%| F|  |TAMS 0x000000008fd00000| PB 0x000000008fd00000| Untracked |  0
|  82|0x000000008fe00000, 0x000000008fe00000, 0x000000008ff00000|  0%| F|  |TAMS 0x000000008fe00000| PB 0x000000008fe00000| Untracked |  0
|  83|0x000000008ff00000, 0x000000008ff00000, 0x0000000090000000|  0%| F|  |TAMS 0x000000008ff00000| PB 0x000000008ff00000| Untracked |  0
|  84|0x0000000090000000, 0x0000000090000000, 0x0000000090100000|  0%| F|  |TAMS 0x0000000090000000| PB 0x0000000090000000| Untracked |  0
|  85|0x0000000090100000, 0x0000000090100000, 0x0000000090200000|  0%| F|  |TAMS 0x0000000090100000| PB 0x0000000090100000| Untracked |  0
|  86|0x0000000090200000, 0x0000000090300000, 0x0000000090300000|100%| S|CS|TAMS 0x0000000090200000| PB 0x0000000090200000| Complete |  0
|  87|0x0000000090300000, 0x0000000090400000, 0x0000000090400000|100%| S|CS|TAMS 0x0000000090300000| PB 0x0000000090300000| Complete |  0
|  88|0x0000000090400000, 0x0000000090500000, 0x0000000090500000|100%| S|CS|TAMS 0x0000000090400000| PB 0x0000000090400000| Complete |  0
|  89|0x0000000090500000, 0x0000000090600000, 0x0000000090600000|100%| S|CS|TAMS 0x0000000090500000| PB 0x0000000090500000| Complete |  0
|  90|0x0000000090600000, 0x0000000090600000, 0x0000000090700000|  0%| F|  |TAMS 0x0000000090600000| PB 0x0000000090600000| Untracked |  0
|  91|0x0000000090700000, 0x0000000090700000, 0x0000000090800000|  0%| F|  |TAMS 0x0000000090700000| PB 0x0000000090700000| Untracked |  0
|  92|0x0000000090800000, 0x0000000090800000, 0x0000000090900000|  0%| F|  |TAMS 0x0000000090800000| PB 0x0000000090800000| Untracked |  0
|  93|0x0000000090900000, 0x0000000090900000, 0x0000000090a00000|  0%| F|  |TAMS 0x0000000090900000| PB 0x0000000090900000| Untracked |  0
|  94|0x0000000090a00000, 0x0000000090a00000, 0x0000000090b00000|  0%| F|  |TAMS 0x0000000090a00000| PB 0x0000000090a00000| Untracked |  0
|  95|0x0000000090b00000, 0x0000000090b00000, 0x0000000090c00000|  0%| F|  |TAMS 0x0000000090b00000| PB 0x0000000090b00000| Untracked |  0
|  96|0x0000000090c00000, 0x0000000090c00000, 0x0000000090d00000|  0%| F|  |TAMS 0x0000000090c00000| PB 0x0000000090c00000| Untracked |  0
|  97|0x0000000090d00000, 0x0000000090d00000, 0x0000000090e00000|  0%| F|  |TAMS 0x0000000090d00000| PB 0x0000000090d00000| Untracked |  0
|  98|0x0000000090e00000, 0x0000000090e00000, 0x0000000090f00000|  0%| F|  |TAMS 0x0000000090e00000| PB 0x0000000090e00000| Untracked |  0
|  99|0x0000000090f00000, 0x0000000090f00000, 0x0000000091000000|  0%| F|  |TAMS 0x0000000090f00000| PB 0x0000000090f00000| Untracked |  0
| 100|0x0000000091000000, 0x0000000091000000, 0x0000000091100000|  0%| F|  |TAMS 0x0000000091000000| PB 0x0000000091000000| Untracked |  0
| 101|0x0000000091100000, 0x0000000091100000, 0x0000000091200000|  0%| F|  |TAMS 0x0000000091100000| PB 0x0000000091100000| Untracked |  0
| 102|0x0000000091200000, 0x0000000091200000, 0x0000000091300000|  0%| F|  |TAMS 0x0000000091200000| PB 0x0000000091200000| Untracked |  0
| 103|0x0000000091300000, 0x0000000091300000, 0x0000000091400000|  0%| F|  |TAMS 0x0000000091300000| PB 0x0000000091300000| Untracked |  0
| 104|0x0000000091400000, 0x0000000091400000, 0x0000000091500000|  0%| F|  |TAMS 0x0000000091400000| PB 0x0000000091400000| Untracked |  0
| 105|0x0000000091500000, 0x0000000091500000, 0x0000000091600000|  0%| F|  |TAMS 0x0000000091500000| PB 0x0000000091500000| Untracked |  0
| 106|0x0000000091600000, 0x0000000091600000, 0x0000000091700000|  0%| F|  |TAMS 0x0000000091600000| PB 0x0000000091600000| Untracked |  0
| 107|0x0000000091700000, 0x0000000091700000, 0x0000000091800000|  0%| F|  |TAMS 0x0000000091700000| PB 0x0000000091700000| Untracked |  0
| 108|0x0000000091800000, 0x0000000091900000, 0x0000000091900000|100%| E|  |TAMS 0x0000000091800000| PB 0x0000000091800000| Complete |  0
| 109|0x0000000091900000, 0x0000000091a00000, 0x0000000091a00000|100%| E|CS|TAMS 0x0000000091900000| PB 0x0000000091900000| Complete |  0
| 110|0x0000000091a00000, 0x0000000091b00000, 0x0000000091b00000|100%| E|CS|TAMS 0x0000000091a00000| PB 0x0000000091a00000| Complete |  0
| 111|0x0000000091b00000, 0x0000000091c00000, 0x0000000091c00000|100%| E|CS|TAMS 0x0000000091b00000| PB 0x0000000091b00000| Complete |  0
| 112|0x0000000091c00000, 0x0000000091d00000, 0x0000000091d00000|100%| E|CS|TAMS 0x0000000091c00000| PB 0x0000000091c00000| Complete |  0
| 113|0x0000000091d00000, 0x0000000091e00000, 0x0000000091e00000|100%| E|CS|TAMS 0x0000000091d00000| PB 0x0000000091d00000| Complete |  0
| 114|0x0000000091e00000, 0x0000000091f00000, 0x0000000091f00000|100%| E|CS|TAMS 0x0000000091e00000| PB 0x0000000091e00000| Complete |  0
| 115|0x0000000091f00000, 0x0000000092000000, 0x0000000092000000|100%| E|CS|TAMS 0x0000000091f00000| PB 0x0000000091f00000| Complete |  0
| 116|0x0000000092000000, 0x0000000092100000, 0x0000000092100000|100%| E|CS|TAMS 0x0000000092000000| PB 0x0000000092000000| Complete |  0
| 117|0x0000000092100000, 0x0000000092200000, 0x0000000092200000|100%| E|CS|TAMS 0x0000000092100000| PB 0x0000000092100000| Complete |  0
|1874|0x00000000ffe00000, 0x00000000fff00000, 0x00000000fff00000|100%| O|  |TAMS 0x00000000ffe00000| PB 0x00000000ffe00000| Untracked |  0
|1875|0x00000000fff00000, 0x00000000fff1d248, 0x0000000100000000| 11%| O|  |TAMS 0x00000000fff00000| PB 0x00000000fff00000| Untracked |  0

Card table byte_map: [0x000002a8fa670000,0x000002a8faa20000] _byte_map_base: 0x000002a8fa21a000

Marking Bits: (CMBitMap*) 0x000002a8e2a6de60
 Bits: [0x000002a8faa20000, 0x000002a8fc770000)

Polling page: 0x000002a8e09e0000

Metaspace:

Usage:
  Non-class:     11.44 MB used.
      Class:      1.10 MB used.
       Both:     12.53 MB used.

Virtual space:
  Non-class space:       64.00 MB reserved,      11.62 MB ( 18%) committed,  1 nodes.
      Class space:        1.00 GB reserved,       1.19 MB ( <1%) committed,  1 nodes.
             Both:        1.06 GB reserved,      12.81 MB (  1%) committed. 

Chunk freelists:
   Non-Class:  4.41 MB
       Class:  14.71 MB
        Both:  19.11 MB

MaxMetaspaceSize: unlimited
CompressedClassSpaceSize: 1.00 GB
Initial GC threshold: 21.00 MB
Current GC threshold: 21.00 MB
CDS: on
 - commit_granule_bytes: 65536.
 - commit_granule_words: 8192.
 - virtual_space_node_default_size: 8388608.
 - enlarge_chunks_in_place: 1.
UseCompressedClassPointers 1, UseCompactObjectHeaders 0
Narrow klass pointer bits 32, Max shift 3
Narrow klass base: 0x000002a880000000, Narrow klass shift: 0
Encoding Range: [0x000002a880000000 - 0x000002a980000000), (4294967296 bytes)
Klass Range:    [0x000002a880000000 - 0x000002a8c1000000), (1090519040 bytes)
Klass ID Range:  [8 - 1090519033) (1090519025)


Internal statistics:

num_allocs_failed_limit: 0.
num_arena_births: 274.
num_arena_deaths: 0.
num_vsnodes_births: 2.
num_vsnodes_deaths: 0.
num_space_committed: 205.
num_space_uncommitted: 0.
num_chunks_returned_to_freelist: 0.
num_chunks_taken_from_freelist: 356.
num_chunk_merges: 0.
num_chunk_splits: 217.
num_chunks_enlarged: 105.
num_inconsistent_stats: 0.

CodeHeap 'non-profiled nmethods': size=120064Kb used=681Kb max_used=681Kb free=119382Kb
 bounds [0x000002a8f2d80000, 0x000002a8f2ff0000, 0x000002a8fa2c0000]
CodeHeap 'profiled nmethods': size=120000Kb used=3348Kb max_used=3348Kb free=116651Kb
 bounds [0x000002a8eb2c0000, 0x000002a8eb610000, 0x000002a8f27f0000]
CodeHeap 'non-nmethods': size=5696Kb used=1539Kb max_used=1556Kb free=4156Kb
 bounds [0x000002a8f27f0000, 0x000002a8f2a60000, 0x000002a8f2d80000]
CodeCache: size=245760Kb, used=5568Kb, max_used=5585Kb, free=240189Kb
 total_blobs=2897, nmethods=2192, adapters=609, full_count=0
Compilation: enabled, stopped_count=0, restarted_count=0

Compilation events (20 events):
Event: 6.625 Thread 0x000002a8fed7d700 nmethod 2177 0x000002a8eb5fe588 code [0x000002a8eb5fe6c0, 0x000002a8eb5feb00]
Event: 6.643 Thread 0x000002a8fed7d700 2178  s    3       sun.java2d.ScreenUpdateManager::getInstance (39 bytes)
Event: 6.643 Thread 0x000002a8fed7d700 nmethod 2178 0x000002a8eb5feb88 code [0x000002a8eb5fece0, 0x000002a8eb5ff288]
Event: 6.711 Thread 0x000002a8fed6da40 2179       4       jdk.internal.misc.Unsafe::putLongUnaligned (14 bytes)
Event: 6.712 Thread 0x000002a8fed6da40 nmethod 2179 0x000002a8f2e29788 code [0x000002a8f2e29880, 0x000002a8f2e29928]
Event: 6.731 Thread 0x000002a8fed7d700 2181   !   3       java.util.concurrent.locks.AbstractQueuedSynchronizer$ConditionObject::await (180 bytes)
Event: 6.733 Thread 0x000002a8fed7d700 nmethod 2181 0x000002a8eb5ff308 code [0x000002a8eb5ff600, 0x000002a8eb600d90]
Event: 6.733 Thread 0x000002a8fed7d700 2180   !   3       sun.awt.AWTAutoShutdown::notifyThreadFree (74 bytes)
Event: 6.734 Thread 0x000002a8fed7d700 nmethod 2180 0x000002a8eb600e08 code [0x000002a8eb600f80, 0x000002a8eb601608]
Event: 6.746 Thread 0x000002a8fed6da40 2182       4       jdk.internal.misc.Unsafe::putLongUnaligned (14 bytes)
Event: 6.747 Thread 0x000002a8fed6da40 nmethod 2182 0x000002a8f2e29a88 code [0x000002a8f2e29b80, 0x000002a8f2e29c30]
Event: 6.762 Thread 0x000002a8fed6da40 2183       4       java.util.Objects::checkIndex (7 bytes)
Event: 6.763 Thread 0x000002a8fed6da40 nmethod 2183 0x000002a8f2e29d88 code [0x000002a8f2e29e80, 0x000002a8f2e29f20]
Event: 6.798 Thread 0x000002a8fed6da40 2184       4       java.util.concurrent.locks.AbstractQueuedSynchronizer::signalNext (34 bytes)
Event: 6.802 Thread 0x000002a8fed6da40 nmethod 2184 0x000002a8f2e2a088 code [0x000002a8f2e2a1a0, 0x000002a8f2e2a310]
Event: 6.850 Thread 0x000002a8fed6da40 2185       4       java.lang.StrictMath::floorOrCeil (128 bytes)
Event: 6.852 Thread 0x000002a8fed7d700 2186       3       sun.java2d.d3d.D3DSurfaceData::validatePipe (385 bytes)
Event: 6.854 Thread 0x000002a8fed7d700 nmethod 2186 0x000002a8eb601688 code [0x000002a8eb601900, 0x000002a8eb602bc8]
Event: 6.854 Thread 0x000002a8fed6da40 nmethod 2185 0x000002a8f2e2a388 code [0x000002a8f2e2a4a0, 0x000002a8f2e2a5a8]
Event: 6.962 Thread 0x000002a8fed6da40 2187       4       java.util.concurrent.locks.ReentrantLock::unlock (10 bytes)

GC Heap History (2 events):
Event: 3.155 GC heap before
{Heap before GC invocations=0 (full 0):
 garbage-first heap   total reserved 1921024K, committed 122880K, used 34932K [0x000000008ac00000, 0x0000000100000000)
  region size 1024K, 28 young (28672K), 0 survivors (0K)
 Metaspace       used 10224K, committed 10432K, reserved 1114112K
  class space    used 892K, committed 960K, reserved 1048576K
}
Event: 3.168 GC heap after
{Heap after GC invocations=1 (full 0):
 garbage-first heap   total reserved 1921024K, committed 122880K, used 10356K [0x000000008ac00000, 0x0000000100000000)
  region size 1024K, 4 young (4096K), 4 survivors (4096K)
 Metaspace       used 10224K, committed 10432K, reserved 1114112K
  class space    used 892K, committed 960K, reserved 1048576K
}

Dll operation events (14 events):
Event: 0.045 Loaded shared library C:\Program Files\Java\jdk-24\bin\java.dll
Event: 0.145 Loaded shared library C:\Program Files\Java\jdk-24\bin\jsvml.dll
Event: 0.341 Loaded shared library C:\Program Files\Java\jdk-24\bin\zip.dll
Event: 0.351 Loaded shared library C:\Program Files\Java\jdk-24\bin\instrument.dll
Event: 0.370 Loaded shared library C:\Program Files\Java\jdk-24\bin\net.dll
Event: 0.375 Loaded shared library C:\Program Files\Java\jdk-24\bin\nio.dll
Event: 0.388 Loaded shared library C:\Program Files\Java\jdk-24\bin\zip.dll
Event: 0.474 Loaded shared library C:\Program Files\Java\jdk-24\bin\jimage.dll
Event: 0.484 Loaded shared library C:\Program Files\Java\jdk-24\bin\extnet.dll
Event: 0.535 Loaded shared library C:\Program Files\Java\jdk-24\bin\awt.dll
Event: 1.807 Loaded shared library C:\Program Files\Java\jdk-24\bin\management.dll
Event: 1.834 Loaded shared library C:\Program Files\Java\jdk-24\bin\management_ext.dll
Event: 3.520 Loaded shared library C:\Program Files\Java\jdk-24\bin\freetype.dll
Event: 3.527 Loaded shared library C:\Program Files\Java\jdk-24\bin\fontmanager.dll

Deoptimization events (20 events):
Event: 3.362 Thread 0x000002a8c5b25980 Uncommon trap: trap_request=0xffffff4d fr.pc=0x000002a8f2de11e0 relative=0x0000000000000060
Event: 3.362 Thread 0x000002a8c5b25980 Uncommon trap: reason=unstable_if action=reinterpret pc=0x000002a8f2de11e0 method=java.lang.ref.ReferenceQueue.poll()Ljava/lang/ref/Reference; @ 4 c2
Event: 3.362 Thread 0x000002a8c5b25980 DEOPT PACKING pc=0x000002a8f2de11e0 sp=0x000000b0880fe8b0
Event: 3.362 Thread 0x000002a8c5b25980 DEOPT UNPACKING pc=0x000002a8f2902382 sp=0x000000b0880fe7b8 mode 2
Event: 3.362 Thread 0x000002a8c5b25980 Uncommon trap: trap_request=0xffffff4d fr.pc=0x000002a8f2dd6dd8 relative=0x0000000000000058
Event: 3.362 Thread 0x000002a8c5b25980 Uncommon trap: reason=unstable_if action=reinterpret pc=0x000002a8f2dd6dd8 method=java.lang.ref.ReferenceQueue.poll()Ljava/lang/ref/Reference; @ 4 c2
Event: 3.362 Thread 0x000002a8c5b25980 DEOPT PACKING pc=0x000002a8f2dd6dd8 sp=0x000000b0880fe840
Event: 3.362 Thread 0x000002a8c5b25980 DEOPT UNPACKING pc=0x000002a8f2902382 sp=0x000000b0880fe7b8 mode 2
Event: 3.575 Thread 0x000002a8e2a1acc0 Uncommon trap: trap_request=0xffffff4d fr.pc=0x000002a8f2de3024 relative=0x0000000000000284
Event: 3.575 Thread 0x000002a8e2a1acc0 Uncommon trap: reason=unstable_if action=reinterpret pc=0x000002a8f2de3024 method=java.lang.StringUTF16.compress([CII)[B @ 17 c2
Event: 3.575 Thread 0x000002a8e2a1acc0 DEOPT PACKING pc=0x000002a8f2de3024 sp=0x000000b085afdf60
Event: 3.575 Thread 0x000002a8e2a1acc0 DEOPT UNPACKING pc=0x000002a8f2902382 sp=0x000000b085afde70 mode 2
Event: 5.206 Thread 0x000002a8c5b22650 Uncommon trap: trap_request=0xffffff5c fr.pc=0x000002a8f2e1ea64 relative=0x0000000000000064
Event: 5.206 Thread 0x000002a8c5b22650 Uncommon trap: reason=speculate_null_check action=make_not_entrant pc=0x000002a8f2e1ea64 method=jdk.internal.misc.Unsafe.putIntUnaligned(Ljava/lang/Object;JIZ)V @ 10 c2
Event: 5.206 Thread 0x000002a8c5b22650 DEOPT PACKING pc=0x000002a8f2e1ea64 sp=0x000000b086eff1b0
Event: 5.206 Thread 0x000002a8c5b22650 DEOPT UNPACKING pc=0x000002a8f2902382 sp=0x000000b086eff100 mode 2
Event: 6.728 Thread 0x000002a8c5b22650 Uncommon trap: trap_request=0xffffff5c fr.pc=0x000002a8f2e298e8 relative=0x0000000000000068
Event: 6.728 Thread 0x000002a8c5b22650 Uncommon trap: reason=speculate_null_check action=make_not_entrant pc=0x000002a8f2e298e8 method=jdk.internal.misc.Unsafe.putLongUnaligned(Ljava/lang/Object;JJZ)V @ 10 c2
Event: 6.728 Thread 0x000002a8c5b22650 DEOPT PACKING pc=0x000002a8f2e298e8 sp=0x000000b086eff140
Event: 6.728 Thread 0x000002a8c5b22650 DEOPT UNPACKING pc=0x000002a8f2902382 sp=0x000000b086eff080 mode 2

Classes loaded (20 events):
Event: 3.998 Loading class javax/management/openmbean/OpenDataException
Event: 3.998 Loading class javax/management/openmbean/OpenDataException done
Event: 4.005 Loading class java/io/ObjectStreamException
Event: 4.005 Loading class java/io/ObjectStreamException done
Event: 4.394 Loading class java/awt/event/MouseEvent$1
Event: 4.394 Loading class sun/awt/AWTAccessor$MouseEventAccessor
Event: 4.394 Loading class sun/awt/AWTAccessor$MouseEventAccessor done
Event: 4.394 Loading class java/awt/event/MouseEvent$1 done
Event: 4.395 Loading class java/awt/Cursor$CursorDisposer
Event: 4.396 Loading class java/awt/Cursor$CursorDisposer done
Event: 4.396 Loading class java/awt/event/MouseWheelEvent
Event: 4.396 Loading class java/awt/event/MouseWheelEvent done
Event: 4.843 Loading class java/lang/Math$RandomNumberGeneratorHolder
Event: 4.843 Loading class java/lang/Math$RandomNumberGeneratorHolder done
Event: 5.905 Loading class java/awt/Canvas
Event: 5.905 Loading class java/awt/Canvas done
Event: 5.905 Loading class java/awt/Scrollbar
Event: 5.906 Loading class java/awt/Adjustable
Event: 5.906 Loading class java/awt/Adjustable done
Event: 5.906 Loading class java/awt/Scrollbar done

Classes unloaded (0 events):
No events

Classes redefined (0 events):
No events

Internal exceptions (20 events):
Event: 2.923 Thread 0x000002a8c54e61c0 Exception <a 'java/lang/NoSuchMethodError'{0x0000000090cfda40}: 'java.lang.Object java.lang.invoke.DirectMethodHandle$Holder.invokeStatic(java.lang.Object, java.lang.Object, java.lang.Object, java.lang.Object, java.lang.Object, java.lang.Object, java.lang.Object, java.lang.Object)'> (0x0000000090cfda40) 
thrown [s\open\src\hotspot\share\interpreter\linkResolver.cpp, line 805]
Event: 2.929 Thread 0x000002a8c54e61c0 Exception <a 'java/lang/NoSuchMethodError'{0x0000000090b22178}: 'java.lang.Object java.lang.invoke.DirectMethodHandle$Holder.invokeStatic(java.lang.Object, java.lang.Object, java.lang.Object, java.lang.Object, java.lang.Object, java.lang.Object, java.lang.Object, java.lang.Object, java.lang.Object)'> (0x0000000090b22178) 
thrown [s\open\src\hotspot\share\interpreter\linkResolver.cpp, line 805]
Event: 2.932 Thread 0x000002a8c54e61c0 Exception <a 'java/lang/NoSuchMethodError'{0x0000000090b35628}: 'java.lang.Object java.lang.invoke.Invokers$Holder.invokeExact_MT(java.lang.Object, java.lang.Object, java.lang.Object, java.lang.Object, java.lang.Object, java.lang.Object)'> (0x0000000090b35628) 
thrown [s\open\src\hotspot\share\interpreter\linkResolver.cpp, line 805]
Event: 2.947 Thread 0x000002a8c54e61c0 Exception <a 'java/lang/NoSuchMethodError'{0x0000000090b41408}: 'java.lang.Object java.lang.invoke.DirectMethodHandle$Holder.invokeInterface(java.lang.Object, java.lang.Object, java.lang.Object, java.lang.Object, java.lang.Object)'> (0x0000000090b41408) 
thrown [s\open\src\hotspot\share\interpreter\linkResolver.cpp, line 805]
Event: 2.963 Thread 0x000002a8c54e61c0 Exception <a 'java/lang/NoSuchMethodError'{0x0000000090b8bc70}: 'double java.lang.invoke.DirectMethodHandle$Holder.invokeInterface(java.lang.Object, java.lang.Object)'> (0x0000000090b8bc70) 
thrown [s\open\src\hotspot\share\interpreter\linkResolver.cpp, line 805]
Event: 2.965 Thread 0x000002a8c54e61c0 Exception <a 'java/lang/NoSuchMethodError'{0x0000000090b9c8e0}: 'double java.lang.invoke.DelegatingMethodHandle$Holder.reinvoke_L(java.lang.Object, java.lang.Object)'> (0x0000000090b9c8e0) 
thrown [s\open\src\hotspot\share\interpreter\linkResolver.cpp, line 805]
Event: 3.372 Thread 0x000002a8c54e5a70 Exception <a 'java/lang/NoSuchMethodError'{0x0000000091ce2500}: 'void java.lang.invoke.DirectMethodHandle$Holder.invokeVirtual(java.lang.Object, java.lang.Object)'> (0x0000000091ce2500) 
thrown [s\open\src\hotspot\share\interpreter\linkResolver.cpp, line 805]
Event: 3.469 Thread 0x000002a8e2a1acc0 Exception <a 'java/lang/NoSuchMethodError'{0x0000000091cac0a8}: 'long java.lang.invoke.DirectMethodHandle$Holder.invokeStaticInit(java.lang.Object, long, long, long, long)'> (0x0000000091cac0a8) 
thrown [s\open\src\hotspot\share\interpreter\linkResolver.cpp, line 805]
Event: 3.470 Thread 0x000002a8e2a1acc0 Exception <a 'java/lang/NoSuchMethodError'{0x0000000091cb0aa0}: 'java.lang.Object java.lang.invoke.DirectMethodHandle$Holder.invokeInterface(java.lang.Object, java.lang.Object, long, long)'> (0x0000000091cb0aa0) 
thrown [s\open\src\hotspot\share\interpreter\linkResolver.cpp, line 805]
Event: 3.472 Thread 0x000002a8e2a1acc0 Exception <a 'java/lang/NoSuchMethodError'{0x0000000091b44828}: 'void java.lang.invoke.DirectMethodHandle$Holder.invokeStaticInit(java.lang.Object, java.lang.Object, long, java.lang.Object)'> (0x0000000091b44828) 
thrown [s\open\src\hotspot\share\interpreter\linkResolver.cpp, line 805]
Event: 3.473 Thread 0x000002a8e2a1acc0 Exception <a 'java/lang/NoSuchMethodError'{0x0000000091b4cf98}: 'long java.lang.invoke.DirectMethodHandle$Holder.invokeStatic(java.lang.Object, long, long)'> (0x0000000091b4cf98) 
thrown [s\open\src\hotspot\share\interpreter\linkResolver.cpp, line 805]
Event: 3.483 Thread 0x000002a8e2a1acc0 Exception <a 'java/lang/NoSuchMethodError'{0x0000000091b76038}: 'java.lang.Object java.lang.invoke.DirectMethodHandle$Holder.newInvokeSpecial(java.lang.Object, int, java.lang.Object)'> (0x0000000091b76038) 
thrown [s\open\src\hotspot\share\interpreter\linkResolver.cpp, line 805]
Event: 3.488 Thread 0x000002a8e2a1acc0 Exception <a 'java/lang/NoSuchMethodError'{0x0000000091b90530}: 'void java.lang.invoke.DelegatingMethodHandle$Holder.reinvoke_L(java.lang.Object, java.lang.Object, java.lang.Object, java.lang.Object, long, long, int)'> (0x0000000091b90530) 
thrown [s\open\src\hotspot\share\interpreter\linkResolver.cpp, line 805]
Event: 3.493 Thread 0x000002a8e2a1acc0 Exception <a 'java/lang/NoSuchMethodError'{0x0000000091bb01d0}: 'java.lang.Object java.lang.invoke.DirectMethodHandle$Holder.invokeStatic(java.lang.Object, java.lang.Object, java.lang.Object, java.lang.Object, java.lang.Object, long)'> (0x0000000091bb01d0) 
thrown [s\open\src\hotspot\share\interpreter\linkResolver.cpp, line 805]
Event: 3.499 Thread 0x000002a8e2a1acc0 Exception <a 'java/lang/NoSuchMethodError'{0x0000000091bd4840}: 'void java.lang.invoke.DelegatingMethodHandle$Holder.reinvoke_L(java.lang.Object, java.lang.Object, java.lang.Object, java.lang.Object, long, long, long)'> (0x0000000091bd4840) 
thrown [s\open\src\hotspot\share\interpreter\linkResolver.cpp, line 805]
Event: 3.504 Thread 0x000002a8e2a1acc0 Exception <a 'java/lang/NoSuchMethodError'{0x0000000091bede60}: 'void java.lang.invoke.DirectMethodHandle$Holder.invokeStaticInit(java.lang.Object)'> (0x0000000091bede60) 
thrown [s\open\src\hotspot\share\interpreter\linkResolver.cpp, line 805]
Event: 3.693 Thread 0x000002a8c5b24390 Exception <a 'java/lang/NoSuchMethodError'{0x0000000091b26288}: 'void java.lang.invoke.DelegatingMethodHandle$Holder.reinvoke_L(java.lang.Object, java.lang.Object, java.lang.Object, java.lang.Object, long, long, float)'> (0x0000000091b26288) 
thrown [s\open\src\hotspot\share\interpreter\linkResolver.cpp, line 805]
Event: 3.730 Thread 0x000002a8c5b24390 Exception <a 'java/lang/NoSuchMethodError'{0x0000000091aee390}: 'void java.lang.invoke.DelegatingMethodHandle$Holder.reinvoke_L(java.lang.Object, java.lang.Object, java.lang.Object, java.lang.Object, long, long, double)'> (0x0000000091aee390) 
thrown [s\open\src\hotspot\share\interpreter\linkResolver.cpp, line 805]
Event: 3.991 Thread 0x000002a8c54e61c0 Exception <a 'java/lang/NoSuchMethodError'{0x0000000091999de8}: 'long java.lang.invoke.DirectMethodHandle$Holder.invokeVirtual(java.lang.Object, java.lang.Object)'> (0x0000000091999de8) 
thrown [s\open\src\hotspot\share\interpreter\linkResolver.cpp, line 805]
Event: 3.994 Thread 0x000002a8c54e61c0 Exception <a 'java/lang/NoSuchMethodError'{0x00000000919aa098}: 'long java.lang.invoke.DelegatingMethodHandle$Holder.reinvoke_L(java.lang.Object, java.lang.Object)'> (0x00000000919aa098) 
thrown [s\open\src\hotspot\share\interpreter\linkResolver.cpp, line 805]

VM Operations (18 events):
Event: 0.269 Executing VM operation: HandshakeAllThreads (Deoptimize)
Event: 0.269 Executing VM operation: HandshakeAllThreads (Deoptimize) done
Event: 1.455 Executing VM operation: HandshakeAllThreads (Deoptimize)
Event: 1.480 Executing VM operation: HandshakeAllThreads (Deoptimize) done
Event: 2.401 Executing VM operation: HandshakeAllThreads (Deoptimize)
Event: 2.402 Executing VM operation: HandshakeAllThreads (Deoptimize) done
Event: 2.815 Executing VM operation: HandshakeAllThreads (Deoptimize)
Event: 2.828 Executing VM operation: HandshakeAllThreads (Deoptimize) done
Event: 2.872 Executing VM operation: HandshakeAllThreads (Deoptimize)
Event: 2.875 Executing VM operation: HandshakeAllThreads (Deoptimize) done
Event: 3.152 Executing VM operation: G1CollectForAllocation (G1 Evacuation Pause)
Event: 3.168 Executing VM operation: G1CollectForAllocation (G1 Evacuation Pause) done
Event: 3.342 Executing VM operation: HandshakeAllThreads (Deoptimize)
Event: 3.343 Executing VM operation: HandshakeAllThreads (Deoptimize) done
Event: 3.480 Executing VM operation: HandshakeAllThreads (Deoptimize)
Event: 3.480 Executing VM operation: HandshakeAllThreads (Deoptimize) done
Event: 3.894 Executing VM operation: HandshakeAllThreads (Deoptimize)
Event: 3.894 Executing VM operation: HandshakeAllThreads (Deoptimize) done

Memory protections (0 events):
No events

Nmethod flushes (0 events):
No events

Events (20 events):
Event: 0.141 Thread 0x000002a8e2a1acc0 Thread added: 0x000002a8fed7d700
Event: 0.365 Thread 0x000002a8e2a1acc0 Thread added: 0x000002a8c51d0e60
Event: 0.436 Thread 0x000002a8e2a1acc0 Thread added: 0x000002a8c51e1e50
Event: 0.437 Thread 0x000002a8e2a1acc0 Thread added: 0x000002a8c51e45a0
Event: 1.505 Thread 0x000002a8fed7d700 Thread added: 0x000002a8c5378ce0
Event: 1.666 Thread 0x000002a8e2a1acc0 Thread added: 0x000002a8c54e8650
Event: 1.668 Thread 0x000002a8e2a1acc0 Thread added: 0x000002a8c54e8da0
Event: 1.754 Thread 0x000002a8e2a1acc0 Thread added: 0x000002a8c54e5a70
Event: 2.575 Thread 0x000002a8fed447a0 Thread added: 0x000002a8c54e7060
Event: 2.691 Thread 0x000002a8c54e7060 Thread added: 0x000002a8c54e61c0
Event: 2.768 Thread 0x000002a8e2a1acc0 Thread added: 0x000002a8c54e6910
Event: 2.775 Thread 0x000002a8c54e61c0 Thread added: 0x000002a8c54e77b0
Event: 2.811 Thread 0x000002a8c54e61c0 Thread added: 0x000002a8c54e7f00
Event: 3.150 Thread 0x000002a8e2a1acc0 Thread added: 0x000002a8c5b21f00
Event: 3.341 Thread 0x000002a8e2a1acc0 Thread added: 0x000002a8c5b25980
Event: 3.370 Thread 0x000002a8c54e5a70 Thread added: 0x000002a8c5b24390
Event: 3.491 Thread 0x000002a8c5378ce0 Thread exited: 0x000002a8c5378ce0
Event: 3.664 Thread 0x000002a8e2a1acc0 Thread exited: 0x000002a8e2a1acc0
Event: 3.665 Thread 0x000002a8c5b24ae0 Thread added: 0x000002a8c5b24ae0
Event: 3.695 Thread 0x000002a8c5b24390 Thread added: 0x000002a8c5b22650


Dynamic libraries:
0x00007ff7dd510000 - 0x00007ff7dd520000 	C:\Program Files\Java\jdk-24\bin\java.exe
0x00007ffd7b880000 - 0x00007ffd7bae8000 	C:\WINDOWS\SYSTEM32\ntdll.dll
0x00007ffd79c00000 - 0x00007ffd79cc9000 	C:\WINDOWS\System32\KERNEL32.DLL
0x00007ffd78e30000 - 0x00007ffd79222000 	C:\WINDOWS\System32\KERNELBASE.dll
0x00007ffd78b60000 - 0x00007ffd78cab000 	C:\WINDOWS\System32\ucrtbase.dll
0x00007ffd63f80000 - 0x00007ffd63f9b000 	C:\Program Files\Java\jdk-24\bin\VCRUNTIME140.dll
0x00007ffd729e0000 - 0x00007ffd729f6000 	C:\Program Files\Java\jdk-24\bin\jli.dll
0x00007ffd7af20000 - 0x00007ffd7b0e5000 	C:\WINDOWS\System32\USER32.dll
0x00007ffd77c60000 - 0x00007ffd77ef3000 	C:\WINDOWS\WinSxS\amd64_microsoft.windows.common-controls_6595b64144ccf1df_6.0.26100.6899_none_3e0efeeae32e88c1\COMCTL32.dll
0x00007ffd794f0000 - 0x00007ffd79517000 	C:\WINDOWS\System32\win32u.dll
0x00007ffd7b5c0000 - 0x00007ffd7b669000 	C:\WINDOWS\System32\msvcrt.dll
0x00007ffd7b810000 - 0x00007ffd7b83b000 	C:\WINDOWS\System32\GDI32.dll
0x00007ffd79520000 - 0x00007ffd7964d000 	C:\WINDOWS\System32\gdi32full.dll
0x00007ffd79230000 - 0x00007ffd792d3000 	C:\WINDOWS\System32\msvcp_win.dll
0x00007ffd7b750000 - 0x00007ffd7b77f000 	C:\WINDOWS\System32\IMM32.DLL
0x00007ffd6d560000 - 0x00007ffd6d56c000 	C:\Program Files\Java\jdk-24\bin\vcruntime140_1.dll
0x00007ffd53800000 - 0x00007ffd5388e000 	C:\Program Files\Java\jdk-24\bin\msvcp140.dll
0x00007ffd48d60000 - 0x00007ffd49b01000 	C:\Program Files\Java\jdk-24\bin\server\jvm.dll
0x00007ffd7ad30000 - 0x00007ffd7ade4000 	C:\WINDOWS\System32\ADVAPI32.dll
0x00007ffd7b1d0000 - 0x00007ffd7b276000 	C:\WINDOWS\System32\sechost.dll
0x00007ffd7adf0000 - 0x00007ffd7af08000 	C:\WINDOWS\System32\RPCRT4.dll
0x00007ffd7b790000 - 0x00007ffd7b804000 	C:\WINDOWS\System32\WS2_32.dll
0x00007ffd786d0000 - 0x00007ffd7872e000 	C:\WINDOWS\SYSTEM32\POWRPROF.dll
0x00007ffd71da0000 - 0x00007ffd71dd5000 	C:\WINDOWS\SYSTEM32\WINMM.dll
0x00007ffd71de0000 - 0x00007ffd71deb000 	C:\WINDOWS\SYSTEM32\VERSION.dll
0x00007ffd786b0000 - 0x00007ffd786c4000 	C:\WINDOWS\SYSTEM32\UMPDC.dll
0x00007ffd76eb0000 - 0x00007ffd76ecb000 	C:\WINDOWS\SYSTEM32\kernel.appcore.dll
0x00007ffd6b240000 - 0x00007ffd6b24a000 	C:\Program Files\Java\jdk-24\bin\jimage.dll
0x00007ffd78100000 - 0x00007ffd78342000 	C:\WINDOWS\SYSTEM32\DBGHELP.DLL
0x00007ffd797c0000 - 0x00007ffd79b3b000 	C:\WINDOWS\System32\combase.dll
0x00007ffd7b0f0000 - 0x00007ffd7b1c7000 	C:\WINDOWS\System32\OLEAUT32.dll
0x00007ffd780c0000 - 0x00007ffd780fc000 	C:\WINDOWS\SYSTEM32\dbgcore.DLL
0x00007ffd79450000 - 0x00007ffd794e8000 	C:\WINDOWS\System32\bcryptPrimitives.dll
0x00007ffd67360000 - 0x00007ffd6736f000 	C:\Program Files\Java\jdk-24\bin\instrument.dll
0x00007ffd5ee30000 - 0x00007ffd5ee4e000 	C:\Program Files\Java\jdk-24\bin\java.dll
0x00007ffd7b280000 - 0x00007ffd7b418000 	C:\WINDOWS\System32\ole32.dll
0x00007ffd7a570000 - 0x00007ffd7acbd000 	C:\WINDOWS\System32\SHELL32.dll
0x00007ffd792e0000 - 0x00007ffd7944b000 	C:\WINDOWS\System32\wintypes.dll
0x00007ffd75c00000 - 0x00007ffd7645d000 	C:\WINDOWS\SYSTEM32\windows.storage.dll
0x00007ffd7b4c0000 - 0x00007ffd7b5b2000 	C:\WINDOWS\System32\SHCORE.dll
0x00007ffd7acc0000 - 0x00007ffd7ad22000 	C:\WINDOWS\System32\shlwapi.dll
0x00007ffd78930000 - 0x00007ffd78959000 	C:\WINDOWS\SYSTEM32\profapi.dll
0x00007ffd48c80000 - 0x00007ffd48d57000 	C:\Program Files\Java\jdk-24\bin\jsvml.dll
0x00007ffd537e0000 - 0x00007ffd537f7000 	C:\Program Files\Java\jdk-24\bin\zip.dll
0x00007ffd668e0000 - 0x00007ffd668f0000 	C:\Program Files\Java\jdk-24\bin\net.dll
0x00007ffd77420000 - 0x00007ffd7748b000 	C:\WINDOWS\system32\mswsock.dll
0x00007ffd537c0000 - 0x00007ffd537d6000 	C:\Program Files\Java\jdk-24\bin\nio.dll
0x00007ffd58bf0000 - 0x00007ffd58bf9000 	C:\Program Files\Java\jdk-24\bin\extnet.dll
0x00007ffd48b00000 - 0x00007ffd48c7f000 	C:\Program Files\Java\jdk-24\bin\awt.dll
0x00007ffd74c40000 - 0x00007ffd74cdf000 	C:\WINDOWS\SYSTEM32\apphelp.dll
0x00007ffd75730000 - 0x00007ffd7575d000 	C:\WINDOWS\system32\DWMAPI.DLL
0x00007ffd752b0000 - 0x00007ffd7535a000 	C:\WINDOWS\system32\uxtheme.dll
0x00007ffcf4100000 - 0x00007ffcf420c000 	C:\WINDOWS\system32\opengl32.dll
0x00007ffcecd70000 - 0x00007ffcecd9d000 	C:\WINDOWS\SYSTEM32\GLU32.dll
0x00007ffd757c0000 - 0x00007ffd75804000 	C:\WINDOWS\SYSTEM32\dxcore.dll
0x00007ffd769e0000 - 0x00007ffd76b06000 	C:\WINDOWS\SYSTEM32\DNSAPI.dll
0x00007ffd76940000 - 0x00007ffd76974000 	C:\WINDOWS\SYSTEM32\IPHLPAPI.DLL
0x00007ffd7af10000 - 0x00007ffd7af1a000 	C:\WINDOWS\System32\NSI.dll
0x00007ffd6b910000 - 0x00007ffd6b91b000 	C:\Windows\System32\rasadhlp.dll
0x00007ffd6ef50000 - 0x00007ffd6efd6000 	C:\WINDOWS\System32\fwpuclnt.dll
0x00007ffd53600000 - 0x00007ffd5360a000 	C:\Program Files\Java\jdk-24\bin\management.dll
0x00007ffd79660000 - 0x00007ffd797bb000 	C:\WINDOWS\System32\MSCTF.dll
0x00007ffd535c0000 - 0x00007ffd535cb000 	C:\Program Files\Java\jdk-24\bin\management_ext.dll
0x00007ffd79650000 - 0x00007ffd79658000 	C:\WINDOWS\System32\PSAPI.DLL
0x00007ffd27820000 - 0x00007ffd279d0000 	C:\WINDOWS\system32\d3d9.dll
0x00007ffd71df0000 - 0x00007ffd71fab000 	C:\Windows\System32\DriverStore\FileRepository\u0387389.inf_amd64_995be970e30b8c79\B385477\aticfx64.dll
0x00007ffd53580000 - 0x00007ffd535b4000 	C:\Windows\System32\DriverStore\FileRepository\u0387389.inf_amd64_995be970e30b8c79\B385477\atiu9p64.dll
0x00007ffd25a40000 - 0x00007ffd26795000 	C:\Windows\System32\DriverStore\FileRepository\u0387389.inf_amd64_995be970e30b8c79\B385477\atiumd64.dll
0x0000000076950000 - 0x0000000077877000 	C:\WINDOWS\System32\DriverStore\FileRepository\u0387389.inf_amd64_995be970e30b8c79\B385477\atiumd6a.dll
0x00007ffd79cf0000 - 0x00007ffd7a178000 	C:\WINDOWS\System32\SETUPAPI.dll
0x00007ffd6fcd0000 - 0x00007ffd6fd05000 	C:\WINDOWS\SYSTEM32\amdihk64.dll
0x00007ffd72880000 - 0x00007ffd728e3000 	C:\WINDOWS\SYSTEM32\directxdatabasehelper.dll
0x00007ffd785b0000 - 0x00007ffd785cb000 	C:\WINDOWS\SYSTEM32\CRYPTSP.dll
0x00007ffd773e0000 - 0x00007ffd7741b000 	C:\WINDOWS\system32\rsaenh.dll
0x00007ffd774c0000 - 0x00007ffd774eb000 	C:\WINDOWS\SYSTEM32\USERENV.dll
0x00007ffd78900000 - 0x00007ffd78926000 	C:\WINDOWS\SYSTEM32\bcrypt.dll
0x00007ffd77910000 - 0x00007ffd7791c000 	C:\WINDOWS\SYSTEM32\CRYPTBASE.dll
0x00007ffd53ee0000 - 0x00007ffd53ef8000 	C:\WINDOWS\system32\napinsp.dll
0x00007ffd438c0000 - 0x00007ffd438d2000 	C:\WINDOWS\System32\winrnr.dll
0x00007ffd439e0000 - 0x00007ffd43a08000 	C:\WINDOWS\system32\nlansp_c.dll
0x00007ffd6c550000 - 0x00007ffd6c566000 	C:\WINDOWS\system32\wshbth.dll
0x00007ffd5a750000 - 0x00007ffd5a7a6000 	C:\WINDOWS\SYSTEM32\pdh.dll
0x00007ffd48a70000 - 0x00007ffd48af7000 	C:\Program Files\Java\jdk-24\bin\freetype.dll
0x00007ffd48980000 - 0x00007ffd48a67000 	C:\Program Files\Java\jdk-24\bin\fontmanager.dll
0x00007ffd67c50000 - 0x00007ffd67d9a000 	C:\WINDOWS\SYSTEM32\textinputframework.dll
0x00007ffd589a0000 - 0x00007ffd589b2000 	C:\WINDOWS\System32\perfproc.dll
0x00007ffd74440000 - 0x00007ffd74565000 	C:\WINDOWS\SYSTEM32\CoreMessaging.dll
0x00007ffd72190000 - 0x00007ffd72473000 	C:\WINDOWS\SYSTEM32\CoreUIComponents.dll
0x00007ffd58980000 - 0x00007ffd58991000 	C:\WINDOWS\System32\perfos.dll
0x00007ffd76480000 - 0x00007ffd76492000 	C:\WINDOWS\SYSTEM32\pfclient.dll

JVMTI agents:
C:\Program Files\JetBrains\IntelliJ IDEA 2025.2.2\lib\idea_rt.jar path:C:\Program Files\Java\jdk-24\bin\instrument.dll, loaded, initialized, instrumentlib options:52608

dbghelp: loaded successfully - version: 4.0.5 - missing functions: none
symbol engine: initialized successfully - sym options: 0x614 - pdb path: .;C:\Program Files\Java\jdk-24\bin;C:\WINDOWS\SYSTEM32;C:\WINDOWS\WinSxS\amd64_microsoft.windows.common-controls_6595b64144ccf1df_6.0.26100.6899_none_3e0efeeae32e88c1;C:\Program Files\Java\jdk-24\bin\server;C:\Windows\System32\DriverStore\FileRepository\u0387389.inf_amd64_995be970e30b8c79\B385477

VM Arguments:
jvm_args: -javaagent:C:\Program Files\JetBrains\IntelliJ IDEA 2025.2.2\lib\idea_rt.jar=52608 -Dfile.encoding=UTF-8 -Dsun.stdout.encoding=UTF-8 -Dsun.stderr.encoding=UTF-8 
java_command: App
java_class_path (initial): C:\Users\Desa Pangauban\IdeaProjects\FlappyBird\out\production\FlappyBird
Launcher Type: SUN_STANDARD

[Global flags]
     intx CICompilerCount                          = 3                                         {product} {ergonomic}
     uint ConcGCThreads                            = 1                                         {product} {ergonomic}
     uint G1ConcRefinementThreads                  = 4                                         {product} {ergonomic}
   size_t G1HeapRegionSize                         = 1048576                                   {product} {ergonomic}
   size_t InitialHeapSize                          = 123731968                                 {product} {ergonomic}
   size_t MarkStackSize                            = 4194304                                   {product} {ergonomic}
   size_t MarkStackSizeMax                         = 536870912                                 {product} {ergonomic}
   size_t MaxHeapSize                              = 1967128576                                {product} {ergonomic}
   size_t MaxNewSize                               = 1179648000                                {product} {ergonomic}
   size_t MinHeapDeltaBytes                        = 1048576                                   {product} {ergonomic}
   size_t MinHeapSize                              = 8388608                                   {product} {ergonomic}
    uintx NonNMethodCodeHeapSize                   = 5832704                                {pd product} {ergonomic}
    uintx NonProfiledCodeHeapSize                  = 122945536                              {pd product} {ergonomic}
    uintx ProfiledCodeHeapSize                     = 122880000                              {pd product} {ergonomic}
    uintx ReservedCodeCacheSize                    = 251658240                              {pd product} {ergonomic}
     bool SegmentedCodeCache                       = true                                      {product} {ergonomic}
   size_t SoftMaxHeapSize                          = 1967128576                             {manageable} {ergonomic}
     bool UseCompressedOops                        = true                           {product lp64_product} {ergonomic}
     bool UseG1GC                                  = true                                      {product} {ergonomic}
     bool UseLargePagesIndividualAllocation        = false                                  {pd product} {ergonomic}

Logging:
Log output configuration:
 #0: stdout all=warning uptime,level,tags foldmultilines=false
 #1: stderr all=off uptime,level,tags foldmultilines=false

Environment Variables:
PATH=C:\Program Files\Common Files\Oracle\Java\javapath;C:\WINDOWS\system32;C:\WINDOWS;C:\WINDOWS\System32\Wbem;C:\WINDOWS\System32\WindowsPowerShell\v1.0\;C:\WINDOWS\System32\OpenSSH\;C:\mingw64\bin;C:\Program Files\mosquitto;C:\Users\Desa Pangauban\Downloads\xampp\mysql\bin;C:\Users\Desa Pangauban\Downloads\xampp\php;C:\ProgramData\ComposerSetup\bin;C:\Program Files\nodejs\;C:\Program Files\Git\cmd;C:\Users\Desa Pangauban\AppData\Local\Programs\Python\Python313\Scripts\;C:\Users\Desa Pangauban\AppData\Local\Programs\Python\Python313\;C:\Users\Desa Pangauban\AppData\Local\Programs\Python\Launcher\;C:\Users\Desa Pangauban\AppData\Local\Microsoft\WindowsApps;C:\Users\Desa Pangauban\AppData\Local\Programs\Microsoft VS Code\bin;C:\Users\Desa Pangauban\Downloads\xampp\mysql\bin;C:\Users\Desa Pangauban\Downloads\xampp\php;C:\Users\Desa Pangauban\Documents\SEMESTER 2\XAMP\php;C:\Users\Desa Pangauban\Documents\SEMESTER 2\XAMP\mysql\bin;C:\xampp\php;C:\Users\Desa Pangauban\AppData\Roaming\Composer\vendor\bin;C:\Users\Desa Pangauban\AppData\Roaming\npm;C:\Program Files\JetBrains\IntelliJ IDEA 2025.2.2\bin
USERNAME=Desa Pangauban
OS=Windows_NT
PROCESSOR_IDENTIFIER=AMD64 Family 23 Model 104 Stepping 1, AuthenticAMD
TMP=C:\Users\DESAPA~1\AppData\Local\Temp
TEMP=C:\Users\DESAPA~1\AppData\Local\Temp




Periodic native trim disabled

---------------  S Y S T E M  ---------------

OS:
 Windows 11 , 64 bit Build 26100 (10.0.26100.6725)
OS uptime: 0 days 0:14 hours
Hyper-V role detected

CPU: total 4 (initial active 4) (8 cores per cpu, 2 threads per core) family 23 model 104 stepping 1 microcode 0x8608104, cx8, cmov, fxsr, ht, mmx, 3dnowpref, sse, sse2, sse3, ssse3, sse4a, sse4.1, sse4.2, popcnt, lzcnt, tsc, tscinvbit, avx, avx2, aes, clmul, bmi1, bmi2, adx, sha, fma, vzeroupper, clflush, clflushopt, hv, rdtscp, rdpid, f16c
Processor Information for the first 4 processors :
  Max Mhz: 2600, Current Mhz: 1896, Mhz Limit: 2600

Memory: 4k page, system-wide physical 7502M (879M free)
TotalPageFile size 9550M (AvailPageFile size 0M)
current process WorkingSet (physical memory assigned to process): 166M, peak: 168M
current process commit charge ("private bytes"): 289M, peak: 291M

vm_info: Java HotSpot(TM) 64-Bit Server VM (24.0.2+12-54) for windows-amd64 JRE (24.0.2+12-54), built on 2025-07-08T12:10:27Z with MS VC++ 17.6 (VS2022)

END.
