#
# There is insufficient memory for the Java Runtime Environment to continue.
# Native memory allocation (malloc) failed to allocate 162256 bytes. Error detail: Chunk::new
# Possible reasons:
#   The system is out of physical RAM or swap space
#   This process is running with CompressedOops enabled, and the Java Heap may be blocking the growth of the native heap
# Possible solutions:
#   Reduce memory load on the system
#   Increase physical memory or swap space
#   Check if swap backing store is full
#   Decrease Java heap size (-Xmx/-Xms)
#   Decrease number of Java threads
#   Decrease Java thread stack sizes (-Xss)
#   Set larger code cache with -XX:ReservedCodeCacheSize=
#   JVM is running with Unscaled Compressed Oops mode in which the Java heap is
#     placed in the first 4GB address space. The Java Heap base address is the
#     maximum limit for the native heap growth. Please use -XX:HeapBaseMinAddress
#     to set the Java Heap base and to place the Java Heap above 4GB virtual address.
# This output file may be truncated or incomplete.
#
#  Out of Memory Error (arena.cpp:162), pid=3804, tid=9872
#
# JRE version: Java(TM) SE Runtime Environment (24.0.2+12) (build 24.0.2+12-54)
# Java VM: Java HotSpot(TM) 64-Bit Server VM (24.0.2+12-54, mixed mode, sharing, tiered, compressed oops, compressed class ptrs, g1 gc, windows-amd64)
# No core dump will be written. Minidumps are not enabled by default on client versions of Windows
#

---------------  S U M M A R Y ------------

Command Line: -javaagent:C:\Program Files\JetBrains\IntelliJ IDEA 2025.2.2\lib\idea_rt.jar=61245 -Dfile.encoding=UTF-8 -Dsun.stdout.encoding=UTF-8 -Dsun.stderr.encoding=UTF-8 App

Host: AMD Ryzen 3 5300U with Radeon Graphics         , 4 cores, 7G,  Windows 11 , 64 bit Build 26100 (10.0.26100.6725)
Time: Thu Oct 30 23:28:53 2025 SE Asia Standard Time elapsed time: 3.168172 seconds (0d 0h 0m 3s)

---------------  T H R E A D  ---------------

Current thread (0x0000019c7eae26c0):  JavaThread "C2 CompilerThread0" daemon [_thread_in_native, id=9872, stack(0x0000006a70b00000,0x0000006a70c00000) (1024K)]


Current CompileTask:
C2:3168 1708       4       sun.java2d.loops.GraphicsPrimitiveMgr$1::compare (13 bytes)

Stack: [0x0000006a70b00000,0x0000006a70c00000]
Native frames: (J=compiled Java code, j=interpreted, Vv=VM code, C=native code)
V  [jvm.dll+0x730829]  (no source info available)
V  [jvm.dll+0x8d9da3]  (no source info available)
V  [jvm.dll+0x8dc28d]  (no source info available)
V  [jvm.dll+0x8dc903]  (no source info available)
V  [jvm.dll+0x2a9f56]  (no source info available)
V  [jvm.dll+0xced7f]  (no source info available)
V  [jvm.dll+0xcefdf]  (no source info available)
V  [jvm.dll+0x154c83]  (no source info available)
V  [jvm.dll+0x73604f]  (no source info available)
V  [jvm.dll+0x26f8dc]  (no source info available)
V  [jvm.dll+0x26e8ff]  (no source info available)
V  [jvm.dll+0x1e9c90]  (no source info available)
V  [jvm.dll+0x27e0cb]  (no source info available)
V  [jvm.dll+0x27c36a]  (no source info available)
V  [jvm.dll+0x42f396]  (no source info available)
V  [jvm.dll+0x87d9eb]  (no source info available)
V  [jvm.dll+0x72ef45]  (no source info available)
C  [ucrtbase.dll+0x37b0]  (no source info available)
C  [KERNEL32.DLL+0x2e8d7]  (no source info available)
C  [ntdll.dll+0x8c53c]  (no source info available)

Lock stack of current Java thread (top to bottom):


---------------  P R O C E S S  ---------------

Threads class SMR info:
_java_thread_list=0x0000019c5dcb4080, length=24, elements={
0x0000019c7ead97d0, 0x0000019c7eada300, 0x0000019c7eadd970, 0x0000019c7eadec40,
0x0000019c7eadf9d0, 0x0000019c7eae1860, 0x0000019c7eae26c0, 0x0000019c7eae7a00,
0x0000019c178b9110, 0x0000019c1797a000, 0x0000019c1797a740, 0x0000019c5d78dc80,
0x0000019c5d791e90, 0x0000019c5d7990b0, 0x0000019c5d7a6b60, 0x0000019c17b5bf90,
0x0000019c5d6ae2f0, 0x0000019c5d6a5e40, 0x0000019c5d6a6ce0, 0x0000019c5d6a8a20,
0x0000019c5d6a7430, 0x0000019c5d6a7b80, 0x0000019c5d6a9170, 0x0000019c5e34ca70
}

Java Threads: ( => current thread )
  0x0000019c7ead97d0 JavaThread "Reference Handler"          daemon [_thread_blocked, id=12940, stack(0x0000006a70500000,0x0000006a70600000) (1024K)]
  0x0000019c7eada300 JavaThread "Finalizer"                  daemon [_thread_blocked, id=6452, stack(0x0000006a70600000,0x0000006a70700000) (1024K)]
  0x0000019c7eadd970 JavaThread "Signal Dispatcher"          daemon [_thread_blocked, id=12684, stack(0x0000006a70700000,0x0000006a70800000) (1024K)]
  0x0000019c7eadec40 JavaThread "Attach Listener"            daemon [_thread_blocked, id=4376, stack(0x0000006a70800000,0x0000006a70900000) (1024K)]
  0x0000019c7eadf9d0 JavaThread "Service Thread"             daemon [_thread_blocked, id=5252, stack(0x0000006a70900000,0x0000006a70a00000) (1024K)]
  0x0000019c7eae1860 JavaThread "Monitor Deflation Thread"   daemon [_thread_blocked, id=13852, stack(0x0000006a70a00000,0x0000006a70b00000) (1024K)]
=>0x0000019c7eae26c0 JavaThread "C2 CompilerThread0"         daemon [_thread_in_native, id=9872, stack(0x0000006a70b00000,0x0000006a70c00000) (1024K)]
  0x0000019c7eae7a00 JavaThread "C1 CompilerThread0"         daemon [_thread_blocked, id=10212, stack(0x0000006a70c00000,0x0000006a70d00000) (1024K)]
  0x0000019c178b9110 JavaThread "Common-Cleaner"             daemon [_thread_blocked, id=5932, stack(0x0000006a70d00000,0x0000006a70e00000) (1024K)]
  0x0000019c1797a000 JavaThread "Monitor Ctrl-Break"         daemon [_thread_in_native, id=7300, stack(0x0000006a70e00000,0x0000006a70f00000) (1024K)]
  0x0000019c1797a740 JavaThread "Notification Thread"        daemon [_thread_blocked, id=13748, stack(0x0000006a70f00000,0x0000006a71000000) (1024K)]
  0x0000019c5d78dc80 JavaThread "Java2D Disposer"            daemon [_thread_blocked, id=2308, stack(0x0000006a71100000,0x0000006a71200000) (1024K)]
  0x0000019c5d791e90 JavaThread "AWT-Shutdown"                      [_thread_blocked, id=3144, stack(0x0000006a71200000,0x0000006a71300000) (1024K)]
  0x0000019c5d7990b0 JavaThread "AWT-Windows"                daemon [_thread_in_native, id=12436, stack(0x0000006a71300000,0x0000006a71400000) (1024K)]
  0x0000019c5d7a6b60 JavaThread "RMI TCP Accept-0"           daemon [_thread_in_native, id=1556, stack(0x0000006a71400000,0x0000006a71500000) (1024K)]
  0x0000019c17b5bf90 JavaThread "RMI TCP Connection(1)-192.168.100.11" daemon [_thread_in_native, id=2580, stack(0x0000006a71000000,0x0000006a71100000) (1024K)]
  0x0000019c5d6ae2f0 JavaThread "RMI Scheduler(0)"           daemon [_thread_blocked, id=4136, stack(0x0000006a71700000,0x0000006a71800000) (1024K)]
  0x0000019c5d6a5e40 JavaThread "JMX server connection timeout 33" daemon [_thread_blocked, id=13828, stack(0x0000006a71800000,0x0000006a71900000) (1024K)]
  0x0000019c5d6a6ce0 JavaThread "Image Fetcher 0"            daemon [_thread_blocked, id=5408, stack(0x0000006a71d00000,0x0000006a71e00000) (1024K)]
  0x0000019c5d6a8a20 JavaThread "Image Fetcher 1"            daemon [_thread_blocked, id=10992, stack(0x0000006a71e00000,0x0000006a71f00000) (1024K)]
  0x0000019c5d6a7430 JavaThread "TimerQueue"                 daemon [_thread_blocked, id=14228, stack(0x0000006a72300000,0x0000006a72400000) (1024K)]
  0x0000019c5d6a7b80 JavaThread "AWT-EventQueue-0"                  [_thread_in_native, id=12792, stack(0x0000006a72400000,0x0000006a72500000) (1024K)]
  0x0000019c5d6a9170 JavaThread "D3D Screen Updater"         daemon [_thread_blocked, id=6748, stack(0x0000006a72200000,0x0000006a72300000) (1024K)]
  0x0000019c5e34ca70 JavaThread "DestroyJavaVM"                     [_thread_blocked, id=2684, stack(0x0000006a6fd00000,0x0000006a6fe00000) (1024K)]
Total: 24

Other Threads:
  0x0000019c7e988880 VMThread "VM Thread"                           [id=4124, stack(0x0000006a70400000,0x0000006a70500000) (1024K)]
  0x0000019c7eabb0c0 WatcherThread "VM Periodic Task Thread"        [id=1088, stack(0x0000006a70300000,0x0000006a70400000) (1024K)]
  0x0000019c79fed140 WorkerThread "GC Thread#0"                     [id=6988, stack(0x0000006a6fe00000,0x0000006a6ff00000) (1024K)]
  0x0000019c5dc85460 WorkerThread "GC Thread#1"                     [id=6876, stack(0x0000006a71f00000,0x0000006a72000000) (1024K)]
  0x0000019c5dc850b0 WorkerThread "GC Thread#2"                     [id=4100, stack(0x0000006a72000000,0x0000006a72100000) (1024K)]
  0x0000019c5dc83a90 WorkerThread "GC Thread#3"                     [id=6864, stack(0x0000006a72100000,0x0000006a72200000) (1024K)]
  0x0000019c7a0006b0 ConcurrentGCThread "G1 Main Marker"            [id=12580, stack(0x0000006a6ff00000,0x0000006a70000000) (1024K)]
  0x0000019c7a002fa0 WorkerThread "G1 Conc#0"                       [id=13876, stack(0x0000006a70000000,0x0000006a70100000) (1024K)]
  0x0000019c7e97ecc0 ConcurrentGCThread "G1 Refine#0"               [id=3580, stack(0x0000006a70100000,0x0000006a70200000) (1024K)]
  0x0000019c7e97f750 ConcurrentGCThread "G1 Service"                [id=1588, stack(0x0000006a70200000,0x0000006a70300000) (1024K)]
Total: 10

Threads with active compile tasks:
C2 CompilerThread0  3224 1708       4       sun.java2d.loops.GraphicsPrimitiveMgr$1::compare (13 bytes)
Total: 1

VM state: not at safepoint (normal execution)

VM Mutex/Monitor currently owned by a thread: None

Heap address: 0x000000008ac00000, size: 1876 MB, Compressed Oops mode: 32-bit

CDS archive(s) mapped at: [0x0000019c18000000-0x0000019c18d40000-0x0000019c18d40000), size 13893632, SharedBaseAddress: 0x0000019c18000000, ArchiveRelocationMode: 1.
Compressed class space mapped at: 0x0000019c19000000-0x0000019c59000000, reserved size: 1073741824
UseCompressedClassPointers 1, UseCompactObjectHeaders 0
Narrow klass pointer bits 32, Max shift 3
Narrow klass base: 0x0000019c18000000, Narrow klass shift: 0
Encoding Range: [0x0000019c18000000 - 0x0000019d18000000), (4294967296 bytes)
Klass Range:    [0x0000019c18000000 - 0x0000019c59000000), (1090519040 bytes)
Klass ID Range:  [8 - 1090519033) (1090519025)

GC Precious Log:
 CardTable entry size: 512
 Card Set container configuration: InlinePtr #cards 5 size 8 Array Of Cards #cards 10 size 36 Howl #buckets 4 coarsen threshold 1843 Howl Bitmap #cards 512 size 80 coarsen threshold 460 Card regions per heap region 1 cards per card region 2048
 CPUs: 4 total, 4 available
 Memory: 7502M
 Large Page Support: Disabled
 NUMA Support: Disabled
 Compressed Oops: Enabled (32-bit)
 Heap Region Size: 1M
 Heap Min Capacity: 8M
 Heap Initial Capacity: 118M
 Heap Max Capacity: 1876M
 Pre-touch: Disabled
 Parallel Workers: 4
 Concurrent Workers: 1
 Concurrent Refinement Workers: 4
 Periodic GC: Disabled

Heap:
 garbage-first heap   total reserved 1921024K, committed 122880K, used 26687K [0x000000008ac00000, 0x0000000100000000)
  region size 1024K, 14 young (14336K), 4 survivors (4096K)
 Metaspace       used 12463K, committed 12736K, reserved 1114112K
  class space    used 1119K, committed 1216K, reserved 1048576K

Heap Regions: E=young(eden), S=young(survivor), O=old, HS=humongous(starts), HC=humongous(continues), CS=collection set, F=free, TAMS=top-at-mark-start, PB=parsable bottom
|   0|0x000000008ac00000, 0x000000008ad00000, 0x000000008ad00000|100%|HS|  |TAMS 0x000000008ac00000| PB 0x000000008ac00000| Complete |  0
|   1|0x000000008ad00000, 0x000000008ae00000, 0x000000008ae00000|100%|HC|  |TAMS 0x000000008ad00000| PB 0x000000008ad00000| Complete |  0
|   2|0x000000008ae00000, 0x000000008af00000, 0x000000008af00000|100%|HC|  |TAMS 0x000000008ae00000| PB 0x000000008ae00000| Complete |  0
|   3|0x000000008af00000, 0x000000008b000000, 0x000000008b000000|100%|HC|  |TAMS 0x000000008af00000| PB 0x000000008af00000| Complete |  0
|   4|0x000000008b000000, 0x000000008b100000, 0x000000008b100000|100%|HC|  |TAMS 0x000000008b000000| PB 0x000000008b000000| Complete |  0
|   5|0x000000008b100000, 0x000000008b200000, 0x000000008b200000|100%|HS|  |TAMS 0x000000008b100000| PB 0x000000008b100000| Complete |  0
|   6|0x000000008b200000, 0x000000008b300000, 0x000000008b300000|100%|HC|  |TAMS 0x000000008b200000| PB 0x000000008b200000| Complete |  0
|   7|0x000000008b300000, 0x000000008b400000, 0x000000008b400000|100%|HC|  |TAMS 0x000000008b300000| PB 0x000000008b300000| Complete |  0
|   8|0x000000008b400000, 0x000000008b500000, 0x000000008b500000|100%|HC|  |TAMS 0x000000008b400000| PB 0x000000008b400000| Complete |  0
|   9|0x000000008b500000, 0x000000008b600000, 0x000000008b600000|100%|HC|  |TAMS 0x000000008b500000| PB 0x000000008b500000| Complete |  0
|  10|0x000000008b600000, 0x000000008b700000, 0x000000008b700000|100%|HS|  |TAMS 0x000000008b600000| PB 0x000000008b600000| Complete |  0
|  11|0x000000008b700000, 0x000000008b800000, 0x000000008b800000|100%|HC|  |TAMS 0x000000008b700000| PB 0x000000008b700000| Complete |  0
|  12|0x000000008b800000, 0x000000008b800000, 0x000000008b900000|  0%| F|  |TAMS 0x000000008b800000| PB 0x000000008b800000| Untracked |  0
|  13|0x000000008b900000, 0x000000008b900000, 0x000000008ba00000|  0%| F|  |TAMS 0x000000008b900000| PB 0x000000008b900000| Untracked |  0
|  14|0x000000008ba00000, 0x000000008ba00000, 0x000000008bb00000|  0%| F|  |TAMS 0x000000008ba00000| PB 0x000000008ba00000| Untracked |  0
|  15|0x000000008bb00000, 0x000000008bb00000, 0x000000008bc00000|  0%| F|  |TAMS 0x000000008bb00000| PB 0x000000008bb00000| Untracked |  0
|  16|0x000000008bc00000, 0x000000008bc00000, 0x000000008bd00000|  0%| F|  |TAMS 0x000000008bc00000| PB 0x000000008bc00000| Untracked |  0
|  17|0x000000008bd00000, 0x000000008bd00000, 0x000000008be00000|  0%| F|  |TAMS 0x000000008bd00000| PB 0x000000008bd00000| Untracked |  0
|  18|0x000000008be00000, 0x000000008be00000, 0x000000008bf00000|  0%| F|  |TAMS 0x000000008be00000| PB 0x000000008be00000| Untracked |  0
|  19|0x000000008bf00000, 0x000000008bf00000, 0x000000008c000000|  0%| F|  |TAMS 0x000000008bf00000| PB 0x000000008bf00000| Untracked |  0
|  20|0x000000008c000000, 0x000000008c000000, 0x000000008c100000|  0%| F|  |TAMS 0x000000008c000000| PB 0x000000008c000000| Untracked |  0
|  21|0x000000008c100000, 0x000000008c100000, 0x000000008c200000|  0%| F|  |TAMS 0x000000008c100000| PB 0x000000008c100000| Untracked |  0
|  22|0x000000008c200000, 0x000000008c200000, 0x000000008c300000|  0%| F|  |TAMS 0x000000008c200000| PB 0x000000008c200000| Untracked |  0
|  23|0x000000008c300000, 0x000000008c300000, 0x000000008c400000|  0%| F|  |TAMS 0x000000008c300000| PB 0x000000008c300000| Untracked |  0
|  24|0x000000008c400000, 0x000000008c400000, 0x000000008c500000|  0%| F|  |TAMS 0x000000008c400000| PB 0x000000008c400000| Untracked |  0
|  25|0x000000008c500000, 0x000000008c500000, 0x000000008c600000|  0%| F|  |TAMS 0x000000008c500000| PB 0x000000008c500000| Untracked |  0
|  26|0x000000008c600000, 0x000000008c600000, 0x000000008c700000|  0%| F|  |TAMS 0x000000008c600000| PB 0x000000008c600000| Untracked |  0
|  27|0x000000008c700000, 0x000000008c700000, 0x000000008c800000|  0%| F|  |TAMS 0x000000008c700000| PB 0x000000008c700000| Untracked |  0
|  28|0x000000008c800000, 0x000000008c800000, 0x000000008c900000|  0%| F|  |TAMS 0x000000008c800000| PB 0x000000008c800000| Untracked |  0
|  29|0x000000008c900000, 0x000000008c900000, 0x000000008ca00000|  0%| F|  |TAMS 0x000000008c900000| PB 0x000000008c900000| Untracked |  0
|  30|0x000000008ca00000, 0x000000008ca00000, 0x000000008cb00000|  0%| F|  |TAMS 0x000000008ca00000| PB 0x000000008ca00000| Untracked |  0
|  31|0x000000008cb00000, 0x000000008cb00000, 0x000000008cc00000|  0%| F|  |TAMS 0x000000008cb00000| PB 0x000000008cb00000| Untracked |  0
|  32|0x000000008cc00000, 0x000000008cc00000, 0x000000008cd00000|  0%| F|  |TAMS 0x000000008cc00000| PB 0x000000008cc00000| Untracked |  0
|  33|0x000000008cd00000, 0x000000008cd00000, 0x000000008ce00000|  0%| F|  |TAMS 0x000000008cd00000| PB 0x000000008cd00000| Untracked |  0
|  34|0x000000008ce00000, 0x000000008ce00000, 0x000000008cf00000|  0%| F|  |TAMS 0x000000008ce00000| PB 0x000000008ce00000| Untracked |  0
|  35|0x000000008cf00000, 0x000000008cf00000, 0x000000008d000000|  0%| F|  |TAMS 0x000000008cf00000| PB 0x000000008cf00000| Untracked |  0
|  36|0x000000008d000000, 0x000000008d000000, 0x000000008d100000|  0%| F|  |TAMS 0x000000008d000000| PB 0x000000008d000000| Untracked |  0
|  37|0x000000008d100000, 0x000000008d100000, 0x000000008d200000|  0%| F|  |TAMS 0x000000008d100000| PB 0x000000008d100000| Untracked |  0
|  38|0x000000008d200000, 0x000000008d200000, 0x000000008d300000|  0%| F|  |TAMS 0x000000008d200000| PB 0x000000008d200000| Untracked |  0
|  39|0x000000008d300000, 0x000000008d300000, 0x000000008d400000|  0%| F|  |TAMS 0x000000008d300000| PB 0x000000008d300000| Untracked |  0
|  40|0x000000008d400000, 0x000000008d400000, 0x000000008d500000|  0%| F|  |TAMS 0x000000008d400000| PB 0x000000008d400000| Untracked |  0
|  41|0x000000008d500000, 0x000000008d500000, 0x000000008d600000|  0%| F|  |TAMS 0x000000008d500000| PB 0x000000008d500000| Untracked |  0
|  42|0x000000008d600000, 0x000000008d600000, 0x000000008d700000|  0%| F|  |TAMS 0x000000008d600000| PB 0x000000008d600000| Untracked |  0
|  43|0x000000008d700000, 0x000000008d700000, 0x000000008d800000|  0%| F|  |TAMS 0x000000008d700000| PB 0x000000008d700000| Untracked |  0
|  44|0x000000008d800000, 0x000000008d800000, 0x000000008d900000|  0%| F|  |TAMS 0x000000008d800000| PB 0x000000008d800000| Untracked |  0
|  45|0x000000008d900000, 0x000000008d900000, 0x000000008da00000|  0%| F|  |TAMS 0x000000008d900000| PB 0x000000008d900000| Untracked |  0
|  46|0x000000008da00000, 0x000000008da00000, 0x000000008db00000|  0%| F|  |TAMS 0x000000008da00000| PB 0x000000008da00000| Untracked |  0
|  47|0x000000008db00000, 0x000000008db00000, 0x000000008dc00000|  0%| F|  |TAMS 0x000000008db00000| PB 0x000000008db00000| Untracked |  0
|  48|0x000000008dc00000, 0x000000008dc00000, 0x000000008dd00000|  0%| F|  |TAMS 0x000000008dc00000| PB 0x000000008dc00000| Untracked |  0
|  49|0x000000008dd00000, 0x000000008dd00000, 0x000000008de00000|  0%| F|  |TAMS 0x000000008dd00000| PB 0x000000008dd00000| Untracked |  0
|  50|0x000000008de00000, 0x000000008de00000, 0x000000008df00000|  0%| F|  |TAMS 0x000000008de00000| PB 0x000000008de00000| Untracked |  0
|  51|0x000000008df00000, 0x000000008df00000, 0x000000008e000000|  0%| F|  |TAMS 0x000000008df00000| PB 0x000000008df00000| Untracked |  0
|  52|0x000000008e000000, 0x000000008e000000, 0x000000008e100000|  0%| F|  |TAMS 0x000000008e000000| PB 0x000000008e000000| Untracked |  0
|  53|0x000000008e100000, 0x000000008e100000, 0x000000008e200000|  0%| F|  |TAMS 0x000000008e100000| PB 0x000000008e100000| Untracked |  0
|  54|0x000000008e200000, 0x000000008e200000, 0x000000008e300000|  0%| F|  |TAMS 0x000000008e200000| PB 0x000000008e200000| Untracked |  0
|  55|0x000000008e300000, 0x000000008e300000, 0x000000008e400000|  0%| F|  |TAMS 0x000000008e300000| PB 0x000000008e300000| Untracked |  0
|  56|0x000000008e400000, 0x000000008e400000, 0x000000008e500000|  0%| F|  |TAMS 0x000000008e400000| PB 0x000000008e400000| Untracked |  0
|  57|0x000000008e500000, 0x000000008e500000, 0x000000008e600000|  0%| F|  |TAMS 0x000000008e500000| PB 0x000000008e500000| Untracked |  0
|  58|0x000000008e600000, 0x000000008e600000, 0x000000008e700000|  0%| F|  |TAMS 0x000000008e600000| PB 0x000000008e600000| Untracked |  0
|  59|0x000000008e700000, 0x000000008e700000, 0x000000008e800000|  0%| F|  |TAMS 0x000000008e700000| PB 0x000000008e700000| Untracked |  0
|  60|0x000000008e800000, 0x000000008e800000, 0x000000008e900000|  0%| F|  |TAMS 0x000000008e800000| PB 0x000000008e800000| Untracked |  0
|  61|0x000000008e900000, 0x000000008e900000, 0x000000008ea00000|  0%| F|  |TAMS 0x000000008e900000| PB 0x000000008e900000| Untracked |  0
|  62|0x000000008ea00000, 0x000000008ea00000, 0x000000008eb00000|  0%| F|  |TAMS 0x000000008ea00000| PB 0x000000008ea00000| Untracked |  0
|  63|0x000000008eb00000, 0x000000008eb00000, 0x000000008ec00000|  0%| F|  |TAMS 0x000000008eb00000| PB 0x000000008eb00000| Untracked |  0
|  64|0x000000008ec00000, 0x000000008ec00000, 0x000000008ed00000|  0%| F|  |TAMS 0x000000008ec00000| PB 0x000000008ec00000| Untracked |  0
|  65|0x000000008ed00000, 0x000000008ed00000, 0x000000008ee00000|  0%| F|  |TAMS 0x000000008ed00000| PB 0x000000008ed00000| Untracked |  0
|  66|0x000000008ee00000, 0x000000008ee00000, 0x000000008ef00000|  0%| F|  |TAMS 0x000000008ee00000| PB 0x000000008ee00000| Untracked |  0
|  67|0x000000008ef00000, 0x000000008ef00000, 0x000000008f000000|  0%| F|  |TAMS 0x000000008ef00000| PB 0x000000008ef00000| Untracked |  0
|  68|0x000000008f000000, 0x000000008f000000, 0x000000008f100000|  0%| F|  |TAMS 0x000000008f000000| PB 0x000000008f000000| Untracked |  0
|  69|0x000000008f100000, 0x000000008f100000, 0x000000008f200000|  0%| F|  |TAMS 0x000000008f100000| PB 0x000000008f100000| Untracked |  0
|  70|0x000000008f200000, 0x000000008f200000, 0x000000008f300000|  0%| F|  |TAMS 0x000000008f200000| PB 0x000000008f200000| Untracked |  0
|  71|0x000000008f300000, 0x000000008f300000, 0x000000008f400000|  0%| F|  |TAMS 0x000000008f300000| PB 0x000000008f300000| Untracked |  0
|  72|0x000000008f400000, 0x000000008f400000, 0x000000008f500000|  0%| F|  |TAMS 0x000000008f400000| PB 0x000000008f400000| Untracked |  0
|  73|0x000000008f500000, 0x000000008f500000, 0x000000008f600000|  0%| F|  |TAMS 0x000000008f500000| PB 0x000000008f500000| Untracked |  0
|  74|0x000000008f600000, 0x000000008f600000, 0x000000008f700000|  0%| F|  |TAMS 0x000000008f600000| PB 0x000000008f600000| Untracked |  0
|  75|0x000000008f700000, 0x000000008f700000, 0x000000008f800000|  0%| F|  |TAMS 0x000000008f700000| PB 0x000000008f700000| Untracked |  0
|  76|0x000000008f800000, 0x000000008f800000, 0x000000008f900000|  0%| F|  |TAMS 0x000000008f800000| PB 0x000000008f800000| Untracked |  0
|  77|0x000000008f900000, 0x000000008f900000, 0x000000008fa00000|  0%| F|  |TAMS 0x000000008f900000| PB 0x000000008f900000| Untracked |  0
|  78|0x000000008fa00000, 0x000000008fa00000, 0x000000008fb00000|  0%| F|  |TAMS 0x000000008fa00000| PB 0x000000008fa00000| Untracked |  0
|  79|0x000000008fb00000, 0x000000008fb00000, 0x000000008fc00000|  0%| F|  |TAMS 0x000000008fb00000| PB 0x000000008fb00000| Untracked |  0
|  80|0x000000008fc00000, 0x000000008fc00000, 0x000000008fd00000|  0%| F|  |TAMS 0x000000008fc00000| PB 0x000000008fc00000| Untracked |  0
|  81|0x000000008fd00000, 0x000000008fd00000, 0x000000008fe00000|  0%| F|  |TAMS 0x000000008fd00000| PB 0x000000008fd00000| Untracked |  0
|  82|0x000000008fe00000, 0x000000008fe00000, 0x000000008ff00000|  0%| F|  |TAMS 0x000000008fe00000| PB 0x000000008fe00000| Untracked |  0
|  83|0x000000008ff00000, 0x000000008ff00000, 0x0000000090000000|  0%| F|  |TAMS 0x000000008ff00000| PB 0x000000008ff00000| Untracked |  0
|  84|0x0000000090000000, 0x0000000090000000, 0x0000000090100000|  0%| F|  |TAMS 0x0000000090000000| PB 0x0000000090000000| Untracked |  0
|  85|0x0000000090100000, 0x0000000090100000, 0x0000000090200000|  0%| F|  |TAMS 0x0000000090100000| PB 0x0000000090100000| Untracked |  0
|  86|0x0000000090200000, 0x00000000902f2c10, 0x0000000090300000| 94%| S|CS|TAMS 0x0000000090200000| PB 0x0000000090200000| Complete |  0
|  87|0x0000000090300000, 0x0000000090400000, 0x0000000090400000|100%| S|CS|TAMS 0x0000000090300000| PB 0x0000000090300000| Complete |  0
|  88|0x0000000090400000, 0x0000000090500000, 0x0000000090500000|100%| S|CS|TAMS 0x0000000090400000| PB 0x0000000090400000| Complete |  0
|  89|0x0000000090500000, 0x0000000090600000, 0x0000000090600000|100%| S|CS|TAMS 0x0000000090500000| PB 0x0000000090500000| Complete |  0
|  90|0x0000000090600000, 0x0000000090600000, 0x0000000090700000|  0%| F|  |TAMS 0x0000000090600000| PB 0x0000000090600000| Untracked |  0
|  91|0x0000000090700000, 0x0000000090700000, 0x0000000090800000|  0%| F|  |TAMS 0x0000000090700000| PB 0x0000000090700000| Untracked |  0
|  92|0x0000000090800000, 0x0000000090800000, 0x0000000090900000|  0%| F|  |TAMS 0x0000000090800000| PB 0x0000000090800000| Untracked |  0
|  93|0x0000000090900000, 0x0000000090900000, 0x0000000090a00000|  0%| F|  |TAMS 0x0000000090900000| PB 0x0000000090900000| Untracked |  0
|  94|0x0000000090a00000, 0x0000000090a00000, 0x0000000090b00000|  0%| F|  |TAMS 0x0000000090a00000| PB 0x0000000090a00000| Untracked |  0
|  95|0x0000000090b00000, 0x0000000090b00000, 0x0000000090c00000|  0%| F|  |TAMS 0x0000000090b00000| PB 0x0000000090b00000| Untracked |  0
|  96|0x0000000090c00000, 0x0000000090c00000, 0x0000000090d00000|  0%| F|  |TAMS 0x0000000090c00000| PB 0x0000000090c00000| Untracked |  0
|  97|0x0000000090d00000, 0x0000000090d00000, 0x0000000090e00000|  0%| F|  |TAMS 0x0000000090d00000| PB 0x0000000090d00000| Untracked |  0
|  98|0x0000000090e00000, 0x0000000090e00000, 0x0000000090f00000|  0%| F|  |TAMS 0x0000000090e00000| PB 0x0000000090e00000| Untracked |  0
|  99|0x0000000090f00000, 0x0000000090f00000, 0x0000000091000000|  0%| F|  |TAMS 0x0000000090f00000| PB 0x0000000090f00000| Untracked |  0
| 100|0x0000000091000000, 0x0000000091000000, 0x0000000091100000|  0%| F|  |TAMS 0x0000000091000000| PB 0x0000000091000000| Untracked |  0
| 101|0x0000000091100000, 0x0000000091100000, 0x0000000091200000|  0%| F|  |TAMS 0x0000000091100000| PB 0x0000000091100000| Untracked |  0
| 102|0x0000000091200000, 0x0000000091200000, 0x0000000091300000|  0%| F|  |TAMS 0x0000000091200000| PB 0x0000000091200000| Untracked |  0
| 103|0x0000000091300000, 0x0000000091300000, 0x0000000091400000|  0%| F|  |TAMS 0x0000000091300000| PB 0x0000000091300000| Untracked |  0
| 104|0x0000000091400000, 0x0000000091400000, 0x0000000091500000|  0%| F|  |TAMS 0x0000000091400000| PB 0x0000000091400000| Untracked |  0
| 105|0x0000000091500000, 0x0000000091500000, 0x0000000091600000|  0%| F|  |TAMS 0x0000000091500000| PB 0x0000000091500000| Untracked |  0
| 106|0x0000000091600000, 0x0000000091600000, 0x0000000091700000|  0%| F|  |TAMS 0x0000000091600000| PB 0x0000000091600000| Untracked |  0
| 107|0x0000000091700000, 0x0000000091700000, 0x0000000091800000|  0%| F|  |TAMS 0x0000000091700000| PB 0x0000000091700000| Untracked |  0
| 108|0x0000000091800000, 0x000000009183a290, 0x0000000091900000| 22%| E|  |TAMS 0x0000000091800000| PB 0x0000000091800000| Complete |  0
| 109|0x0000000091900000, 0x0000000091a00000, 0x0000000091a00000|100%| E|CS|TAMS 0x0000000091900000| PB 0x0000000091900000| Complete |  0
| 110|0x0000000091a00000, 0x0000000091b00000, 0x0000000091b00000|100%| E|CS|TAMS 0x0000000091a00000| PB 0x0000000091a00000| Complete |  0
| 111|0x0000000091b00000, 0x0000000091c00000, 0x0000000091c00000|100%| E|CS|TAMS 0x0000000091b00000| PB 0x0000000091b00000| Complete |  0
| 112|0x0000000091c00000, 0x0000000091d00000, 0x0000000091d00000|100%| E|CS|TAMS 0x0000000091c00000| PB 0x0000000091c00000| Complete |  0
| 113|0x0000000091d00000, 0x0000000091e00000, 0x0000000091e00000|100%| E|CS|TAMS 0x0000000091d00000| PB 0x0000000091d00000| Complete |  0
| 114|0x0000000091e00000, 0x0000000091f00000, 0x0000000091f00000|100%| E|CS|TAMS 0x0000000091e00000| PB 0x0000000091e00000| Complete |  0
| 115|0x0000000091f00000, 0x0000000092000000, 0x0000000092000000|100%| E|CS|TAMS 0x0000000091f00000| PB 0x0000000091f00000| Complete |  0
| 116|0x0000000092000000, 0x0000000092100000, 0x0000000092100000|100%| E|CS|TAMS 0x0000000092000000| PB 0x0000000092000000| Complete |  0
| 117|0x0000000092100000, 0x0000000092200000, 0x0000000092200000|100%| E|CS|TAMS 0x0000000092100000| PB 0x0000000092100000| Complete |  0
|1874|0x00000000ffe00000, 0x00000000fff00000, 0x00000000fff00000|100%| O|  |TAMS 0x00000000ffe00000| PB 0x00000000ffe00000| Untracked |  0
|1875|0x00000000fff00000, 0x00000000fff1d248, 0x0000000100000000| 11%| O|  |TAMS 0x00000000fff00000| PB 0x00000000fff00000| Untracked |  0

Card table byte_map: [0x0000019c7a410000,0x0000019c7a7c0000] _byte_map_base: 0x0000019c79fba000

Marking Bits: (CMBitMap*) 0x0000019c79fed850
 Bits: [0x0000019c7a7c0000, 0x0000019c7c510000)

Polling page: 0x0000019c77d50000

Metaspace:

Usage:
  Non-class:     11.08 MB used.
      Class:      1.09 MB used.
       Both:     12.17 MB used.

Virtual space:
  Non-class space:       64.00 MB reserved,      11.25 MB ( 18%) committed,  1 nodes.
      Class space:        1.00 GB reserved,       1.19 MB ( <1%) committed,  1 nodes.
             Both:        1.06 GB reserved,      12.44 MB (  1%) committed. 

Chunk freelists:
   Non-Class:  4.42 MB
       Class:  14.71 MB
        Both:  19.12 MB

MaxMetaspaceSize: unlimited
CompressedClassSpaceSize: 1.00 GB
Initial GC threshold: 21.00 MB
Current GC threshold: 21.00 MB
CDS: on
 - commit_granule_bytes: 65536.
 - commit_granule_words: 8192.
 - virtual_space_node_default_size: 8388608.
 - enlarge_chunks_in_place: 1.
UseCompressedClassPointers 1, UseCompactObjectHeaders 0
Narrow klass pointer bits 32, Max shift 3
Narrow klass base: 0x0000019c18000000, Narrow klass shift: 0
Encoding Range: [0x0000019c18000000 - 0x0000019d18000000), (4294967296 bytes)
Klass Range:    [0x0000019c18000000 - 0x0000019c59000000), (1090519040 bytes)
Klass ID Range:  [8 - 1090519033) (1090519025)


Internal statistics:

num_allocs_failed_limit: 0.
num_arena_births: 266.
num_arena_deaths: 0.
num_vsnodes_births: 2.
num_vsnodes_deaths: 0.
num_space_committed: 199.
num_space_uncommitted: 0.
num_chunks_returned_to_freelist: 0.
num_chunks_taken_from_freelist: 345.
num_chunk_merges: 0.
num_chunk_splits: 208.
num_chunks_enlarged: 96.
num_inconsistent_stats: 0.

CodeHeap 'non-profiled nmethods': size=120064Kb used=549Kb max_used=549Kb free=119514Kb
 bounds [0x0000019c102a0000, 0x0000019c10510000, 0x0000019c177e0000]
CodeHeap 'profiled nmethods': size=120000Kb used=2548Kb max_used=2548Kb free=117451Kb
 bounds [0x0000019c087e0000, 0x0000019c08a60000, 0x0000019c0fd10000]
CodeHeap 'non-nmethods': size=5696Kb used=1532Kb max_used=1551Kb free=4163Kb
 bounds [0x0000019c0fd10000, 0x0000019c0ff80000, 0x0000019c102a0000]
CodeCache: size=245760Kb, used=4629Kb, max_used=4648Kb, free=241128Kb
 total_blobs=2411, nmethods=1712, adapters=603, full_count=0
Compilation: enabled, stopped_count=0, restarted_count=0

Compilation events (20 events):
Event: 3.107 Thread 0x0000019c7eae7a00 1701       3       java.lang.Thread::getAndClearInterrupt (19 bytes)
Event: 3.107 Thread 0x0000019c7eae7a00 nmethod 1701 0x0000019c08a5a488 code [0x0000019c08a5a5a0, 0x0000019c08a5a720]
Event: 3.160 Thread 0x0000019c7eae7a00 1703       1       sun.java2d.loops.GraphicsPrimitive::getUniqueID (5 bytes)
Event: 3.160 Thread 0x0000019c7eae7a00 nmethod 1703 0x0000019c10328c88 code [0x0000019c10328d80, 0x0000019c10328e48]
Event: 3.160 Thread 0x0000019c7eae7a00 1704       3       java.lang.Integer::compare (20 bytes)
Event: 3.160 Thread 0x0000019c7eae7a00 nmethod 1704 0x0000019c08a5a788 code [0x0000019c08a5a8a0, 0x0000019c08a5aa60]
Event: 3.160 Thread 0x0000019c7eae7a00 1705       3       sun.java2d.loops.GraphicsPrimitiveMgr$1::compare (13 bytes)
Event: 3.161 Thread 0x0000019c7eae7a00 nmethod 1705 0x0000019c08a5aa88 code [0x0000019c08a5abe0, 0x0000019c08a5b158]
Event: 3.161 Thread 0x0000019c7eae7a00 1706       3       sun.java2d.loops.GraphicsPrimitiveMgr$1::compare (18 bytes)
Event: 3.161 Thread 0x0000019c7eae7a00 nmethod 1706 0x0000019c08a5b188 code [0x0000019c08a5b2c0, 0x0000019c08a5b630]
Event: 3.161 Thread 0x0000019c7eae7a00 1707       3       java.util.concurrent.locks.AbstractQueuedSynchronizer::compareAndSetState (13 bytes)
Event: 3.161 Thread 0x0000019c7eae7a00 nmethod 1707 0x0000019c08a5b688 code [0x0000019c08a5b7a0, 0x0000019c08a5b8c0]
Event: 3.162 Thread 0x0000019c7eae26c0 1708       4       sun.java2d.loops.GraphicsPrimitiveMgr$1::compare (13 bytes)
Event: 3.163 Thread 0x0000019c7eae7a00 1709       3       java.util.Arrays::binarySearch0 (95 bytes)
Event: 3.163 Thread 0x0000019c7eae7a00 nmethod 1709 0x0000019c08a5b988 code [0x0000019c08a5bae0, 0x0000019c08a5bed8]
Event: 3.163 Thread 0x0000019c7eae7a00 1710       3       sun.java2d.loops.GraphicsPrimitiveMgr$2::compare (24 bytes)
Event: 3.164 Thread 0x0000019c7eae7a00 nmethod 1710 0x0000019c08a5bf08 code [0x0000019c08a5c040, 0x0000019c08a5c4c8]
Event: 3.164 Thread 0x0000019c7eae7a00 1712       1       sun.java2d.loops.CompositeType::getSuperType (5 bytes)
Event: 3.164 Thread 0x0000019c7eae7a00 nmethod 1712 0x0000019c10328f88 code [0x0000019c10329080, 0x0000019c10329148]
Event: 3.164 Thread 0x0000019c7eae7a00 1713       3       sun.java2d.loops.GraphicsPrimitiveMgr::locate (104 bytes)

GC Heap History (2 events):
Event: 2.358 GC heap before
{Heap before GC invocations=0 (full 0):
 garbage-first heap   total reserved 1921024K, committed 122880K, used 34932K [0x000000008ac00000, 0x0000000100000000)
  region size 1024K, 28 young (28672K), 0 survivors (0K)
 Metaspace       used 10234K, committed 10432K, reserved 1114112K
  class space    used 890K, committed 960K, reserved 1048576K
}
Event: 2.370 GC heap after
{Heap after GC invocations=1 (full 0):
 garbage-first heap   total reserved 1921024K, committed 122880K, used 10303K [0x000000008ac00000, 0x0000000100000000)
  region size 1024K, 4 young (4096K), 4 survivors (4096K)
 Metaspace       used 10234K, committed 10432K, reserved 1114112K
  class space    used 890K, committed 960K, reserved 1048576K
}

Dll operation events (14 events):
Event: 0.030 Loaded shared library C:\Program Files\Java\jdk-24\bin\java.dll
Event: 0.080 Loaded shared library C:\Program Files\Java\jdk-24\bin\jsvml.dll
Event: 0.245 Loaded shared library C:\Program Files\Java\jdk-24\bin\zip.dll
Event: 0.250 Loaded shared library C:\Program Files\Java\jdk-24\bin\instrument.dll
Event: 0.296 Loaded shared library C:\Program Files\Java\jdk-24\bin\net.dll
Event: 0.301 Loaded shared library C:\Program Files\Java\jdk-24\bin\nio.dll
Event: 0.311 Loaded shared library C:\Program Files\Java\jdk-24\bin\zip.dll
Event: 0.411 Loaded shared library C:\Program Files\Java\jdk-24\bin\jimage.dll
Event: 0.451 Loaded shared library C:\Program Files\Java\jdk-24\bin\extnet.dll
Event: 0.527 Loaded shared library C:\Program Files\Java\jdk-24\bin\awt.dll
Event: 0.716 Loaded shared library C:\Program Files\Java\jdk-24\bin\management.dll
Event: 0.738 Loaded shared library C:\Program Files\Java\jdk-24\bin\management_ext.dll
Event: 2.604 Loaded shared library C:\Program Files\Java\jdk-24\bin\freetype.dll
Event: 2.610 Loaded shared library C:\Program Files\Java\jdk-24\bin\fontmanager.dll

Deoptimization events (20 events):
Event: 2.376 Thread 0x0000019c77ae63e0 Uncommon trap: trap_request=0xffffff4d fr.pc=0x0000019c10300e2c relative=0x00000000000000ac
Event: 2.376 Thread 0x0000019c77ae63e0 Uncommon trap: reason=unstable_if action=reinterpret pc=0x0000019c10300e2c method=java.lang.ref.SoftReference.get()Ljava/lang/Object; @ 17 c2
Event: 2.376 Thread 0x0000019c77ae63e0 DEOPT PACKING pc=0x0000019c10300e2c sp=0x0000006a6fdff100
Event: 2.376 Thread 0x0000019c77ae63e0 DEOPT UNPACKING pc=0x0000019c0fe21502 sp=0x0000006a6fdff098 mode 2
Event: 2.467 Thread 0x0000019c77ae63e0 Uncommon trap: trap_request=0xffffff4d fr.pc=0x0000019c102ff758 relative=0x0000000000000058
Event: 2.467 Thread 0x0000019c77ae63e0 Uncommon trap: reason=unstable_if action=reinterpret pc=0x0000019c102ff758 method=java.lang.ref.ReferenceQueue.poll()Ljava/lang/ref/Reference; @ 4 c2
Event: 2.467 Thread 0x0000019c77ae63e0 DEOPT PACKING pc=0x0000019c102ff758 sp=0x0000006a6fdfe620
Event: 2.467 Thread 0x0000019c77ae63e0 DEOPT UNPACKING pc=0x0000019c0fe21502 sp=0x0000006a6fdfe590 mode 2
Event: 2.647 Thread 0x0000019c77ae63e0 Uncommon trap: trap_request=0xffffff4d fr.pc=0x0000019c10308c24 relative=0x0000000000000284
Event: 2.647 Thread 0x0000019c77ae63e0 Uncommon trap: reason=unstable_if action=reinterpret pc=0x0000019c10308c24 method=java.lang.StringUTF16.compress([CII)[B @ 17 c2
Event: 2.647 Thread 0x0000019c77ae63e0 DEOPT PACKING pc=0x0000019c10308c24 sp=0x0000006a6fdfe030
Event: 2.647 Thread 0x0000019c77ae63e0 DEOPT UNPACKING pc=0x0000019c0fe21502 sp=0x0000006a6fdfdf40 mode 2
Event: 2.723 Thread 0x0000019c77ae63e0 Uncommon trap: trap_request=0xffffff5c fr.pc=0x0000019c102ed2e0 relative=0x0000000000000060
Event: 2.723 Thread 0x0000019c77ae63e0 Uncommon trap: reason=speculate_null_check action=make_not_entrant pc=0x0000019c102ed2e0 method=jdk.internal.misc.Unsafe.getIntUnaligned(Ljava/lang/Object;JZ)I @ 5 c2
Event: 2.723 Thread 0x0000019c77ae63e0 DEOPT PACKING pc=0x0000019c102ed2e0 sp=0x0000006a6fdfe290
Event: 2.723 Thread 0x0000019c77ae63e0 DEOPT UNPACKING pc=0x0000019c0fe21502 sp=0x0000006a6fdfe1e8 mode 2
Event: 2.723 Thread 0x0000019c77ae63e0 Uncommon trap: trap_request=0xffffff4d fr.pc=0x0000019c102ecfc4 relative=0x0000000000000044
Event: 2.723 Thread 0x0000019c77ae63e0 Uncommon trap: reason=unstable_if action=reinterpret pc=0x0000019c102ecfc4 method=jdk.internal.misc.Unsafe.convEndian(ZI)I @ 4 c2
Event: 2.723 Thread 0x0000019c77ae63e0 DEOPT PACKING pc=0x0000019c102ecfc4 sp=0x0000006a6fdfe200
Event: 2.723 Thread 0x0000019c77ae63e0 DEOPT UNPACKING pc=0x0000019c0fe21502 sp=0x0000006a6fdfe198 mode 2

Classes loaded (20 events):
Event: 3.063 Loading class java/lang/NumberFormatException
Event: 3.063 Loading class java/lang/NumberFormatException done
Event: 3.080 Loading class javax/management/openmbean/CompositeDataSupport
Event: 3.081 Loading class javax/management/openmbean/CompositeDataSupport done
Event: 3.081 Loading class javax/management/openmbean/OpenDataException
Event: 3.081 Loading class javax/management/openmbean/OpenDataException done
Event: 3.086 Loading class java/io/ObjectStreamException
Event: 3.086 Loading class java/io/ObjectStreamException done
Event: 3.158 Loading class sun/awt/image/BufImgSurfaceData
Event: 3.159 Loading class sun/awt/image/BufImgSurfaceData done
Event: 3.159 Loading class sun/awt/image/BufImgSurfaceData$ICMColorData
Event: 3.159 Loading class sun/awt/image/BufImgSurfaceData$ICMColorData done
Event: 3.159 Loading class sun/java2d/loops/RenderLoops
Event: 3.159 Loading class sun/java2d/loops/RenderLoops done
Event: 3.159 Loading class sun/java2d/loops/GraphicsPrimitiveMgr$PrimitiveSpec
Event: 3.159 Loading class sun/java2d/loops/GraphicsPrimitiveMgr$PrimitiveSpec done
Event: 3.164 Loading class sun/java2d/loops/DrawGlyphListColor
Event: 3.164 Loading class sun/java2d/loops/DrawGlyphListColor done
Event: 3.164 Loading class sun/java2d/loops/DrawGlyphListColor$General
Event: 3.164 Loading class sun/java2d/loops/DrawGlyphListColor$General done

Classes unloaded (0 events):
No events

Classes redefined (0 events):
No events

Internal exceptions (20 events):
Event: 1.961 Thread 0x0000019c77ae63e0 Exception <a 'java/lang/NoSuchMethodError'{0x0000000090f484c8}: 'java.lang.Object java.lang.invoke.DirectMethodHandle$Holder.invokeStatic(java.lang.Object, int, java.lang.Object)'> (0x0000000090f484c8) 
thrown [s\open\src\hotspot\share\interpreter\linkResolver.cpp, line 805]
Event: 2.051 Thread 0x0000019c77ae63e0 Exception <a 'java/lang/ClassNotFoundException'{0x0000000090d77f20}: com/sun/swing/internal/plaf/metal/resources/spi/metalProvider> (0x0000000090d77f20) 
thrown [s\open\src\hotspot\share\classfile\systemDictionary.cpp, line 327]
Event: 2.054 Thread 0x0000019c77ae63e0 Exception <a 'java/lang/ClassNotFoundException'{0x0000000090d7b920}: com/sun/swing/internal/plaf/basic/resources/spi/basicProvider> (0x0000000090d7b920) 
thrown [s\open\src\hotspot\share\classfile\systemDictionary.cpp, line 327]
Event: 2.086 Thread 0x0000019c77ae63e0 Exception <a 'java/lang/NoSuchMethodError'{0x0000000090da4d28}: 'int java.lang.invoke.Invokers$Holder.invokeExact_MT(java.lang.Object, java.lang.Object)'> (0x0000000090da4d28) 
thrown [s\open\src\hotspot\share\interpreter\linkResolver.cpp, line 805]
Event: 2.116 Thread 0x0000019c5d6a6ce0 Implicit null exception at 0x0000019c102ec094 to 0x0000019c102ec638
Event: 2.116 Thread 0x0000019c5d6a6ce0 Implicit null exception at 0x0000019c102eb410 to 0x0000019c102eb9ac
Event: 2.503 Thread 0x0000019c5d7990b0 Exception <a 'java/lang/NoSuchMethodError'{0x0000000091cdd670}: 'void java.lang.invoke.DirectMethodHandle$Holder.invokeVirtual(java.lang.Object, java.lang.Object)'> (0x0000000091cdd670) 
thrown [s\open\src\hotspot\share\interpreter\linkResolver.cpp, line 805]
Event: 2.554 Thread 0x0000019c77ae63e0 Exception <a 'java/lang/NoSuchMethodError'{0x0000000091b574a0}: 'long java.lang.invoke.DirectMethodHandle$Holder.invokeStaticInit(java.lang.Object, long, long, long, long)'> (0x0000000091b574a0) 
thrown [s\open\src\hotspot\share\interpreter\linkResolver.cpp, line 805]
Event: 2.555 Thread 0x0000019c77ae63e0 Exception <a 'java/lang/NoSuchMethodError'{0x0000000091b5fea8}: 'java.lang.Object java.lang.invoke.DirectMethodHandle$Holder.invokeInterface(java.lang.Object, java.lang.Object, long, long)'> (0x0000000091b5fea8) 
thrown [s\open\src\hotspot\share\interpreter\linkResolver.cpp, line 805]
Event: 2.558 Thread 0x0000019c77ae63e0 Exception <a 'java/lang/NoSuchMethodError'{0x0000000091b793a0}: 'void java.lang.invoke.DirectMethodHandle$Holder.invokeStaticInit(java.lang.Object, java.lang.Object, long, java.lang.Object)'> (0x0000000091b793a0) 
thrown [s\open\src\hotspot\share\interpreter\linkResolver.cpp, line 805]
Event: 2.559 Thread 0x0000019c77ae63e0 Exception <a 'java/lang/NoSuchMethodError'{0x0000000091b81b10}: 'long java.lang.invoke.DirectMethodHandle$Holder.invokeStatic(java.lang.Object, long, long)'> (0x0000000091b81b10) 
thrown [s\open\src\hotspot\share\interpreter\linkResolver.cpp, line 805]
Event: 2.566 Thread 0x0000019c77ae63e0 Exception <a 'java/lang/NoSuchMethodError'{0x0000000091baa518}: 'java.lang.Object java.lang.invoke.DirectMethodHandle$Holder.newInvokeSpecial(java.lang.Object, int, java.lang.Object)'> (0x0000000091baa518) 
thrown [s\open\src\hotspot\share\interpreter\linkResolver.cpp, line 805]
Event: 2.571 Thread 0x0000019c77ae63e0 Exception <a 'java/lang/NoSuchMethodError'{0x0000000091bc4d48}: 'void java.lang.invoke.DelegatingMethodHandle$Holder.reinvoke_L(java.lang.Object, java.lang.Object, java.lang.Object, java.lang.Object, long, long, int)'> (0x0000000091bc4d48) 
thrown [s\open\src\hotspot\share\interpreter\linkResolver.cpp, line 805]
Event: 2.575 Thread 0x0000019c77ae63e0 Exception <a 'java/lang/NoSuchMethodError'{0x0000000091be49e8}: 'java.lang.Object java.lang.invoke.DirectMethodHandle$Holder.invokeStatic(java.lang.Object, java.lang.Object, java.lang.Object, java.lang.Object, java.lang.Object, long)'> (0x0000000091be49e8) 
thrown [s\open\src\hotspot\share\interpreter\linkResolver.cpp, line 805]
Event: 2.581 Thread 0x0000019c77ae63e0 Exception <a 'java/lang/NoSuchMethodError'{0x0000000091a092c8}: 'void java.lang.invoke.DelegatingMethodHandle$Holder.reinvoke_L(java.lang.Object, java.lang.Object, java.lang.Object, java.lang.Object, long, long, long)'> (0x0000000091a092c8) 
thrown [s\open\src\hotspot\share\interpreter\linkResolver.cpp, line 805]
Event: 2.590 Thread 0x0000019c77ae63e0 Exception <a 'java/lang/NoSuchMethodError'{0x0000000091a228e8}: 'void java.lang.invoke.DirectMethodHandle$Holder.invokeStaticInit(java.lang.Object)'> (0x0000000091a228e8) 
thrown [s\open\src\hotspot\share\interpreter\linkResolver.cpp, line 805]
Event: 2.713 Thread 0x0000019c77ae63e0 Exception <a 'java/lang/NoSuchMethodError'{0x0000000091acc140}: 'void java.lang.invoke.DelegatingMethodHandle$Holder.reinvoke_L(java.lang.Object, java.lang.Object, java.lang.Object, java.lang.Object, long, long, float)'> (0x0000000091acc140) 
thrown [s\open\src\hotspot\share\interpreter\linkResolver.cpp, line 805]
Event: 2.720 Thread 0x0000019c77ae63e0 Exception <a 'java/lang/NoSuchMethodError'{0x0000000091916e18}: 'float java.lang.invoke.DelegatingMethodHandle$Holder.reinvoke_L(java.lang.Object, java.lang.Object, java.lang.Object, java.lang.Object, long, long)'> (0x0000000091916e18) 
thrown [s\open\src\hotspot\share\interpreter\linkResolver.cpp, line 805]
Event: 3.077 Thread 0x0000019c17b5bf90 Exception <a 'java/lang/NoSuchMethodError'{0x000000009199a738}: 'long java.lang.invoke.DirectMethodHandle$Holder.invokeVirtual(java.lang.Object, java.lang.Object)'> (0x000000009199a738) 
thrown [s\open\src\hotspot\share\interpreter\linkResolver.cpp, line 805]
Event: 3.078 Thread 0x0000019c17b5bf90 Exception <a 'java/lang/NoSuchMethodError'{0x00000000919aa9e8}: 'long java.lang.invoke.DelegatingMethodHandle$Holder.reinvoke_L(java.lang.Object, java.lang.Object)'> (0x00000000919aa9e8) 
thrown [s\open\src\hotspot\share\interpreter\linkResolver.cpp, line 805]

VM Operations (20 events):
Event: 0.193 Executing VM operation: HandshakeAllThreads (Deoptimize)
Event: 0.193 Executing VM operation: HandshakeAllThreads (Deoptimize) done
Event: 0.577 Executing VM operation: HandshakeAllThreads (Deoptimize)
Event: 0.584 Executing VM operation: HandshakeAllThreads (Deoptimize) done
Event: 1.289 Executing VM operation: HandshakeAllThreads (Deoptimize)
Event: 1.299 Executing VM operation: HandshakeAllThreads (Deoptimize) done
Event: 1.450 Executing VM operation: HandshakeAllThreads (Deoptimize)
Event: 1.450 Executing VM operation: HandshakeAllThreads (Deoptimize) done
Event: 1.678 Executing VM operation: HandshakeAllThreads (Deoptimize)
Event: 1.678 Executing VM operation: HandshakeAllThreads (Deoptimize) done
Event: 2.176 Executing VM operation: HandshakeAllThreads (Deoptimize)
Event: 2.176 Executing VM operation: HandshakeAllThreads (Deoptimize) done
Event: 2.358 Executing VM operation: G1CollectForAllocation (G1 Evacuation Pause)
Event: 2.370 Executing VM operation: G1CollectForAllocation (G1 Evacuation Pause) done
Event: 2.475 Executing VM operation: HandshakeAllThreads (Deoptimize)
Event: 2.476 Executing VM operation: HandshakeAllThreads (Deoptimize) done
Event: 2.564 Executing VM operation: HandshakeAllThreads (Deoptimize)
Event: 2.564 Executing VM operation: HandshakeAllThreads (Deoptimize) done
Event: 2.682 Executing VM operation: HandshakeAllThreads (Deoptimize)
Event: 2.682 Executing VM operation: HandshakeAllThreads (Deoptimize) done

Memory protections (0 events):
No events

Nmethod flushes (0 events):
No events

Events (20 events):
Event: 0.633 Thread 0x0000019c7eae7a00 Thread added: 0x0000019c179bca50
Event: 1.137 Thread 0x0000019c179bca50 Thread exited: 0x0000019c179bca50
Event: 1.159 Thread 0x0000019c7eae7a00 Thread added: 0x0000019c17b5bf90
Event: 1.449 Thread 0x0000019c77ae63e0 Thread added: 0x0000019c5d78dc80
Event: 1.451 Thread 0x0000019c77ae63e0 Thread added: 0x0000019c5d791e90
Event: 1.452 Thread 0x0000019c77ae63e0 Thread added: 0x0000019c5d7990b0
Event: 1.467 Thread 0x0000019c7eadec40 Thread added: 0x0000019c5d7a6b60
Event: 1.574 Thread 0x0000019c17b5bf90 Thread exited: 0x0000019c17b5bf90
Event: 1.575 Thread 0x0000019c5d7a6b60 Thread added: 0x0000019c17b5bf90
Event: 1.656 Thread 0x0000019c17b5bf90 Thread added: 0x0000019c5d6ae2f0
Event: 1.675 Thread 0x0000019c17b5bf90 Thread added: 0x0000019c5d6a5e40
Event: 2.108 Thread 0x0000019c77ae63e0 Thread added: 0x0000019c5d6a6ce0
Event: 2.288 Thread 0x0000019c77ae63e0 Thread added: 0x0000019c5d6a8a20
Event: 2.469 Thread 0x0000019c7eae7a00 Thread added: 0x0000019c5dd07270
Event: 2.472 Thread 0x0000019c77ae63e0 Thread added: 0x0000019c5d6a7430
Event: 2.499 Thread 0x0000019c5d6a7430 Thread added: 0x0000019c5d6a7b80
Event: 2.941 Thread 0x0000019c5dd07270 Thread exited: 0x0000019c5dd07270
Event: 2.943 Thread 0x0000019c5d6a7b80 Thread added: 0x0000019c5d6a9170
Event: 2.971 Thread 0x0000019c77ae63e0 Thread exited: 0x0000019c77ae63e0
Event: 2.971 Thread 0x0000019c5e34ca70 Thread added: 0x0000019c5e34ca70


Dynamic libraries:
0x00007ff635210000 - 0x00007ff635220000 	C:\Program Files\Java\jdk-24\bin\java.exe
0x00007ffeef080000 - 0x00007ffeef2e8000 	C:\WINDOWS\SYSTEM32\ntdll.dll
0x00007ffeed400000 - 0x00007ffeed4c9000 	C:\WINDOWS\System32\KERNEL32.DLL
0x00007ffeec820000 - 0x00007ffeecc12000 	C:\WINDOWS\System32\KERNELBASE.dll
0x00007ffeec6d0000 - 0x00007ffeec81b000 	C:\WINDOWS\System32\ucrtbase.dll
0x00007ffee0840000 - 0x00007ffee085b000 	C:\Program Files\Java\jdk-24\bin\VCRUNTIME140.dll
0x00007ffee05d0000 - 0x00007ffee05e6000 	C:\Program Files\Java\jdk-24\bin\jli.dll
0x00007ffeee800000 - 0x00007ffeee9c5000 	C:\WINDOWS\System32\USER32.dll
0x00007ffedb660000 - 0x00007ffedb8f3000 	C:\WINDOWS\WinSxS\amd64_microsoft.windows.common-controls_6595b64144ccf1df_6.0.26100.6899_none_3e0efeeae32e88c1\COMCTL32.dll
0x00007ffeece20000 - 0x00007ffeece47000 	C:\WINDOWS\System32\win32u.dll
0x00007ffeee120000 - 0x00007ffeee1c9000 	C:\WINDOWS\System32\msvcrt.dll
0x00007ffeed630000 - 0x00007ffeed65b000 	C:\WINDOWS\System32\GDI32.dll
0x00007ffeec420000 - 0x00007ffeec54d000 	C:\WINDOWS\System32\gdi32full.dll
0x00007ffeec210000 - 0x00007ffeec2b3000 	C:\WINDOWS\System32\msvcp_win.dll
0x00007ffeed3a0000 - 0x00007ffeed3cf000 	C:\WINDOWS\System32\IMM32.DLL
0x00007ffee90b0000 - 0x00007ffee90bc000 	C:\Program Files\Java\jdk-24\bin\vcruntime140_1.dll
0x00007ffedfd40000 - 0x00007ffedfdce000 	C:\Program Files\Java\jdk-24\bin\msvcp140.dll
0x00007ffe93860000 - 0x00007ffe94601000 	C:\Program Files\Java\jdk-24\bin\server\jvm.dll
0x00007ffeed4f0000 - 0x00007ffeed5a4000 	C:\WINDOWS\System32\ADVAPI32.dll
0x00007ffeeeba0000 - 0x00007ffeeec46000 	C:\WINDOWS\System32\sechost.dll
0x00007ffeed6e0000 - 0x00007ffeed7f8000 	C:\WINDOWS\System32\RPCRT4.dll
0x00007ffeed5b0000 - 0x00007ffeed624000 	C:\WINDOWS\System32\WS2_32.dll
0x00007ffeebed0000 - 0x00007ffeebf2e000 	C:\WINDOWS\SYSTEM32\POWRPROF.dll
0x00007ffee64b0000 - 0x00007ffee64e5000 	C:\WINDOWS\SYSTEM32\WINMM.dll
0x00007ffee64f0000 - 0x00007ffee64fb000 	C:\WINDOWS\SYSTEM32\VERSION.dll
0x00007ffeebeb0000 - 0x00007ffeebec4000 	C:\WINDOWS\SYSTEM32\UMPDC.dll
0x00007ffeeafe0000 - 0x00007ffeeaffb000 	C:\WINDOWS\SYSTEM32\kernel.appcore.dll
0x00007ffee9040000 - 0x00007ffee904a000 	C:\Program Files\Java\jdk-24\bin\jimage.dll
0x00007ffedcad0000 - 0x00007ffedcd12000 	C:\WINDOWS\SYSTEM32\DBGHELP.DLL
0x00007ffeece50000 - 0x00007ffeed1cb000 	C:\WINDOWS\System32\combase.dll
0x00007ffeed800000 - 0x00007ffeed8d7000 	C:\WINDOWS\System32\OLEAUT32.dll
0x00007ffed0480000 - 0x00007ffed04bc000 	C:\WINDOWS\SYSTEM32\dbgcore.DLL
0x00007ffeec2c0000 - 0x00007ffeec358000 	C:\WINDOWS\System32\bcryptPrimitives.dll
0x00007ffee71b0000 - 0x00007ffee71bf000 	C:\Program Files\Java\jdk-24\bin\instrument.dll
0x00007ffedff00000 - 0x00007ffedff1e000 	C:\Program Files\Java\jdk-24\bin\java.dll
0x00007ffeee660000 - 0x00007ffeee7f8000 	C:\WINDOWS\System32\ole32.dll
0x00007ffeed970000 - 0x00007ffeee0bd000 	C:\WINDOWS\System32\SHELL32.dll
0x00007ffeeccb0000 - 0x00007ffeece1b000 	C:\WINDOWS\System32\wintypes.dll
0x00007ffee9e60000 - 0x00007ffeea6bd000 	C:\WINDOWS\SYSTEM32\windows.storage.dll
0x00007ffeeeaa0000 - 0x00007ffeeeb92000 	C:\WINDOWS\System32\SHCORE.dll
0x00007ffeed1d0000 - 0x00007ffeed232000 	C:\WINDOWS\System32\shlwapi.dll
0x00007ffeec130000 - 0x00007ffeec159000 	C:\WINDOWS\SYSTEM32\profapi.dll
0x00007ffed81c0000 - 0x00007ffed8297000 	C:\Program Files\Java\jdk-24\bin\jsvml.dll
0x00007ffedfee0000 - 0x00007ffedfef7000 	C:\Program Files\Java\jdk-24\bin\zip.dll
0x00007ffee70f0000 - 0x00007ffee7100000 	C:\Program Files\Java\jdk-24\bin\net.dll
0x00007ffeeb550000 - 0x00007ffeeb5bb000 	C:\WINDOWS\system32\mswsock.dll
0x00007ffedfec0000 - 0x00007ffedfed6000 	C:\Program Files\Java\jdk-24\bin\nio.dll
0x00007ffee0830000 - 0x00007ffee0839000 	C:\Program Files\Java\jdk-24\bin\extnet.dll
0x00007ffebca50000 - 0x00007ffebcbcf000 	C:\Program Files\Java\jdk-24\bin\awt.dll
0x00007ffee92f0000 - 0x00007ffee938f000 	C:\WINDOWS\SYSTEM32\apphelp.dll
0x00007ffeeaad0000 - 0x00007ffeeabf6000 	C:\WINDOWS\SYSTEM32\DNSAPI.dll
0x00007ffeeaa90000 - 0x00007ffeeaac4000 	C:\WINDOWS\SYSTEM32\IPHLPAPI.DLL
0x00007ffeeea90000 - 0x00007ffeeea9a000 	C:\WINDOWS\System32\NSI.dll
0x00007ffee07d0000 - 0x00007ffee07db000 	C:\Windows\System32\rasadhlp.dll
0x00007ffee2e10000 - 0x00007ffee2e96000 	C:\WINDOWS\System32\fwpuclnt.dll
0x00007ffee07e0000 - 0x00007ffee07ea000 	C:\Program Files\Java\jdk-24\bin\management.dll
0x00007ffee06a0000 - 0x00007ffee06ab000 	C:\Program Files\Java\jdk-24\bin\management_ext.dll
0x00007ffeed960000 - 0x00007ffeed968000 	C:\WINDOWS\System32\PSAPI.DLL
0x00007ffeeb800000 - 0x00007ffeeb81b000 	C:\WINDOWS\SYSTEM32\CRYPTSP.dll
0x00007ffeeaf40000 - 0x00007ffeeaf7b000 	C:\WINDOWS\system32\rsaenh.dll
0x00007ffeeb5f0000 - 0x00007ffeeb61b000 	C:\WINDOWS\SYSTEM32\USERENV.dll
0x00007ffeec100000 - 0x00007ffeec126000 	C:\WINDOWS\SYSTEM32\bcrypt.dll
0x00007ffeeb820000 - 0x00007ffeeb82c000 	C:\WINDOWS\SYSTEM32\CRYPTBASE.dll
0x00007ffee97c0000 - 0x00007ffee97ed000 	C:\WINDOWS\system32\DWMAPI.DLL
0x00007ffee94e0000 - 0x00007ffee958a000 	C:\WINDOWS\system32\uxtheme.dll
0x00007ffeb5450000 - 0x00007ffeb555c000 	C:\WINDOWS\system32\opengl32.dll
0x00007ffeb5700000 - 0x00007ffeb572d000 	C:\WINDOWS\SYSTEM32\GLU32.dll
0x00007ffee9750000 - 0x00007ffee9794000 	C:\WINDOWS\SYSTEM32\dxcore.dll
0x00007ffeb63f0000 - 0x00007ffeb6408000 	C:\WINDOWS\system32\napinsp.dll
0x00007ffeb63d0000 - 0x00007ffeb63e2000 	C:\WINDOWS\System32\winrnr.dll
0x00007ffe88210000 - 0x00007ffe88238000 	C:\WINDOWS\system32\nlansp_c.dll
0x00007ffee1e30000 - 0x00007ffee1e46000 	C:\WINDOWS\system32\wshbth.dll
0x00007ffeed240000 - 0x00007ffeed39b000 	C:\WINDOWS\System32\MSCTF.dll
0x00007ffeb5970000 - 0x00007ffeb5b20000 	C:\WINDOWS\system32\d3d9.dll
0x00007ffee6500000 - 0x00007ffee66bb000 	C:\Windows\System32\DriverStore\FileRepository\u0387389.inf_amd64_995be970e30b8c79\B385477\aticfx64.dll
0x00007ffedfbc0000 - 0x00007ffedfbf4000 	C:\Windows\System32\DriverStore\FileRepository\u0387389.inf_amd64_995be970e30b8c79\B385477\atiu9p64.dll
0x00007ffe92840000 - 0x00007ffe93595000 	C:\Windows\System32\DriverStore\FileRepository\u0387389.inf_amd64_995be970e30b8c79\B385477\atiumd64.dll
0x0000000066fd0000 - 0x0000000067ef7000 	C:\WINDOWS\System32\DriverStore\FileRepository\u0387389.inf_amd64_995be970e30b8c79\B385477\atiumd6a.dll
0x00007ffeee1d0000 - 0x00007ffeee658000 	C:\WINDOWS\System32\SETUPAPI.dll
0x00007ffee4280000 - 0x00007ffee42b5000 	C:\WINDOWS\SYSTEM32\amdihk64.dll
0x00007ffee6e20000 - 0x00007ffee6e83000 	C:\WINDOWS\SYSTEM32\directxdatabasehelper.dll
0x00007ffecebe0000 - 0x00007ffecec36000 	C:\WINDOWS\SYSTEM32\pdh.dll
0x00007ffed7f10000 - 0x00007ffed7f97000 	C:\Program Files\Java\jdk-24\bin\freetype.dll
0x00007ffecf7d0000 - 0x00007ffecf8b7000 	C:\Program Files\Java\jdk-24\bin\fontmanager.dll
0x00007ffedbfa0000 - 0x00007ffedc0ea000 	C:\WINDOWS\SYSTEM32\textinputframework.dll

JVMTI agents:
C:\Program Files\JetBrains\IntelliJ IDEA 2025.2.2\lib\idea_rt.jar path:C:\Program Files\Java\jdk-24\bin\instrument.dll, loaded, initialized, instrumentlib options:61245

dbghelp: loaded successfully - version: 4.0.5 - missing functions: none
symbol engine: initialized successfully - sym options: 0x614 - pdb path: .;C:\Program Files\Java\jdk-24\bin;C:\WINDOWS\SYSTEM32;C:\WINDOWS\WinSxS\amd64_microsoft.windows.common-controls_6595b64144ccf1df_6.0.26100.6899_none_3e0efeeae32e88c1;C:\Program Files\Java\jdk-24\bin\server;C:\Windows\System32\DriverStore\FileRepository\u0387389.inf_amd64_995be970e30b8c79\B385477

VM Arguments:
jvm_args: -javaagent:C:\Program Files\JetBrains\IntelliJ IDEA 2025.2.2\lib\idea_rt.jar=61245 -Dfile.encoding=UTF-8 -Dsun.stdout.encoding=UTF-8 -Dsun.stderr.encoding=UTF-8 
java_command: App
java_class_path (initial): C:\Users\Desa Pangauban\IdeaProjects\FlappyBird\out\production\FlappyBird
Launcher Type: SUN_STANDARD

[Global flags]
     intx CICompilerCount                          = 3                                         {product} {ergonomic}
     uint ConcGCThreads                            = 1                                         {product} {ergonomic}
     uint G1ConcRefinementThreads                  = 4                                         {product} {ergonomic}
   size_t G1HeapRegionSize                         = 1048576                                   {product} {ergonomic}
   size_t InitialHeapSize                          = 123731968                                 {product} {ergonomic}
   size_t MarkStackSize                            = 4194304                                   {product} {ergonomic}
   size_t MarkStackSizeMax                         = 536870912                                 {product} {ergonomic}
   size_t MaxHeapSize                              = 1967128576                                {product} {ergonomic}
   size_t MaxNewSize                               = 1179648000                                {product} {ergonomic}
   size_t MinHeapDeltaBytes                        = 1048576                                   {product} {ergonomic}
   size_t MinHeapSize                              = 8388608                                   {product} {ergonomic}
    uintx NonNMethodCodeHeapSize                   = 5832704                                {pd product} {ergonomic}
    uintx NonProfiledCodeHeapSize                  = 122945536                              {pd product} {ergonomic}
    uintx ProfiledCodeHeapSize                     = 122880000                              {pd product} {ergonomic}
    uintx ReservedCodeCacheSize                    = 251658240                              {pd product} {ergonomic}
     bool SegmentedCodeCache                       = true                                      {product} {ergonomic}
   size_t SoftMaxHeapSize                          = 1967128576                             {manageable} {ergonomic}
     bool UseCompressedOops                        = true                           {product lp64_product} {ergonomic}
     bool UseG1GC                                  = true                                      {product} {ergonomic}
     bool UseLargePagesIndividualAllocation        = false                                  {pd product} {ergonomic}

Logging:
Log output configuration:
 #0: stdout all=warning uptime,level,tags foldmultilines=false
 #1: stderr all=off uptime,level,tags foldmultilines=false

Environment Variables:
PATH=C:\Program Files\Common Files\Oracle\Java\javapath;C:\WINDOWS\system32;C:\WINDOWS;C:\WINDOWS\System32\Wbem;C:\WINDOWS\System32\WindowsPowerShell\v1.0\;C:\WINDOWS\System32\OpenSSH\;C:\mingw64\bin;C:\Program Files\mosquitto;C:\Users\Desa Pangauban\Downloads\xampp\mysql\bin;C:\Users\Desa Pangauban\Downloads\xampp\php;C:\ProgramData\ComposerSetup\bin;C:\Program Files\nodejs\;C:\Program Files\Git\cmd;C:\Users\Desa Pangauban\AppData\Local\Programs\Python\Python313\Scripts\;C:\Users\Desa Pangauban\AppData\Local\Programs\Python\Python313\;C:\Users\Desa Pangauban\AppData\Local\Programs\Python\Launcher\;C:\Users\Desa Pangauban\AppData\Local\Microsoft\WindowsApps;C:\Users\Desa Pangauban\AppData\Local\Programs\Microsoft VS Code\bin;C:\Users\Desa Pangauban\Downloads\xampp\mysql\bin;C:\Users\Desa Pangauban\Downloads\xampp\php;C:\Users\Desa Pangauban\Documents\SEMESTER 2\XAMP\php;C:\Users\Desa Pangauban\Documents\SEMESTER 2\XAMP\mysql\bin;C:\xampp\php;C:\Users\Desa Pangauban\AppData\Roaming\Composer\vendor\bin;C:\Users\Desa Pangauban\AppData\Roaming\npm;C:\Program Files\JetBrains\IntelliJ IDEA 2025.2.2\bin
USERNAME=Desa Pangauban
OS=Windows_NT
PROCESSOR_IDENTIFIER=AMD64 Family 23 Model 104 Stepping 1, AuthenticAMD
TMP=C:\Users\DESAPA~1\AppData\Local\Temp
TEMP=C:\Users\DESAPA~1\AppData\Local\Temp




Periodic native trim disabled

---------------  S Y S T E M  ---------------

OS:
 Windows 11 , 64 bit Build 26100 (10.0.26100.6725)
OS uptime: 0 days 1:03 hours
Hyper-V role detected

CPU: total 4 (initial active 4) (8 cores per cpu, 2 threads per core) family 23 model 104 stepping 1 microcode 0x8608104, cx8, cmov, fxsr, ht, mmx, 3dnowpref, sse, sse2, sse3, ssse3, sse4a, sse4.1, sse4.2, popcnt, lzcnt, tsc, tscinvbit, avx, avx2, aes, clmul, bmi1, bmi2, adx, sha, fma, vzeroupper, clflush, clflushopt, hv, rdtscp, rdpid, f16c
Processor Information for the first 4 processors :
  Max Mhz: 2600, Current Mhz: 1896, Mhz Limit: 2600

Memory: 4k page, system-wide physical 7502M (922M free)
TotalPageFile size 9550M (AvailPageFile size 4M)
current process WorkingSet (physical memory assigned to process): 135M, peak: 135M
current process commit charge ("private bytes"): 246M, peak: 246M

vm_info: Java HotSpot(TM) 64-Bit Server VM (24.0.2+12-54) for windows-amd64 JRE (24.0.2+12-54), built on 2025-07-08T12:10:27Z with MS VC++ 17.6 (VS2022)

END.
